#
# A fatal error has been detected by the Java Runtime Environment:
#
#  SIGSEGV (0xb) at pc=0x00007ff81527871d, pid=25931, tid=259
#
# JRE version: Java(TM) SE Runtime Environment (8.0_65-b17) (build 1.8.0_65-b17)
# Java VM: Java HotSpot(TM) 64-Bit Server VM (25.65-b01 mixed mode bsd-amd64 compressed oops)
# Problematic frame:
# C  [libobjc.A.dylib+0x671d]  objc_msgSend+0x1d
#
# Failed to write core dump. Core dumps have been disabled. To enable core dumping, try "ulimit -c unlimited" before starting Java again
#
# If you would like to submit a bug report, please visit:
#   http://bugreport.java.com/bugreport/crash.jsp
# The crash happened outside the Java Virtual Machine in native code.
# See problematic frame for where to report the bug.
#

---------------  T H R E A D  ---------------

Current thread (0x00007fba17987000):  JavaThread "AWT-AppKit" daemon [_thread_in_native, id=259, stack(0x00000003083c9000,0x0000000308bc9000)]

siginfo: si_signo: 11 (SIGSEGV), si_code: 1 (SEGV_MAPERR), si_addr: 0x00007705124005b8

Registers:
RAX=0x00006000024bb750, RBX=0x0000000159497450, RCX=0x0000000000000000, RDX=0x0000000000000001
RSP=0x0000000308bc40c8, RBP=0x0000000308bc4180, RSI=0x00007ff82fb28f8f, RDI=0x00006000007305a0
R8 =0x0000000000000000, R9 =0x0000000008000100, R10=0x00007705124005a0, R11=0x00007ff82fb28f8f
R12=0x0000000000000000, R13=0x000000015c766e90, R14=0x0000000159497440, R15=0x00007fba17987000
RIP=0x00007ff81527871d, EFLAGS=0x0000000000000247, ERR=0x0000000000000004
  TRAPNO=0x000000000000000e

Top of Stack: (sp=0x0000000308bc40c8)
0x0000000308bc40c8:   0000000159495157 0000000308bc4120
0x0000000308bc40d8:   0000000000000003 0000000308bc4100
0x0000000308bc40e8:   000000010bc5d9a6 000000015c766e90
0x0000000308bc40f8:   000000015c766e90 00006000024bb750
0x0000000308bc4108:   00000001594976a0 0000000159497710
0x0000000308bc4118:   00007ff8580b1928 00007ff856e4dbb0
0x0000000308bc4128:   0000000159497450 0000000159497690
0x0000000308bc4138:   00006000024bb750 00006000007305a0
0x0000000308bc4148:   00006000009e0b10 00006000024bb750
0x0000000308bc4158:   00006000007305a0 0000000308bc4208
0x0000000308bc4168:   00007fba179871f8 000000015c766e90
0x0000000308bc4178:   0000000308bc4230 0000000308bc41f8
0x0000000308bc4188:   000000010d8dc394 000000015c766e90
0x0000000308bc4198:   0000000308bc4230 0000000308bc41f8
0x0000000308bc41a8:   000000010d8dc127 000000010d8dc0e2
0x0000000308bc41b8:   0000000308bc41b8 000000015c766e90
0x0000000308bc41c8:   0000000308bc4230 000000015c769ac8
0x0000000308bc41d8:   0000000000000000 000000015c766e90
0x0000000308bc41e8:   0000000000000000 0000000308bc4218
0x0000000308bc41f8:   0000000308bc4278 000000010d8cec4d
0x0000000308bc4208:   000000079e9edc48 000000010d8d6578
0x0000000308bc4218:   00006000024bb750 0000000308bc4278
0x0000000308bc4228:   00006000007305a0 000000010d8d7d82
0x0000000308bc4238:   0000000308bc4238 000000015c76705a
0x0000000308bc4248:   0000000308bc42a0 000000015c769ac8
0x0000000308bc4258:   0000000000000000 000000015c767068
0x0000000308bc4268:   0000000308bc4218 0000000308bc4288
0x0000000308bc4278:   0000000308bc42e8 000000010d8cec4d
0x0000000308bc4288:   00006000024bb750 000000079eabd1a0
0x0000000308bc4298:   00006000007305a0 000000079eabd1a0
0x0000000308bc42a8:   0000000308bc42a8 000000015e1c5ea6
0x0000000308bc42b8:   0000000308bc42f8 000000015e1c5f60 

Instructions: (pc=0x00007ff81527871d)
0x00007ff8152786fd:   44 00 00 48 85 ff 2e 74 72 40 f6 c7 01 2e 75 76
0x00007ff81527870d:   49 ba f8 ff ff ff ff 7f 00 00 4c 23 17 49 89 f3
0x00007ff81527871d:   45 23 5a 18 49 c1 e3 04 4d 03 5a 10 49 3b 33 75
0x00007ff81527872d:   0a 4d 8b 5b 08 4d 31 d3 41 ff e3 49 83 3b 01 76 

Register to memory mapping:

RAX=0x00006000024bb750 is an unknown value
RBX=0x0000000159497450: <offset 0x7450> in /private/var/folders/cv/bgpfnx5j4tv764jr13v1s2000000gn/T/jogamp_0000/file_cache/jln8240769481780765655/jln5196188093457068945/libnativewindow_macosx.jnilib at 0x0000000159490000
RCX=0x0000000000000000 is an unknown value
RDX=0x0000000000000001 is an unknown value
RSP=0x0000000308bc40c8 is pointing into the stack for thread: 0x00007fba17987000
RBP=0x0000000308bc4180 is pointing into the stack for thread: 0x00007fba17987000
RSI=0x00007ff82fb28f8f: <offset 0x1a8b6f8f> in /usr/lib/libobjc.A.dylib at 0x00007ff815272000
RDI=0x00006000007305a0 is an unknown value
R8 =0x0000000000000000 is an unknown value
R9 =0x0000000008000100 is an unknown value
R10=0x00007705124005a0 is an unknown value
R11=0x00007ff82fb28f8f: <offset 0x1a8b6f8f> in /usr/lib/libobjc.A.dylib at 0x00007ff815272000
R12=0x0000000000000000 is an unknown value
R13={method} {0x000000015c766e90} 'UnsetJAWTRootSurfaceLayer0' '(JJ)V' in 'jogamp/nativewindow/jawt/macosx/MacOSXJAWTWindow'
R14=0x0000000159497440: <offset 0x7440> in /private/var/folders/cv/bgpfnx5j4tv764jr13v1s2000000gn/T/jogamp_0000/file_cache/jln8240769481780765655/jln5196188093457068945/libnativewindow_macosx.jnilib at 0x0000000159490000
R15=0x00007fba17987000 is a thread


Stack: [0x00000003083c9000,0x0000000308bc9000],  sp=0x0000000308bc40c8,  free space=8172k
Native frames: (J=compiled Java code, j=interpreted, Vv=VM code, C=native code)
C  [libobjc.A.dylib+0x671d]  objc_msgSend+0x1d
j  jogamp.nativewindow.jawt.macosx.MacOSXJAWTWindow.UnsetJAWTRootSurfaceLayer0(JJ)V+0
j  jogamp.nativewindow.jawt.macosx.MacOSXJAWTWindow.access$200(JJ)V+2
j  jogamp.nativewindow.jawt.macosx.MacOSXJAWTWindow$1.run()V+38
J 2035 C1 com.jogamp.common.util.RunnableTask.run()V (345 bytes) @ 0x000000010df514d4 [0x000000010df51340+0x194]
v  ~StubRoutines::call_stub
V  [libjvm.dylib+0x2eab02]
V  [libjvm.dylib+0x321bab]
V  [libjvm.dylib+0x31437f]
C  [libnativewindow_macosx.jnilib+0x5326]  Java_jogamp_nativewindow_jawt_macosx_MacOSXJAWTWindow_UnsetJAWTRootSurfaceLayer0+0x2b6
C  [Foundation+0x81857]  __NSThreadPerformPerform+0xb3
C  [CoreFoundation+0x7fbca]  __CFRUNLOOP_IS_CALLING_OUT_TO_A_SOURCE0_PERFORM_FUNCTION__+0x11
C  [CoreFoundation+0x7fb32]  __CFRunLoopDoSource0+0xb4
C  [CoreFoundation+0x7f912]  __CFRunLoopDoSources0+0x154
C  [CoreFoundation+0x7e2c0]  __CFRunLoopRun+0x37c
C  [CoreFoundation+0x7d884]  CFRunLoopRunSpecific+0x232
C  [HIToolbox+0x2fce6]  RunCurrentEventLoopInMode+0x124
C  [HIToolbox+0x2f913]  ReceiveNextEventCommon+0x11b
C  [HIToolbox+0x2f7e5]  _BlockUntilNextEventMatchingListInModeWithFilter+0x46
C  [AppKit+0x3e5cd]  _DPSNextEvent+0x39f
C  [AppKit+0x3cc8a]  -[NSApplication(NSEvent) _nextEventMatchingEventMask:untilDate:inMode:dequeue:]+0x572
C  [libosxapp.dylib+0x23aa]  -[NSApplicationAWT nextEventMatchingMask:untilDate:inMode:dequeue:]+0x7c
C  [AppKit+0x2f339]  -[NSApplication run]+0x24a
C  [libosxapp.dylib+0x214d]  +[NSApplicationAWT runAWTLoopWithApp:]+0x9c
C  [libawt_lwawt.dylib+0x44517]  -[AWTStarter starter:]+0x389
C  [Foundation+0x81857]  __NSThreadPerformPerform+0xb3
C  [CoreFoundation+0x7fbca]  __CFRUNLOOP_IS_CALLING_OUT_TO_A_SOURCE0_PERFORM_FUNCTION__+0x11
C  [CoreFoundation+0x7fb32]  __CFRunLoopDoSource0+0xb4
C  [CoreFoundation+0x7f8b0]  __CFRunLoopDoSources0+0xf2
C  [CoreFoundation+0x7e2c0]  __CFRunLoopRun+0x37c
C  [CoreFoundation+0x7d884]  CFRunLoopRunSpecific+0x232
C  [java+0x6463]  CreateExecutionEnvironment+0x367
C  [java+0x21ac]  JLI_Launch+0x7a0
C  [java+0x84c0]  main+0x65
C  [java+0x1a04]  start+0x34
C  0x0000000000000007

Java frames: (J=compiled Java code, j=interpreted, Vv=VM code)
j  jogamp.nativewindow.jawt.macosx.MacOSXJAWTWindow.UnsetJAWTRootSurfaceLayer0(JJ)V+0
j  jogamp.nativewindow.jawt.macosx.MacOSXJAWTWindow.access$200(JJ)V+2
j  jogamp.nativewindow.jawt.macosx.MacOSXJAWTWindow$1.run()V+38
J 2035 C1 com.jogamp.common.util.RunnableTask.run()V (345 bytes) @ 0x000000010df514d4 [0x000000010df51340+0x194]
v  ~StubRoutines::call_stub

---------------  P R O C E S S  ---------------

Java Threads: ( => current thread )
  0x00007fba15d44800 JavaThread "Thread-173" [_thread_blocked, id=95903, stack(0x000000030abdf000,0x000000030acdf000)]
  0x00007fba158e0800 JavaThread "Image Fetcher 3" daemon [_thread_blocked, id=93975, stack(0x000000030b472000,0x000000030b572000)]
  0x00007fba15c68800 JavaThread "Image Fetcher 2" daemon [_thread_blocked, id=93667, stack(0x000000030b36f000,0x000000030b46f000)]
  0x00007fba15c68000 JavaThread "Image Fetcher 1" daemon [_thread_blocked, id=92595, stack(0x000000030b26c000,0x000000030b36c000)]
  0x00007fba16b66000 JavaThread "Image Fetcher 0" daemon [_thread_blocked, id=93215, stack(0x000000030b169000,0x000000030b269000)]
  0x00007fba17e05000 JavaThread "Keep-Alive-Timer" daemon [_thread_blocked, id=94243, stack(0x000000030af63000,0x000000030b063000)]
  0x00007fba15a9f800 JavaThread "AWT-EventQueue-1" [_thread_in_native, id=66591, stack(0x000000030a9d1000,0x000000030aad1000)]
  0x00007fba168f7800 JavaThread "DestroyJavaVM" [_thread_blocked, id=9731, stack(0x0000000308c4d000,0x0000000308d4d000)]
  0x00007fba17a55000 JavaThread "AWT-EventQueue-0" [_thread_blocked, id=68615, stack(0x000000030a6c8000,0x000000030a7c8000)]
  0x00007fba15a41000 JavaThread "Java2D Disposer" daemon [_thread_blocked, id=75567, stack(0x000000030a5c5000,0x000000030a6c5000)]
  0x00007fba168ae800 JavaThread "Java2D Queue Flusher" daemon [_thread_blocked, id=46263, stack(0x000000030a4c2000,0x000000030a5c2000)]
  0x00007fba159d0000 JavaThread "AWT-Shutdown" [_thread_blocked, id=32775, stack(0x000000030a11b000,0x000000030a21b000)]
=>0x00007fba17987000 JavaThread "AWT-AppKit" daemon [_thread_in_native, id=259, stack(0x00000003083c9000,0x0000000308bc9000)]
  0x00007fba158d5000 JavaThread "Service Thread" daemon [_thread_blocked, id=42247, stack(0x0000000309e8e000,0x0000000309f8e000)]
  0x00007fba1680b800 JavaThread "C1 CompilerThread3" daemon [_thread_blocked, id=42755, stack(0x0000000309d8b000,0x0000000309e8b000)]
  0x00007fba1680a800 JavaThread "C2 CompilerThread2" daemon [_thread_blocked, id=22275, stack(0x0000000309c88000,0x0000000309d88000)]
  0x00007fba15870000 JavaThread "C2 CompilerThread1" daemon [_thread_blocked, id=43267, stack(0x0000000309b85000,0x0000000309c85000)]
  0x00007fba158a3000 JavaThread "C2 CompilerThread0" daemon [_thread_blocked, id=15875, stack(0x0000000309a82000,0x0000000309b82000)]
  0x00007fba15871800 JavaThread "Signal Dispatcher" daemon [_thread_blocked, id=16131, stack(0x000000030997f000,0x0000000309a7f000)]
  0x00007fba15867000 JavaThread "Finalizer" daemon [_thread_blocked, id=13579, stack(0x000000030976e000,0x000000030986e000)]
  0x00007fba15861000 JavaThread "Reference Handler" daemon [_thread_blocked, id=18459, stack(0x000000030966b000,0x000000030976b000)]

Other Threads:
  0x00007fba1585e000 VMThread [stack: 0x0000000309568000,0x0000000309668000] [id=13059]
  0x00007fba1780b800 WatcherThread [stack: 0x0000000309f91000,0x000000030a091000] [id=23047]

VM state:not at safepoint (normal execution)

VM Mutex/Monitor currently owned by a thread: None

Heap:
 PSYoungGen      total 146944K, used 123976K [0x0000000795580000, 0x000000079fc80000, 0x00000007c0000000)
  eden space 130560K, 82% used [0x0000000795580000,0x000000079bec1370,0x000000079d500000)
  from space 16384K, 98% used [0x000000079e780000,0x000000079f750f60,0x000000079f780000)
  to   space 18944K, 0% used [0x000000079d500000,0x000000079d500000,0x000000079e780000)
 ParOldGen       total 87552K, used 24379K [0x0000000740000000, 0x0000000745580000, 0x0000000795580000)
  object space 87552K, 27% used [0x0000000740000000,0x00000007417cef48,0x0000000745580000)
 Metaspace       used 19602K, capacity 19769K, committed 19968K, reserved 1067008K
  class space    used 1896K, capacity 1955K, committed 2048K, reserved 1048576K

Card table byte_map: [0x000000010aff1000,0x000000010b3f2000] byte_map_base: 0x00000001075f1000

Marking Bits: (ParMarkBitMap*) 0x000000010c34ae20
 Begin Bits: [0x000000011c8c7000, 0x000000011e8c7000)
 End Bits:   [0x000000011e8c7000, 0x00000001208c7000)

Polling page: 0x000000010ab1c000

CodeCache: size=245760Kb used=8380Kb max_used=8399Kb free=237379Kb
 bounds [0x000000010d8c7000, 0x000000010e107000, 0x000000011c8c7000]
 total_blobs=3227 nmethods=2351 adapters=790
 compilation: enabled

Compilation events (10 events):
Event: 21.466 Thread 0x00007fba1680b800 2485       1       java.awt.Component::getY (5 bytes)
Event: 21.466 Thread 0x00007fba1680b800 nmethod 2485 0x000000010e0fc810 code [0x000000010e0fc960, 0x000000010e0fca70]
Event: 21.527 Thread 0x00007fba158a3000 2486  s    4       sun.misc.URLClassPath::getNextLoader (88 bytes)
Event: 21.527 Thread 0x00007fba15870000 2487  s!   4       sun.misc.URLClassPath::getLoader (197 bytes)
Event: 21.535 Thread 0x00007fba15870000 nmethod 2487 0x000000010e0fbb10 code [0x000000010e0fbc80, 0x000000010e0fc458]
Event: 21.535 Thread 0x00007fba158a3000 nmethod 2486 0x000000010e0fd9d0 code [0x000000010e0fdb40, 0x000000010e0fe2b8]
Event: 21.540 Thread 0x00007fba1680b800 2488       3       sun.awt.SunToolkit::awtUnlock (7 bytes)
Event: 21.541 Thread 0x00007fba1680b800 nmethod 2488 0x000000010e1050d0 code [0x000000010e105240, 0x000000010e105528]
Event: 21.543 Thread 0x00007fba1680b800 2489       3       sun.java2d.pipe.RenderQueue::unlock (4 bytes)
Event: 21.543 Thread 0x00007fba1680b800 nmethod 2489 0x000000010e104a50 code [0x000000010e104be0, 0x000000010e104f48]

GC Heap History (10 events):
Event: 6.703 GC heap before
{Heap before GC invocations=2 (full 0):
 PSYoungGen      total 38400K, used 38283K [0x0000000795580000, 0x0000000798000000, 0x00000007c0000000)
  eden space 33280K, 100% used [0x0000000795580000,0x0000000797600000,0x0000000797600000)
  from space 5120K, 97% used [0x0000000797600000,0x0000000797ae2f88,0x0000000797b00000)
  to   space 5120K, 0% used [0x0000000797b00000,0x0000000797b00000,0x0000000798000000)
 ParOldGen       total 87552K, used 8K [0x0000000740000000, 0x0000000745580000, 0x0000000795580000)
  object space 87552K, 0% used [0x0000000740000000,0x0000000740002000,0x0000000745580000)
 Metaspace       used 18554K, capacity 18745K, committed 18944K, reserved 1067008K
  class space    used 1888K, capacity 1955K, committed 2048K, reserved 1048576K
Event: 6.719 GC heap after
Heap after GC invocations=2 (full 0):
 PSYoungGen      total 38400K, used 5107K [0x0000000795580000, 0x0000000798000000, 0x00000007c0000000)
  eden space 33280K, 0% used [0x0000000795580000,0x0000000795580000,0x0000000797600000)
  from space 5120K, 99% used [0x0000000797b00000,0x0000000797ffcce0,0x0000000798000000)
  to   space 5120K, 0% used [0x0000000797600000,0x0000000797600000,0x0000000797b00000)
 ParOldGen       total 87552K, used 7282K [0x0000000740000000, 0x0000000745580000, 0x0000000795580000)
  object space 87552K, 8% used [0x0000000740000000,0x000000074071cb08,0x0000000745580000)
 Metaspace       used 18554K, capacity 18745K, committed 18944K, reserved 1067008K
  class space    used 1888K, capacity 1955K, committed 2048K, reserved 1048576K
}
Event: 8.033 GC heap before
{Heap before GC invocations=3 (full 0):
 PSYoungGen      total 38400K, used 38387K [0x0000000795580000, 0x0000000798000000, 0x00000007c0000000)
  eden space 33280K, 100% used [0x0000000795580000,0x0000000797600000,0x0000000797600000)
  from space 5120K, 99% used [0x0000000797b00000,0x0000000797ffcce0,0x0000000798000000)
  to   space 5120K, 0% used [0x0000000797600000,0x0000000797600000,0x0000000797b00000)
 ParOldGen       total 87552K, used 7282K [0x0000000740000000, 0x0000000745580000, 0x0000000795580000)
  object space 87552K, 8% used [0x0000000740000000,0x000000074071cb08,0x0000000745580000)
 Metaspace       used 18837K, capacity 19065K, committed 19200K, reserved 1067008K
  class space    used 1888K, capacity 1955K, committed 2048K, reserved 1048576K
Event: 8.059 GC heap after
Heap after GC invocations=3 (full 0):
 PSYoungGen      total 38400K, used 5091K [0x0000000795580000, 0x000000079a080000, 0x00000007c0000000)
  eden space 33280K, 0% used [0x0000000795580000,0x0000000795580000,0x0000000797600000)
  from space 5120K, 99% used [0x0000000797600000,0x0000000797af8cb0,0x0000000797b00000)
  to   space 5120K, 0% used [0x0000000799b80000,0x0000000799b80000,0x000000079a080000)
 ParOldGen       total 87552K, used 11234K [0x0000000740000000, 0x0000000745580000, 0x0000000795580000)
  object space 87552K, 12% used [0x0000000740000000,0x0000000740af8bf8,0x0000000745580000)
 Metaspace       used 18837K, capacity 19065K, committed 19200K, reserved 1067008K
  class space    used 1888K, capacity 1955K, committed 2048K, reserved 1048576K
}
Event: 14.156 GC heap before
{Heap before GC invocations=4 (full 0):
 PSYoungGen      total 38400K, used 38371K [0x0000000795580000, 0x000000079a080000, 0x00000007c0000000)
  eden space 33280K, 100% used [0x0000000795580000,0x0000000797600000,0x0000000797600000)
  from space 5120K, 99% used [0x0000000797600000,0x0000000797af8cb0,0x0000000797b00000)
  to   space 5120K, 0% used [0x0000000799b80000,0x0000000799b80000,0x000000079a080000)
 ParOldGen       total 87552K, used 11234K [0x0000000740000000, 0x0000000745580000, 0x0000000795580000)
  object space 87552K, 12% used [0x0000000740000000,0x0000000740af8bf8,0x0000000745580000)
 Metaspace       used 19249K, capacity 19449K, committed 19712K, reserved 1067008K
  class space    used 1889K, capacity 1955K, committed 2048K, reserved 1048576K
Event: 14.177 GC heap after
Heap after GC invocations=4 (full 0):
 PSYoungGen      total 71680K, used 5112K [0x0000000795580000, 0x000000079a080000, 0x00000007c0000000)
  eden space 66560K, 0% used [0x0000000795580000,0x0000000795580000,0x0000000799680000)
  from space 5120K, 99% used [0x0000000799b80000,0x000000079a07e288,0x000000079a080000)
  to   space 5120K, 0% used [0x0000000799680000,0x0000000799680000,0x0000000799b80000)
 ParOldGen       total 87552K, used 13843K [0x0000000740000000, 0x0000000745580000, 0x0000000795580000)
  object space 87552K, 15% used [0x0000000740000000,0x0000000740d84c98,0x0000000745580000)
 Metaspace       used 19249K, capacity 19449K, committed 19712K, reserved 1067008K
  class space    used 1889K, capacity 1955K, committed 2048K, reserved 1048576K
}
Event: 15.222 GC heap before
{Heap before GC invocations=5 (full 0):
 PSYoungGen      total 71680K, used 71672K [0x0000000795580000, 0x000000079a080000, 0x00000007c0000000)
  eden space 66560K, 100% used [0x0000000795580000,0x0000000799680000,0x0000000799680000)
  from space 5120K, 99% used [0x0000000799b80000,0x000000079a07e288,0x000000079a080000)
  to   space 5120K, 0% used [0x0000000799680000,0x0000000799680000,0x0000000799b80000)
 ParOldGen       total 87552K, used 13843K [0x0000000740000000, 0x0000000745580000, 0x0000000795580000)
  object space 87552K, 15% used [0x0000000740000000,0x0000000740d84c98,0x0000000745580000)
 Metaspace       used 19316K, capacity 19513K, committed 19712K, reserved 1067008K
  class space    used 1889K, capacity 1955K, committed 2048K, reserved 1048576K
Event: 15.244 GC heap after
Heap after GC invocations=5 (full 0):
 PSYoungGen      total 71680K, used 5107K [0x0000000795580000, 0x000000079f780000, 0x00000007c0000000)
  eden space 66560K, 0% used [0x0000000795580000,0x0000000795580000,0x0000000799680000)
  from space 5120K, 99% used [0x0000000799680000,0x0000000799b7cca0,0x0000000799b80000)
  to   space 16384K, 0% used [0x000000079e780000,0x000000079e780000,0x000000079f780000)
 ParOldGen       total 87552K, used 24379K [0x0000000740000000, 0x0000000745580000, 0x0000000795580000)
  object space 87552K, 27% used [0x0000000740000000,0x00000007417cef48,0x0000000745580000)
 Metaspace       used 19316K, capacity 19513K, committed 19712K, reserved 1067008K
  class space    used 1889K, capacity 1955K, committed 2048K, reserved 1048576K
}
Event: 16.569 GC heap before
{Heap before GC invocations=6 (full 0):
 PSYoungGen      total 71680K, used 71505K [0x0000000795580000, 0x000000079f780000, 0x00000007c0000000)
  eden space 66560K, 99% used [0x0000000795580000,0x0000000799657900,0x0000000799680000)
  from space 5120K, 99% used [0x0000000799680000,0x0000000799b7cca0,0x0000000799b80000)
  to   space 16384K, 0% used [0x000000079e780000,0x000000079e780000,0x000000079f780000)
 ParOldGen       total 87552K, used 24379K [0x0000000740000000, 0x0000000745580000, 0x0000000795580000)
  object space 87552K, 27% used [0x0000000740000000,0x00000007417cef48,0x0000000745580000)
 Metaspace       used 19455K, capacity 19641K, committed 19968K, reserved 1067008K
  class space    used 1889K, capacity 1955K, committed 2048K, reserved 1048576K
Event: 16.598 GC heap after
Heap after GC invocations=6 (full 0):
 PSYoungGen      total 146944K, used 16195K [0x0000000795580000, 0x000000079fc80000, 0x00000007c0000000)
  eden space 130560K, 0% used [0x0000000795580000,0x0000000795580000,0x000000079d500000)
  from space 16384K, 98% used [0x000000079e780000,0x000000079f750f60,0x000000079f780000)
  to   space 18944K, 0% used [0x000000079d500000,0x000000079d500000,0x000000079e780000)
 ParOldGen       total 87552K, used 24379K [0x0000000740000000, 0x0000000745580000, 0x0000000795580000)
  object space 87552K, 27% used [0x0000000740000000,0x00000007417cef48,0x0000000745580000)
 Metaspace       used 19455K, capacity 19641K, committed 19968K, reserved 1067008K
  class space    used 1889K, capacity 1955K, committed 2048K, reserved 1048576K
}

Deoptimization events (10 events):
Event: 4.297 Thread 0x00007fba168b0000 Uncommon trap: reason=unstable_if action=reinterpret pc=0x000000010daaf0a8 method=java.lang.String.toLowerCase(Ljava/util/Locale;)Ljava/lang/String; @ 85
Event: 4.679 Thread 0x00007fba17ae0800 Uncommon trap: reason=unstable_if action=reinterpret pc=0x000000010db24a4c method=java.lang.String.indexOf([CII[CIII)I @ 3
Event: 4.680 Thread 0x00007fba17ae0800 Uncommon trap: reason=unstable_if action=reinterpret pc=0x000000010da9d140 method=java.lang.String.indexOf([CII[CIII)I @ 3
Event: 6.064 Thread 0x00007fba15a9f800 Uncommon trap: reason=unstable_if action=reinterpret pc=0x000000010da88418 method=java.lang.AbstractStringBuilder.append(Ljava/lang/String;)Ljava/lang/AbstractStringBuilder; @ 1
Event: 14.105 Thread 0x00007fba15a9f800 Uncommon trap: reason=unstable_if action=reinterpret pc=0x000000010dea1690 method=de.fhpotsdam.unfolding.mapdisplay.AbstractMapDisplay$ZoomComparator.compare(Lde/fhpotsdam/unfolding/core/Coordinate;Lde/fhpotsdam/unfolding/core/Coordinate;)I @ 25
Event: 14.253 Thread 0x00007fba15a9f800 Uncommon trap: reason=unstable_if action=reinterpret pc=0x000000010dd28240 method=de.fhpotsdam.unfolding.core.Coordinate.equals(Ljava/lang/Object;)Z @ 38
Event: 14.540 Thread 0x00007fba15a9f800 Uncommon trap: reason=unstable_if action=reinterpret pc=0x000000010dea9af0 method=processing.opengl.PGraphicsOpenGL$Tessellator.setLastTexIndex(II)V @ 15
Event: 15.303 Thread 0x00007fba15a9f800 Uncommon trap: reason=unstable_if action=reinterpret pc=0x000000010dcf2a1c method=java.text.DigitList.getDataChars(I)[C @ 13
Event: 21.469 Thread 0x00007fba15a9f800 Uncommon trap: reason=unstable_if action=reinterpret pc=0x000000010dc8bca8 method=com.jogamp.common.util.VersionNumber.compareTo(Lcom/jogamp/common/util/VersionNumber;)I @ 21
Event: 21.496 Thread 0x00007fba179fa000 Uncommon trap: reason=unstable_if action=reinterpret pc=0x000000010dfa8330 method=java.util.HashMap.putVal(ILjava/lang/Object;Ljava/lang/Object;ZZ)Ljava/lang/Object; @ 81

Internal exceptions (10 events):
Event: 0.372 Thread 0x00007fba1580e800 Exception <a 'java/lang/NoSuchFieldError': method resolution failed> (0x0000000795844300) thrown at [/Users/java_re/workspace/8-2-build-macosx-x86_64/jdk8u65/4987/hotspot/src/share/vm/prims/methodHandles.cpp, line 1146]
Event: 1.211 Thread 0x00007fba1580e800 Exception <a 'java/io/FileNotFoundException'> (0x00000007958c02b8) thrown at [/Users/java_re/workspace/8-2-build-macosx-x86_64/jdk8u65/4987/hotspot/src/share/vm/prims/jni.cpp, line 709]
Event: 1.211 Thread 0x00007fba1580e800 Exception <a 'java/io/FileNotFoundException'> (0x0000000795967660) thrown at [/Users/java_re/workspace/8-2-build-macosx-x86_64/jdk8u65/4987/hotspot/src/share/vm/prims/jni.cpp, line 709]
Event: 1.269 Thread 0x00007fba1580e800 Exception <a 'java/io/FileNotFoundException'> (0x00000007959b3950) thrown at [/Users/java_re/workspace/8-2-build-macosx-x86_64/jdk8u65/4987/hotspot/src/share/vm/prims/jni.cpp, line 709]
Event: 2.191 Thread 0x00007fba1580e800 Exception <a 'java/io/FileNotFoundException'> (0x00000007959f63b8) thrown at [/Users/java_re/workspace/8-2-build-macosx-x86_64/jdk8u65/4987/hotspot/src/share/vm/prims/jni.cpp, line 709]
Event: 4.714 Thread 0x00007fba17ae0800 Exception <a 'java/lang/UnsatisfiedLinkError': com.jogamp.common.util.JarUtil.fixNativeLibAttribs(Ljava/lang/String;)Z> (0x0000000796c4bd78) thrown at [/Users/java_re/workspace/8-2-build-macosx-x86_64/jdk8u65/4987/hotspot/src/share/vm/prims/nativeLookup.c
Event: 5.586 Thread 0x00007fba15867000 Exception <a 'java/lang/NullPointerException'> (0x000000079574a478) thrown at [/Users/java_re/workspace/8-2-build-macosx-x86_64/jdk8u65/4987/hotspot/src/share/vm/interpreter/linkResolver.cpp, line 1178]
Event: 6.063 Thread 0x00007fba15a9f800 Exception <a 'java/io/FileNotFoundException'> (0x0000000795f83748) thrown at [/Users/java_re/workspace/8-2-build-macosx-x86_64/jdk8u65/4987/hotspot/src/share/vm/prims/jni.cpp, line 709]
Event: 6.063 Thread 0x00007fba15a9f800 Exception <a 'java/io/FileNotFoundException'> (0x0000000795f8a680) thrown at [/Users/java_re/workspace/8-2-build-macosx-x86_64/jdk8u65/4987/hotspot/src/share/vm/prims/jni.cpp, line 709]
Event: 6.063 Thread 0x00007fba15a9f800 Implicit null exception at 0x000000010da880b5 to 0x000000010da88405

Events (10 events):
Event: 21.539 loading class java/awt/LightweightDispatcher$2 done
Event: 21.539 loading class java/awt/event/AWTEventListenerProxy
Event: 21.539 loading class java/awt/event/AWTEventListenerProxy done
Event: 21.539 loading class java/awt/Toolkit$ToolkitEventMulticaster
Event: 21.539 loading class java/awt/Toolkit$ToolkitEventMulticaster done
Event: 21.539 Executing VM operation: RevokeBias
Event: 21.539 Executing VM operation: RevokeBias done
Event: 21.540 Thread 0x00007fba179fa000 Thread exited: 0x00007fba179fa000
Event: 21.541 loading class java/awt/Window$1DisposeAction
Event: 21.541 loading class java/awt/Window$1DisposeAction done


Dynamic libraries:
0x00000000150c4000 	/System/Library/Frameworks/Cocoa.framework/Versions/A/Cocoa
0x00000000150c4000 	/System/Library/Frameworks/AppKit.framework/Versions/C/AppKit
0x00000000150c4000 	/System/Library/Frameworks/CoreData.framework/Versions/A/CoreData
0x00000000150c4000 	/System/Library/Frameworks/Foundation.framework/Versions/C/Foundation
0x00000000150c4000 	/usr/lib/libSystem.B.dylib
0x00000000150c4000 	/System/Library/PrivateFrameworks/UIFoundation.framework/Versions/A/UIFoundation
0x00000000150c4000 	/System/Library/PrivateFrameworks/RemoteViewServices.framework/Versions/A/RemoteViewServices
0x00000000150c4000 	/System/Library/PrivateFrameworks/XCTTargetBootstrap.framework/Versions/A/XCTTargetBootstrap
0x00000000150c4000 	/System/Library/PrivateFrameworks/InternationalSupport.framework/Versions/A/InternationalSupport
0x00000000150c4000 	/System/Library/PrivateFrameworks/UserActivity.framework/Versions/A/UserActivity
0x00000000150c4000 	/usr/lib/libspindump.dylib
0x00000000150c4000 	/System/Library/Frameworks/UniformTypeIdentifiers.framework/Versions/A/UniformTypeIdentifiers
0x00000000150c4000 	/usr/lib/libapp_launch_measurement.dylib
0x00000000150c4000 	/System/Library/PrivateFrameworks/CoreAnalytics.framework/Versions/A/CoreAnalytics
0x00000000150c4000 	/System/Library/PrivateFrameworks/CoreAutoLayout.framework/Versions/A/CoreAutoLayout
0x00000000150c4000 	/System/Library/Frameworks/Metal.framework/Versions/A/Metal
0x00000000150c4000 	/usr/lib/liblangid.dylib
0x00000000150c4000 	/System/Library/PrivateFrameworks/CoreSVG.framework/Versions/A/CoreSVG
0x00000000150c4000 	/System/Library/PrivateFrameworks/SkyLight.framework/Versions/A/SkyLight
0x00000000150c4000 	/System/Library/Frameworks/CoreGraphics.framework/Versions/A/CoreGraphics
0x00000000150c4000 	/System/Library/Frameworks/Accelerate.framework/Versions/A/Accelerate
0x00000000150c4000 	/System/Library/PrivateFrameworks/IconServices.framework/Versions/A/IconServices
0x00000000150c4000 	/System/Library/Frameworks/IOSurface.framework/Versions/A/IOSurface
0x00000000150c4000 	/usr/lib/libDiagnosticMessagesClient.dylib
0x00000000150c4000 	/usr/lib/libz.1.dylib
0x00000000150c4000 	/System/Library/Frameworks/ApplicationServices.framework/Versions/A/ApplicationServices
0x00000000150c4000 	/System/Library/PrivateFrameworks/DFRFoundation.framework/Versions/A/DFRFoundation
0x00000000150c4000 	/usr/lib/libicucore.A.dylib
0x00000000150c4000 	/System/Library/Frameworks/AudioToolbox.framework/Versions/A/AudioToolbox
0x00000000150c4000 	/System/Library/PrivateFrameworks/DataDetectorsCore.framework/Versions/A/DataDetectorsCore
0x00000000150c4000 	/System/Library/PrivateFrameworks/TextInput.framework/Versions/A/TextInput
0x00000000150c4000 	/usr/lib/libMobileGestalt.dylib
0x00000000150c4000 	/System/Library/Frameworks/Carbon.framework/Versions/A/Frameworks/HIToolbox.framework/Versions/A/HIToolbox
0x00000000150c4000 	/System/Library/Frameworks/QuartzCore.framework/Versions/A/QuartzCore
0x00000000150c4000 	/System/Library/Frameworks/Security.framework/Versions/A/Security
0x00000000150c4000 	/System/Library/Frameworks/Carbon.framework/Versions/A/Frameworks/SpeechRecognition.framework/Versions/A/SpeechRecognition
0x00000000150c4000 	/System/Library/PrivateFrameworks/CoreUI.framework/Versions/A/CoreUI
0x00000000150c4000 	/System/Library/Frameworks/CoreAudio.framework/Versions/A/CoreAudio
0x00000000150c4000 	/System/Library/Frameworks/DiskArbitration.framework/Versions/A/DiskArbitration
0x00000000150c4000 	/System/Library/PrivateFrameworks/MultitouchSupport.framework/Versions/A/MultitouchSupport
0x00000000150c4000 	/usr/lib/libenergytrace.dylib
0x00000000150c4000 	/System/Library/Frameworks/IOKit.framework/Versions/A/IOKit
0x00000000150c4000 	/System/Library/Frameworks/CoreServices.framework/Versions/A/CoreServices
0x00000000150c4000 	/System/Library/PrivateFrameworks/PerformanceAnalysis.framework/Versions/A/PerformanceAnalysis
0x00000000150c4000 	/System/Library/Frameworks/OpenGL.framework/Versions/A/OpenGL
0x00000000150c4000 	/System/Library/PrivateFrameworks/MobileKeyBag.framework/Versions/A/MobileKeyBag
0x00000000150c4000 	/usr/lib/libobjc.A.dylib
0x00000000150c4000 	/System/Library/Frameworks/ColorSync.framework/Versions/A/ColorSync
0x00000000150c4000 	/System/Library/Frameworks/CoreFoundation.framework/Versions/A/CoreFoundation
0x00000000150c4000 	/System/Library/Frameworks/CoreImage.framework/Versions/A/CoreImage
0x00000000150c4000 	/System/Library/Frameworks/CoreText.framework/Versions/A/CoreText
0x00000000150c4000 	/System/Library/Frameworks/ImageIO.framework/Versions/A/ImageIO
0x00000000150c4000 	/System/Library/PrivateFrameworks/SoftLinking.framework/Versions/A/SoftLinking
0x00000000150c4000 	/usr/lib/libxml2.2.dylib
0x00000000150c4000 	/usr/lib/libc++.1.dylib
0x00000000150c4000 	/usr/lib/libcompression.dylib
0x00000000150c4000 	/System/Library/PrivateFrameworks/TextureIO.framework/Versions/A/TextureIO
0x00000000150c4000 	/usr/lib/libate.dylib
0x00000000150c4000 	/usr/lib/system/libcache.dylib
0x00000000150c4000 	/usr/lib/system/libcommonCrypto.dylib
0x00000000150c4000 	/usr/lib/system/libcompiler_rt.dylib
0x00000000150c4000 	/usr/lib/system/libcopyfile.dylib
0x00000000150c4000 	/usr/lib/system/libcorecrypto.dylib
0x00000000150c4000 	/usr/lib/system/libdispatch.dylib
0x00000000150c4000 	/usr/lib/system/libdyld.dylib
0x00000000150c4000 	/usr/lib/system/libkeymgr.dylib
0x00000000150c4000 	/usr/lib/system/libmacho.dylib
0x00000000150c4000 	/usr/lib/system/libquarantine.dylib
0x00000000150c4000 	/usr/lib/system/libremovefile.dylib
0x00000000150c4000 	/usr/lib/system/libsystem_asl.dylib
0x00000000150c4000 	/usr/lib/system/libsystem_blocks.dylib
0x00000000150c4000 	/usr/lib/system/libsystem_c.dylib
0x00000000150c4000 	/usr/lib/system/libsystem_collections.dylib
0x00000000150c4000 	/usr/lib/system/libsystem_configuration.dylib
0x00000000150c4000 	/usr/lib/system/libsystem_containermanager.dylib
0x00000000150c4000 	/usr/lib/system/libsystem_coreservices.dylib
0x00000000150c4000 	/usr/lib/system/libsystem_darwin.dylib
0x00000000150c4000 	/usr/lib/system/libsystem_dnssd.dylib
0x00000000150c4000 	/usr/lib/system/libsystem_featureflags.dylib
0x00000000150c4000 	/usr/lib/system/libsystem_info.dylib
0x00000000150c4000 	/usr/lib/system/libsystem_m.dylib
0x00000000150c4000 	/usr/lib/system/libsystem_malloc.dylib
0x00000000150c4000 	/usr/lib/system/libsystem_networkextension.dylib
0x00000000150c4000 	/usr/lib/system/libsystem_notify.dylib
0x00000000150c4000 	/usr/lib/system/libsystem_product_info_filter.dylib
0x00000000150c4000 	/usr/lib/system/libsystem_sandbox.dylib
0x00000000150c4000 	/usr/lib/system/libsystem_secinit.dylib
0x00000000150c4000 	/usr/lib/system/libsystem_kernel.dylib
0x00000000150c4000 	/usr/lib/system/libsystem_platform.dylib
0x00000000150c4000 	/usr/lib/system/libsystem_pthread.dylib
0x00000000150c4000 	/usr/lib/system/libsystem_symptoms.dylib
0x00000000150c4000 	/usr/lib/system/libsystem_trace.dylib
0x00000000150c4000 	/usr/lib/system/libunwind.dylib
0x00000000150c4000 	/usr/lib/system/libxpc.dylib
0x00000000150c4000 	/usr/lib/libc++abi.dylib
0x00000000150c4000 	/usr/lib/liboah.dylib
0x00000000150c4000 	/usr/lib/liblzma.5.dylib
0x00000000150c4000 	/System/Library/Frameworks/SystemConfiguration.framework/Versions/A/SystemConfiguration
0x00000000150c4000 	/usr/lib/libfakelink.dylib
0x00000000150c4000 	/System/Library/Frameworks/CFNetwork.framework/Versions/A/CFNetwork
0x00000000150c4000 	/usr/lib/libarchive.2.dylib
0x00000000150c4000 	/System/Library/PrivateFrameworks/AppleSystemInfo.framework/Versions/A/AppleSystemInfo
0x00000000150c4000 	/usr/lib/libbsm.0.dylib
0x00000000150c4000 	/usr/lib/libnetwork.dylib
0x00000000150c4000 	/usr/lib/system/libkxld.dylib
0x00000000150c4000 	/System/Library/PrivateFrameworks/IOMobileFramebuffer.framework/Versions/A/IOMobileFramebuffer
0x00000000150c4000 	/usr/lib/libCoreEntitlements.dylib
0x00000000150c4000 	/System/Library/PrivateFrameworks/AppleFSCompression.framework/Versions/A/AppleFSCompression
0x00000000150c4000 	/usr/lib/libcoretls.dylib
0x00000000150c4000 	/usr/lib/libcoretls_cfhelpers.dylib
0x00000000150c4000 	/usr/lib/libpam.2.dylib
0x00000000150c4000 	/usr/lib/libsqlite3.dylib
0x00000000150c4000 	/usr/lib/libxar.1.dylib
0x00000000150c4000 	/usr/lib/libbz2.1.0.dylib
0x00000000150c4000 	/usr/lib/libpcap.A.dylib
0x00000000150c4000 	/usr/lib/libdns_services.dylib
0x00000000150c4000 	/usr/lib/libapple_nghttp2.dylib
0x00000000150c4000 	/usr/lib/libiconv.2.dylib
0x00000000150c4000 	/usr/lib/libcharset.1.dylib
0x00000000150c4000 	/System/Library/Frameworks/CoreServices.framework/Versions/A/Frameworks/FSEvents.framework/Versions/A/FSEvents
0x00000000150c4000 	/System/Library/Frameworks/CoreServices.framework/Versions/A/Frameworks/CarbonCore.framework/Versions/A/CarbonCore
0x00000000150c4000 	/System/Library/Frameworks/CoreServices.framework/Versions/A/Frameworks/Metadata.framework/Versions/A/Metadata
0x00000000150c4000 	/System/Library/Frameworks/CoreServices.framework/Versions/A/Frameworks/OSServices.framework/Versions/A/OSServices
0x00000000150c4000 	/System/Library/Frameworks/CoreServices.framework/Versions/A/Frameworks/SearchKit.framework/Versions/A/SearchKit
0x00000000150c4000 	/System/Library/Frameworks/CoreServices.framework/Versions/A/Frameworks/AE.framework/Versions/A/AE
0x00000000150c4000 	/System/Library/Frameworks/CoreServices.framework/Versions/A/Frameworks/LaunchServices.framework/Versions/A/LaunchServices
0x00000000150c4000 	/System/Library/Frameworks/CoreServices.framework/Versions/A/Frameworks/DictionaryServices.framework/Versions/A/DictionaryServices
0x00000000150c4000 	/System/Library/Frameworks/CoreServices.framework/Versions/A/Frameworks/SharedFileList.framework/Versions/A/SharedFileList
0x00000000150c4000 	/usr/lib/libCheckFix.dylib
0x00000000150c4000 	/System/Library/PrivateFrameworks/TCC.framework/Versions/A/TCC
0x00000000150c4000 	/System/Library/PrivateFrameworks/CoreNLP.framework/Versions/A/CoreNLP
0x00000000150c4000 	/System/Library/PrivateFrameworks/MetadataUtilities.framework/Versions/A/MetadataUtilities
0x00000000150c4000 	/usr/lib/libmecabra.dylib
0x00000000150c4000 	/usr/lib/libmecab.dylib
0x00000000150c4000 	/usr/lib/libCRFSuite.dylib
0x00000000150c4000 	/usr/lib/libgermantok.dylib
0x00000000150c4000 	/usr/lib/libThaiTokenizer.dylib
0x00000000150c4000 	/System/Library/Frameworks/Accelerate.framework/Versions/A/Frameworks/vImage.framework/Versions/A/vImage
0x00000000150c4000 	/System/Library/Frameworks/Accelerate.framework/Versions/A/Frameworks/vecLib.framework/Versions/A/vecLib
0x00000000150c4000 	/System/Library/Frameworks/Accelerate.framework/Versions/A/Frameworks/vecLib.framework/Versions/A/libvMisc.dylib
0x00000000150c4000 	/System/Library/Frameworks/Accelerate.framework/Versions/A/Frameworks/vecLib.framework/Versions/A/libvDSP.dylib
0x00000000150c4000 	/System/Library/Frameworks/Accelerate.framework/Versions/A/Frameworks/vecLib.framework/Versions/A/libBLAS.dylib
0x00000000150c4000 	/System/Library/Frameworks/Accelerate.framework/Versions/A/Frameworks/vecLib.framework/Versions/A/libLAPACK.dylib
0x00000000150c4000 	/System/Library/Frameworks/Accelerate.framework/Versions/A/Frameworks/vecLib.framework/Versions/A/libLinearAlgebra.dylib
0x00000000150c4000 	/System/Library/Frameworks/Accelerate.framework/Versions/A/Frameworks/vecLib.framework/Versions/A/libSparseBLAS.dylib
0x00000000150c4000 	/System/Library/Frameworks/Accelerate.framework/Versions/A/Frameworks/vecLib.framework/Versions/A/libQuadrature.dylib
0x00000000150c4000 	/System/Library/Frameworks/Accelerate.framework/Versions/A/Frameworks/vecLib.framework/Versions/A/libBNNS.dylib
0x00000000150c4000 	/System/Library/Frameworks/Accelerate.framework/Versions/A/Frameworks/vecLib.framework/Versions/A/libSparse.dylib
0x00000000150c4000 	/System/Library/PrivateFrameworks/LinguisticData.framework/Versions/A/LinguisticData
0x00000000150c4000 	/System/Library/PrivateFrameworks/Lexicon.framework/Versions/A/Lexicon
0x00000000150c4000 	/usr/lib/libChineseTokenizer.dylib
0x00000000150c4000 	/System/Library/PrivateFrameworks/LanguageModeling.framework/Versions/A/LanguageModeling
0x00000000150c4000 	/System/Library/PrivateFrameworks/AppleSauce.framework/Versions/A/AppleSauce
0x00000000150c4000 	/System/Library/PrivateFrameworks/CoreEmoji.framework/Versions/A/CoreEmoji
0x00000000150c4000 	/usr/lib/libcmph.dylib
0x00000000150c4000 	/System/Library/Frameworks/OpenDirectory.framework/Versions/A/Frameworks/CFOpenDirectory.framework/Versions/A/CFOpenDirectory
0x00000000150c4000 	/System/Library/Frameworks/OpenDirectory.framework/Versions/A/OpenDirectory
0x00000000150c4000 	/System/Library/PrivateFrameworks/APFS.framework/Versions/A/APFS
0x00000000150c4000 	/System/Library/Frameworks/SecurityFoundation.framework/Versions/A/SecurityFoundation
0x00000000150c4000 	/usr/lib/libutil.dylib
0x00000000150c4000 	/System/Library/PrivateFrameworks/CoreServicesStore.framework/Versions/A/CoreServicesStore
0x00000000150c4000 	/usr/lib/libxslt.1.dylib
0x00000000150c4000 	/System/Library/PrivateFrameworks/BackgroundTaskManagement.framework/Versions/A/BackgroundTaskManagement
0x00000000150c4000 	/System/Library/Frameworks/ImageIO.framework/Versions/A/Resources/libRadiance.dylib
0x00000000150c4000 	/System/Library/Frameworks/ImageIO.framework/Versions/A/Resources/libJPEG.dylib
0x00000000150c4000 	/System/Library/Frameworks/ImageIO.framework/Versions/A/Resources/libPng.dylib
0x00000000150c4000 	/System/Library/Frameworks/ImageIO.framework/Versions/A/Resources/libTIFF.dylib
0x00000000150c4000 	/System/Library/Frameworks/ImageIO.framework/Versions/A/Resources/libGIF.dylib
0x00000000150c4000 	/System/Library/Frameworks/ImageIO.framework/Versions/A/Resources/libJP2.dylib
0x00000000150c4000 	/usr/lib/libexpat.1.dylib
0x00000000150c4000 	/System/Library/PrivateFrameworks/AppleJPEG.framework/Versions/A/AppleJPEG
0x00000000150c4000 	/System/Library/PrivateFrameworks/FontServices.framework/libFontParser.dylib
0x00000000150c4000 	/System/Library/PrivateFrameworks/RunningBoardServices.framework/Versions/A/RunningBoardServices
0x00000000150c4000 	/System/Library/PrivateFrameworks/IOSurfaceAccelerator.framework/Versions/A/IOSurfaceAccelerator
0x00000000150c4000 	/System/Library/PrivateFrameworks/WatchdogClient.framework/Versions/A/WatchdogClient
0x00000000150c4000 	/System/Library/Frameworks/CoreDisplay.framework/Versions/A/CoreDisplay
0x00000000150c4000 	/System/Library/Frameworks/CoreMedia.framework/Versions/A/CoreMedia
0x00000000150c4000 	/System/Library/PrivateFrameworks/IOAccelerator.framework/Versions/A/IOAccelerator
0x00000000150c4000 	/System/Library/Frameworks/CoreVideo.framework/Versions/A/CoreVideo
0x00000000150c4000 	/System/Library/Frameworks/MetalPerformanceShaders.framework/Versions/A/MetalPerformanceShaders
0x00000000150c4000 	/System/Library/Frameworks/VideoToolbox.framework/Versions/A/VideoToolbox
0x00000000150c4000 	/System/Library/PrivateFrameworks/BaseBoard.framework/Versions/A/BaseBoard
0x00000000150c4000 	/System/Library/PrivateFrameworks/ProtocolBuffer.framework/Versions/A/ProtocolBuffer
0x00000000150c4000 	/System/Library/PrivateFrameworks/GPUWrangler.framework/Versions/A/GPUWrangler
0x00000000150c4000 	/System/Library/PrivateFrameworks/IOPresentment.framework/Versions/A/IOPresentment
0x00000000150c4000 	/System/Library/PrivateFrameworks/DSExternalDisplay.framework/Versions/A/DSExternalDisplay
0x00000000150c4000 	/System/Library/Frameworks/OpenGL.framework/Versions/A/Libraries/libCoreFSCache.dylib
0x00000000150c4000 	/System/Library/PrivateFrameworks/GPUCompiler.framework/Versions/31001/Libraries/libGPUCompilerUtils.dylib
0x00000000150c4000 	/System/Library/PrivateFrameworks/CMCaptureCore.framework/Versions/A/CMCaptureCore
0x00000000150c4000 	/System/Library/PrivateFrameworks/AppServerSupport.framework/Versions/A/AppServerSupport
0x00000000150c4000 	/System/Library/PrivateFrameworks/perfdata.framework/Versions/A/perfdata
0x00000000150c4000 	/System/Library/PrivateFrameworks/AudioToolboxCore.framework/Versions/A/AudioToolboxCore
0x00000000150c4000 	/System/Library/PrivateFrameworks/caulk.framework/Versions/A/caulk
0x00000000150c4000 	/usr/lib/libAudioStatistics.dylib
0x00000000150c4000 	/System/Library/PrivateFrameworks/SystemPolicy.framework/Versions/A/SystemPolicy
0x00000000150c4000 	/usr/lib/libSMC.dylib
0x00000000150c4000 	/System/Library/Frameworks/CoreMIDI.framework/Versions/A/CoreMIDI
0x00000000150c4000 	/usr/lib/libAudioToolboxUtility.dylib
0x00000000150c4000 	/System/Library/PrivateFrameworks/OSAServicesClient.framework/Versions/A/OSAServicesClient
0x00000000150c4000 	/usr/lib/libperfcheck.dylib
0x00000000150c4000 	/usr/lib/libmis.dylib
0x00000000150c4000 	/System/Library/Frameworks/OpenGL.framework/Versions/A/Libraries/libGLU.dylib
0x00000000150c4000 	/System/Library/Frameworks/OpenGL.framework/Versions/A/Libraries/libGFXShared.dylib
0x00000000150c4000 	/System/Library/Frameworks/OpenGL.framework/Versions/A/Libraries/libGL.dylib
0x00000000150c4000 	/System/Library/Frameworks/OpenGL.framework/Versions/A/Libraries/libGLImage.dylib
0x00000000150c4000 	/System/Library/Frameworks/OpenGL.framework/Versions/A/Libraries/libCVMSPluginSupport.dylib
0x00000000150c4000 	/System/Library/Frameworks/OpenGL.framework/Versions/A/Libraries/libCoreVMClient.dylib
0x00000000150c4000 	/System/Library/Frameworks/MetalPerformanceShaders.framework/Versions/A/Frameworks/MPSCore.framework/Versions/A/MPSCore
0x00000000150c4000 	/System/Library/Frameworks/MetalPerformanceShaders.framework/Versions/A/Frameworks/MPSImage.framework/Versions/A/MPSImage
0x00000000150c4000 	/System/Library/Frameworks/MetalPerformanceShaders.framework/Versions/A/Frameworks/MPSNeuralNetwork.framework/Versions/A/MPSNeuralNetwork
0x00000000150c4000 	/System/Library/Frameworks/MetalPerformanceShaders.framework/Versions/A/Frameworks/MPSMatrix.framework/Versions/A/MPSMatrix
0x00000000150c4000 	/System/Library/Frameworks/MetalPerformanceShaders.framework/Versions/A/Frameworks/MPSRayIntersector.framework/Versions/A/MPSRayIntersector
0x00000000150c4000 	/System/Library/Frameworks/MetalPerformanceShaders.framework/Versions/A/Frameworks/MPSNDArray.framework/Versions/A/MPSNDArray
0x00000000150c4000 	/System/Library/Frameworks/MetalPerformanceShaders.framework/Versions/A/Frameworks/MPSFunctions.framework/Versions/A/MPSFunctions
0x00000000150c4000 	/System/Library/PrivateFrameworks/MetalTools.framework/Versions/A/MetalTools
0x00000000150c4000 	/System/Library/PrivateFrameworks/AggregateDictionary.framework/Versions/A/AggregateDictionary
0x00000000150c4000 	/usr/lib/libIOReport.dylib
0x00000000150c4000 	/System/Library/Frameworks/OpenCL.framework/Versions/A/OpenCL
0x00000000150c4000 	/System/Library/PrivateFrameworks/FaceCore.framework/Versions/A/FaceCore
0x00000000150c4000 	/System/Library/PrivateFrameworks/GraphVisualizer.framework/Versions/A/GraphVisualizer
0x00000000150c4000 	/System/Library/PrivateFrameworks/FontServices.framework/Versions/A/FontServices
0x00000000150c4000 	/System/Library/PrivateFrameworks/OTSVG.framework/Versions/A/OTSVG
0x00000000150c4000 	/System/Library/Frameworks/ApplicationServices.framework/Versions/A/Frameworks/ATS.framework/Versions/A/Resources/libFontRegistry.dylib
0x00000000150c4000 	/System/Library/PrivateFrameworks/FontServices.framework/libhvf.dylib
0x00000000150c4000 	/System/Library/PrivateFrameworks/FontServices.framework/libXTFontStaticRegistryData.dylib
0x00000000150c4000 	/System/Library/PrivateFrameworks/AppleVA.framework/Versions/A/AppleVA
0x00000000150c4000 	/System/Library/Frameworks/ApplicationServices.framework/Versions/A/Frameworks/ATS.framework/Versions/A/ATS
0x00000000150c4000 	/System/Library/Frameworks/ApplicationServices.framework/Versions/A/Frameworks/HIServices.framework/Versions/A/HIServices
0x00000000150c4000 	/System/Library/Frameworks/ApplicationServices.framework/Versions/A/Frameworks/PrintCore.framework/Versions/A/PrintCore
0x00000000150c4000 	/System/Library/Frameworks/ApplicationServices.framework/Versions/A/Frameworks/QD.framework/Versions/A/QD
0x00000000150c4000 	/System/Library/Frameworks/ApplicationServices.framework/Versions/A/Frameworks/ColorSyncLegacy.framework/Versions/A/ColorSyncLegacy
0x00000000150c4000 	/System/Library/Frameworks/ApplicationServices.framework/Versions/A/Frameworks/SpeechSynthesis.framework/Versions/A/SpeechSynthesis
0x00000000150c4000 	/System/Library/Frameworks/ApplicationServices.framework/Versions/A/Frameworks/ATSUI.framework/Versions/A/ATSUI
0x00000000150c4000 	/usr/lib/libcups.2.dylib
0x00000000150c4000 	/System/Library/Frameworks/Kerberos.framework/Versions/A/Kerberos
0x00000000150c4000 	/System/Library/Frameworks/GSS.framework/Versions/A/GSS
0x00000000150c4000 	/usr/lib/libresolv.9.dylib
0x00000000150c4000 	/System/Library/PrivateFrameworks/Heimdal.framework/Versions/A/Heimdal
0x00000000150c4000 	/System/Library/Frameworks/Kerberos.framework/Versions/A/Libraries/libHeimdalProxy.dylib
0x00000000150c4000 	/System/Library/Frameworks/Network.framework/Versions/A/Network
0x00000000150c4000 	/usr/lib/libheimdal-asn1.dylib
0x00000000150c4000 	/System/Library/PrivateFrameworks/CommonAuth.framework/Versions/A/CommonAuth
0x00000000150c4000 	/System/Library/PrivateFrameworks/AudioSession.framework/Versions/A/AudioSession
0x00000000150c4000 	/System/Library/PrivateFrameworks/MediaExperience.framework/Versions/A/MediaExperience
0x00000000150c4000 	/System/Library/PrivateFrameworks/AudioSession.framework/libSessionUtility.dylib
0x00000000150c4000 	/System/Library/PrivateFrameworks/AudioResourceArbitration.framework/Versions/A/AudioResourceArbitration
0x00000000150c4000 	/System/Library/PrivateFrameworks/PowerLog.framework/Versions/A/PowerLog
0x00000000150c4000 	/System/Library/PrivateFrameworks/IconFoundation.framework/Versions/A/IconFoundation
0x00000000150c4000 	/System/Library/PrivateFrameworks/SpeechRecognitionCore.framework/Versions/A/SpeechRecognitionCore
0x000000010ba6c000 	/Library/Java/JavaVirtualMachines/jdk1.8.0_65.jdk/Contents/Home/jre/lib/server/libjvm.dylib
0x00000000150c4000 	/usr/lib/libstdc++.6.dylib
0x000000010ab29000 	/Library/Java/JavaVirtualMachines/jdk1.8.0_65.jdk/Contents/Home/jre/lib/libverify.dylib
0x000000010ab7d000 	/Library/Java/JavaVirtualMachines/jdk1.8.0_65.jdk/Contents/Home/jre/lib/libjava.dylib
0x000000010ab59000 	/Library/Java/JavaVirtualMachines/jdk1.8.0_65.jdk/Contents/Home/jre/lib/libzip.dylib
0x00000000150c4000 	/System/Library/Frameworks/JavaRuntimeSupport.framework/Versions/A/JavaRuntimeSupport
0x00000000150c4000 	/System/Library/Frameworks/Carbon.framework/Versions/A/Carbon
0x00000000150c4000 	/System/Library/PrivateFrameworks/CoreSymbolication.framework/Versions/A/CoreSymbolication
0x00000000150c4000 	/System/Library/Frameworks/Carbon.framework/Versions/A/Frameworks/CommonPanels.framework/Versions/A/CommonPanels
0x00000000150c4000 	/System/Library/Frameworks/Carbon.framework/Versions/A/Frameworks/Help.framework/Versions/A/Help
0x00000000150c4000 	/System/Library/Frameworks/Carbon.framework/Versions/A/Frameworks/ImageCapture.framework/Versions/A/ImageCapture
0x00000000150c4000 	/System/Library/Frameworks/Carbon.framework/Versions/A/Frameworks/OpenScripting.framework/Versions/A/OpenScripting
0x00000000150c4000 	/System/Library/Frameworks/Carbon.framework/Versions/A/Frameworks/Ink.framework/Versions/A/Ink
0x00000000150c4000 	/System/Library/Frameworks/Carbon.framework/Versions/A/Frameworks/Print.framework/Versions/A/Print
0x00000000150c4000 	/System/Library/Frameworks/Carbon.framework/Versions/A/Frameworks/SecurityHI.framework/Versions/A/SecurityHI
0x00000000150c4000 	/System/Library/PrivateFrameworks/DebugSymbols.framework/Versions/A/DebugSymbols
0x000000012329f000 	/Library/Java/JavaVirtualMachines/jdk1.8.0_65.jdk/Contents/Home/jre/lib/libawt.dylib
0x00000001234bc000 	/Library/Java/JavaVirtualMachines/jdk1.8.0_65.jdk/Contents/Home/jre/lib/libmlib_image.dylib
0x00000000150c4000 	/System/Library/Frameworks/JavaNativeFoundation.framework/Versions/A/JavaNativeFoundation
0x0000000123644000 	/Library/Java/JavaVirtualMachines/jdk1.8.0_65.jdk/Contents/Home/jre/lib/libawt_lwawt.dylib
0x0000000123235000 	/Library/Java/JavaVirtualMachines/jdk1.8.0_65.jdk/Contents/Home/jre/lib/libosxapp.dylib
0x00000000150c4000 	/System/Library/Frameworks/ExceptionHandling.framework/Versions/A/ExceptionHandling
0x00000000150c4000 	/System/Library/PrivateFrameworks/CoreServicesInternal.framework/Versions/A/CoreServicesInternal
0x00000000150c4000 	/System/Library/Frameworks/FileProvider.framework/Versions/A/FileProvider
0x00000000150c4000 	/System/Library/Frameworks/Accounts.framework/Versions/A/Accounts
0x00000000150c4000 	/System/Library/PrivateFrameworks/GenerationalStorage.framework/Versions/A/GenerationalStorage
0x00000000150c4000 	/System/Library/PrivateFrameworks/SymptomDiagnosticReporter.framework/Versions/A/SymptomDiagnosticReporter
0x00000000150c4000 	/System/Library/PrivateFrameworks/DesktopServicesPriv.framework/Versions/A/DesktopServicesPriv
0x00000000150c4000 	/usr/lib/libsandbox.1.dylib
0x00000000150c4000 	/System/Library/PrivateFrameworks/UserManagement.framework/Versions/A/UserManagement
0x00000000150c4000 	/System/Library/PrivateFrameworks/NetAuth.framework/Versions/A/NetAuth
0x00000000150c4000 	/System/Library/PrivateFrameworks/Sharing.framework/Versions/A/Sharing
0x00000000150c4000 	/System/Library/PrivateFrameworks/login.framework/Versions/A/Frameworks/loginsupport.framework/Versions/A/loginsupport
0x00000000150c4000 	/System/Library/PrivateFrameworks/Apple80211.framework/Versions/A/Apple80211
0x00000000150c4000 	/System/Library/PrivateFrameworks/AuthKit.framework/Versions/A/AuthKit
0x00000000150c4000 	/System/Library/PrivateFrameworks/CoreUtils.framework/Versions/A/CoreUtils
0x00000000150c4000 	/System/Library/Frameworks/CoreWLAN.framework/Versions/A/CoreWLAN
0x00000000150c4000 	/System/Library/Frameworks/IOBluetooth.framework/Versions/A/IOBluetooth
0x00000000150c4000 	/System/Library/PrivateFrameworks/CoreWiFi.framework/Versions/A/CoreWiFi
0x00000000150c4000 	/System/Library/PrivateFrameworks/FrontBoardServices.framework/Versions/A/FrontBoardServices
0x00000000150c4000 	/System/Library/PrivateFrameworks/BoardServices.framework/Versions/A/BoardServices
0x00000000150c4000 	/System/Library/PrivateFrameworks/AssertionServices.framework/Versions/A/AssertionServices
0x00000000150c4000 	/System/Library/PrivateFrameworks/BackBoardServices.framework/Versions/A/BackBoardServices
0x00000000150c4000 	/System/Library/PrivateFrameworks/CorePhoneNumbers.framework/Versions/A/CorePhoneNumbers
0x00000000150c4000 	/System/Library/PrivateFrameworks/DiskManagement.framework/Versions/A/DiskManagement
0x00000000150c4000 	/System/Library/PrivateFrameworks/AppleIDAuthSupport.framework/Versions/A/AppleIDAuthSupport
0x00000000150c4000 	/System/Library/PrivateFrameworks/AAAFoundation.framework/Versions/A/AAAFoundation
0x00000000150c4000 	/System/Library/PrivateFrameworks/KeychainCircle.framework/Versions/A/KeychainCircle
0x00000000150c4000 	/System/Library/PrivateFrameworks/MediaKit.framework/Versions/A/MediaKit
0x00000000150c4000 	/System/Library/Frameworks/DiscRecording.framework/Versions/A/DiscRecording
0x00000000150c4000 	/usr/lib/libCoreStorage.dylib
0x00000000150c4000 	/usr/lib/libcsfde.dylib
0x00000000150c4000 	/System/Library/PrivateFrameworks/ProtectedCloudStorage.framework/Versions/A/ProtectedCloudStorage
0x00000000150c4000 	/System/Library/PrivateFrameworks/EFILogin.framework/Versions/A/EFILogin
0x00000000150c4000 	/System/Library/PrivateFrameworks/OctagonTrust.framework/Versions/A/OctagonTrust
0x00000000150c4000 	/System/Library/PrivateFrameworks/CoreUtilsExtras.framework/Versions/A/CoreUtilsExtras
0x00000000150c4000 	/System/Library/Frameworks/CoreBluetooth.framework/Versions/A/CoreBluetooth
0x00000000150c4000 	/System/Library/Frameworks/AudioUnit.framework/Versions/A/AudioUnit
0x00000000150c4000 	/usr/lib/libMatch.1.dylib
0x00000000150c4000 	/System/Library/CoreServices/RawCamera.bundle/Contents/MacOS/RawCamera
0x00000000150c4000 	/System/Library/PrivateFrameworks/MobileAsset.framework/Versions/A/MobileAsset
0x00000000150c4000 	/System/Library/PrivateFrameworks/StreamingZip.framework/Versions/A/StreamingZip
0x00000000150c4000 	/System/Library/PrivateFrameworks/CMPhoto.framework/Versions/A/CMPhoto
0x00000000150c4000 	/System/Library/PrivateFrameworks/AppleVPA.framework/Versions/A/AppleVPA
0x00000000150c4000 	/System/Library/Frameworks/MediaToolbox.framework/Versions/A/MediaToolbox
0x00000000150c4000 	/System/Library/PrivateFrameworks/CoreAVCHD.framework/Versions/A/CoreAVCHD
0x00000000150c4000 	/System/Library/Frameworks/MediaAccessibility.framework/Versions/A/MediaAccessibility
0x00000000150c4000 	/System/Library/PrivateFrameworks/Mangrove.framework/Versions/A/Mangrove
0x00000000150c4000 	/System/Library/PrivateFrameworks/AlgosScoreFramework.framework/Versions/A/AlgosScoreFramework
0x00000000150c4000 	/System/Library/PrivateFrameworks/CoreAUC.framework/Versions/A/CoreAUC
0x00000000150c4000 	/System/Library/Frameworks/Accelerate.framework/Versions/A/Frameworks/vImage.framework/Versions/A/Libraries/libCGInterfaces.dylib
0x0000000125331000 	/usr/lib/libobjc-trampolines.dylib
0x00000000150c4000 	/System/Library/PrivateFrameworks/FamilyControls.framework/Versions/A/FamilyControls
0x00000000150c4000 	/System/Library/PrivateFrameworks/CommerceKit.framework/Versions/A/Frameworks/CommerceCore.framework/Versions/A/CommerceCore
0x00000000150c4000 	/System/Library/PrivateFrameworks/SystemAdministration.framework/Versions/A/SystemAdministration
0x00000000150c4000 	/System/Library/PrivateFrameworks/AppContainer.framework/Versions/A/AppContainer
0x00000000150c4000 	/System/Library/PrivateFrameworks/SecCodeWrapper.framework/Versions/A/SecCodeWrapper
0x00000000150c4000 	/System/Library/PrivateFrameworks/CrashReporterSupport.framework/Versions/A/CrashReporterSupport
0x00000000150c4000 	/System/Library/PrivateFrameworks/OSAnalytics.framework/Versions/A/OSAnalytics
0x00000000150c4000 	/System/Library/PrivateFrameworks/Symbolication.framework/Versions/A/Symbolication
0x00000000150c4000 	/System/Library/PrivateFrameworks/MallocStackLogging.framework/Versions/A/MallocStackLogging
0x00000000150c4000 	/System/Library/PrivateFrameworks/login.framework/Versions/A/login
0x00000000150c4000 	/System/Library/Frameworks/DirectoryService.framework/Versions/A/DirectoryService
0x00000000150c4000 	/System/Library/PrivateFrameworks/DiskImages.framework/Versions/A/DiskImages
0x00000000150c4000 	/System/Library/Frameworks/ServiceManagement.framework/Versions/A/ServiceManagement
0x00000000150c4000 	/System/Library/PrivateFrameworks/LoginUIKit.framework/Versions/A/Frameworks/LoginUICore.framework/Versions/A/LoginUICore
0x00000000150c4000 	/usr/lib/libodfde.dylib
0x00000000150c4000 	/usr/lib/libcurl.4.dylib
0x00000000150c4000 	/usr/lib/libcrypto.46.dylib
0x00000000150c4000 	/usr/lib/libssl.48.dylib
0x00000000150c4000 	/System/Library/Frameworks/LDAP.framework/Versions/A/LDAP
0x00000000150c4000 	/System/Library/PrivateFrameworks/TrustEvaluationAgent.framework/Versions/A/TrustEvaluationAgent
0x00000000150c4000 	/usr/lib/libsasl2.2.dylib
0x00000000150c4000 	/System/Library/PrivateFrameworks/CoreDaemon.framework/Versions/B/CoreDaemon
0x00000000150c4000 	/System/Library/PrivateFrameworks/AppleSRP.framework/Versions/A/AppleSRP
0x00000000150c4000 	/System/Library/PrivateFrameworks/ViewBridge.framework/Versions/A/ViewBridge
0x00000000150c4000 	/System/Library/Frameworks/OpenGL.framework/Versions/A/Resources/GLEngine.bundle/GLEngine
0x00000000150c4000 	/System/Library/Frameworks/OpenGL.framework/Versions/A/Libraries/libGLProgrammability.dylib
0x0000000126eec000 	/System/Library/Extensions/AppleMetalOpenGLRenderer.bundle/Contents/MacOS/AppleMetalOpenGLRenderer
0x00000000150c4000 	/System/Library/Frameworks/OpenGL.framework/Versions/A/Resources/GLRendererFloat.bundle/GLRendererFloat
0x00000000150c4000 	/System/Library/Extensions/AGXMetal13_3.bundle/Contents/MacOS/AGXMetal13_3
0x00000000150c4000 	/System/Library/PrivateFrameworks/GPURawCounter.framework/Versions/A/GPURawCounter
0x00000000150c4000 	/System/Library/PrivateFrameworks/IOGPU.framework/Versions/A/IOGPU
0x0000000127385000 	/Library/Java/JavaVirtualMachines/jdk1.8.0_65.jdk/Contents/Home/jre/lib/libfontmanager.dylib
0x00000000150c4000 	/System/Library/PrivateFrameworks/AccessibilityBundles.framework/Versions/A/AccessibilityBundles
0x0000000127a3c000 	/Library/Java/JavaVirtualMachines/jdk1.8.0_65.jdk/Contents/Home/jre/lib/libosxui.dylib
0x0000000127d1a000 	/Library/Java/JavaVirtualMachines/jdk1.8.0_65.jdk/Contents/Home/jre/lib/libnet.dylib
0x0000000127d55000 	/Library/Java/JavaVirtualMachines/jdk1.8.0_65.jdk/Contents/Home/jre/lib/libnio.dylib
0x00000001593de000 	/private/var/folders/cv/bgpfnx5j4tv764jr13v1s2000000gn/T/jogamp_0000/file_cache/jln8240769481780765655/jln5196188093457068945/libgluegen-rt.jnilib
0x00000001593ff000 	/private/var/folders/cv/bgpfnx5j4tv764jr13v1s2000000gn/T/jogamp_0000/file_cache/jln8240769481780765655/jln5196188093457068945/libnativewindow_awt.jnilib
0x000000015940a000 	/Library/Java/JavaVirtualMachines/jdk1.8.0_65.jdk/Contents/Home/jre/lib/libjawt.dylib
0x0000000159490000 	/private/var/folders/cv/bgpfnx5j4tv764jr13v1s2000000gn/T/jogamp_0000/file_cache/jln8240769481780765655/jln5196188093457068945/libnativewindow_macosx.jnilib
0x00000000150c4000 	/usr/lib/libRosetta.dylib
0x000000015ca1e000 	/private/var/folders/cv/bgpfnx5j4tv764jr13v1s2000000gn/T/jogamp_0000/file_cache/jln8240769481780765655/jln5196188093457068945/libjogl_desktop.jnilib
0x000000015e9c9000 	/Library/Java/JavaVirtualMachines/jdk1.8.0_65.jdk/Contents/Home/jre/lib/libjpeg.dylib

VM Arguments:
jvm_args: -Djava.security.policy=java.policy.applet -Dfile.encoding=UTF-8 
java_command: sun.applet.AppletViewer module1.HelloWorld1650057816292.html
java_class_path (initial): /Users/ranjan/Library/CloudStorage/OneDrive-McGillUniversity/java/UCSDUnfoldingMaps/build:/Users/ranjan/Library/CloudStorage/OneDrive-McGillUniversity/java/UCSDUnfoldingMaps/lib/core.jar:/Users/ranjan/Library/CloudStorage/OneDrive-McGillUniversity/java/UCSDUnfoldingMaps/lib/gluegen-rt.jar:/Users/ranjan/Library/CloudStorage/OneDrive-McGillUniversity/java/UCSDUnfoldingMaps/lib/jogl-all.jar:/Users/ranjan/Library/CloudStorage/OneDrive-McGillUniversity/java/UCSDUnfoldingMaps/lib/log4j-1.2.15.jar:/Users/ranjan/Library/CloudStorage/OneDrive-McGillUniversity/java/UCSDUnfoldingMaps/lib/sqlite-jdbc-3.7.2.jar:/Users/ranjan/Library/CloudStorage/OneDrive-McGillUniversity/java/UCSDUnfoldingMaps/lib/json4processing.jar:/Users/ranjan/Library/CloudStorage/OneDrive-McGillUniversity/java/UCSDUnfoldingMaps/lib/libTUIO.jar:/Users/ranjan/Library/CloudStorage/OneDrive-McGillUniversity/java/UCSDUnfoldingMaps/lib/unfolding.0.9.7-uscd.jar
Launcher Type: SUN_STANDARD

Environment Variables:
PATH=/usr/bin:/bin:/usr/sbin:/sbin
SHELL=/bin/zsh

Signal Handlers:
SIGSEGV: [libjvm.dylib+0x5a6d31], sa_mask[0]=11111111111111111111111111111111, sa_flags=SA_ONSTACK|SA_RESTART|SA_SIGINFO
SIGBUS: [libjvm.dylib+0x5a6d31], sa_mask[0]=11111111111111111111111111111111, sa_flags=SA_RESTART|SA_SIGINFO
SIGFPE: [libjvm.dylib+0x480a40], sa_mask[0]=11111111111111111111111111111111, sa_flags=SA_RESTART|SA_SIGINFO
SIGPIPE: [libjvm.dylib+0x480a40], sa_mask[0]=11111111111111111111111111111111, sa_flags=SA_RESTART|SA_SIGINFO
SIGXFSZ: [libjvm.dylib+0x480a40], sa_mask[0]=11111111111111111111111111111111, sa_flags=SA_RESTART|SA_SIGINFO
SIGILL: [libjvm.dylib+0x480a40], sa_mask[0]=11111111111111111111111111111111, sa_flags=SA_RESTART|SA_SIGINFO
SIGUSR1: SIG_DFL, sa_mask[0]=00000000000000000000000000000000, sa_flags=none
SIGUSR2: [libjvm.dylib+0x48055e], sa_mask[0]=00100000000000000000000000000000, sa_flags=SA_RESTART|SA_SIGINFO
SIGHUP: [libjvm.dylib+0x47eb35], sa_mask[0]=11111111111111111111111111111111, sa_flags=SA_RESTART|SA_SIGINFO
SIGINT: [libjvm.dylib+0x47eb35], sa_mask[0]=11111111111111111111111111111111, sa_flags=SA_RESTART|SA_SIGINFO
SIGTERM: [libjvm.dylib+0x47eb35], sa_mask[0]=11111111111111111111111111111111, sa_flags=SA_RESTART|SA_SIGINFO
SIGQUIT: [libjvm.dylib+0x47eb35], sa_mask[0]=11111111111111111111111111111111, sa_flags=SA_RESTART|SA_SIGINFO


---------------  S Y S T E M  ---------------

OS:Bsduname:Darwin 21.4.0 Darwin Kernel Version 21.4.0: Mon Feb 21 20:36:53 PST 2022; root:xnu-8020.101.4~2/RELEASE_ARM64_T8101 x86_64
rlimit: STACK 8176k, CORE 0k, NPROC 1333, NOFILE 10240, AS infinity
load average:4.16 4.01 3.77

CPU:total 8 (1 cores per cpu, 1 threads per core) family 6 model 44 stepping 0, cmov, cx8, fxsr, mmx, sse, sse2, sse3, ssse3, sse4.1, sse4.2, popcnt, aes, clmul, tsc, tscinvbit, tscinv

Memory: 4k page, physical 8388608k(32164k free)

/proc/meminfo:


vm_info: Java HotSpot(TM) 64-Bit Server VM (25.65-b01) for bsd-amd64 JRE (1.8.0_65-b17), built on Oct  6 2015 15:36:46 by "java_re" with gcc 4.2.1 (Based on Apple Inc. build 5658) (LLVM build 2336.11.00)

time: Fri Apr 15 17:23:58 2022
elapsed time: 21 seconds (0d 0h 0m 21s)

