#
# A fatal error has been detected by the Java Runtime Environment:
#
#  SIGSEGV (0xb) at pc=0x00007ff8146c471d, pid=85737, tid=259
#
# JRE version: Java(TM) SE Runtime Environment (8.0_65-b17) (build 1.8.0_65-b17)
# Java VM: Java HotSpot(TM) 64-Bit Server VM (25.65-b01 mixed mode bsd-amd64 compressed oops)
# Problematic frame:
# C  [libobjc.A.dylib+0x671d]  objc_msgSend+0x1d
#
# Failed to write core dump. Core dumps have been disabled. To enable core dumping, try "ulimit -c unlimited" before starting Java again
#
# If you would like to submit a bug report, please visit:
#   http://bugreport.java.com/bugreport/crash.jsp
# The crash happened outside the Java Virtual Machine in native code.
# See problematic frame for where to report the bug.
#

---------------  T H R E A D  ---------------

Current thread (0x00007fdf3e0f3800):  JavaThread "AWT-AppKit" daemon [_thread_in_native, id=259, stack(0x000000030c10b000,0x000000030c90b000)]

siginfo: si_signo: 11 (SIGSEGV), si_code: 1 (SEGV_MAPERR), si_addr: 0x0000783f4f8d1b58

Registers:
RAX=0x00006000006052c0, RBX=0x000000015b375450, RCX=0x0000000000000000, RDX=0x0000000000000001
RSP=0x000000030c9060b8, RBP=0x000000030c906170, RSI=0x00007ff82f09983e, RDI=0x00006000025f1b40
R8 =0x0000000000000000, R9 =0x0000000008000100, R10=0x0000783f4f8d1b40, R11=0x00007ff82f09983e
R12=0x0000000000000000, R13=0x000000015f684c00, R14=0x000000015b375440, R15=0x00007fdf3e0f3800
RIP=0x00007ff8146c471d, EFLAGS=0x0000000000000247, ERR=0x0000000000000004
  TRAPNO=0x000000000000000e

Top of Stack: (sp=0x000000030c9060b8)
0x000000030c9060b8:   000000015b373157 000000030c906110
0x000000030c9060c8:   0000000000000003 000000030c9060f0
0x000000030c9060d8:   000000010dbed9a6 000000015f684c00
0x000000030c9060e8:   000000015f684c00 00006000006052c0
0x000000030c9060f8:   000000015b3756a0 000000015b375710
0x000000030c906108:   00007ff8574fd918 00007ff856296570
0x000000030c906118:   000000015b375450 000000015b375690
0x000000030c906128:   00006000006052c0 00006000025f1b40
0x000000030c906138:   0000600002b09440 00006000006052c0
0x000000030c906148:   00006000025f1b40 000000030c9061f8
0x000000030c906158:   00007fdf3e0f39f8 000000015f684c00
0x000000030c906168:   000000030c906220 000000030c9061e8
0x000000030c906178:   000000010f86c394 000000015f684c00
0x000000030c906188:   000000030c906220 000000030c9061e8
0x000000030c906198:   000000010f86c127 000000010f86c0e2
0x000000030c9061a8:   000000030c9061a8 000000015f684c00
0x000000030c9061b8:   000000030c906220 000000015f698028
0x000000030c9061c8:   0000000000000000 000000015f684c00
0x000000030c9061d8:   0000000000000000 000000030c906208
0x000000030c9061e8:   000000030c906268 000000010f85ec4d
0x000000030c9061f8:   00000007403d9bf8 000000010f866578
0x000000030c906208:   00006000006052c0 000000030c906268
0x000000030c906218:   00006000025f1b40 000000010f867d82
0x000000030c906228:   000000030c906228 000000015f684dca
0x000000030c906238:   000000030c906290 000000015f698028
0x000000030c906248:   0000000000000000 000000015f684dd8
0x000000030c906258:   000000030c906208 000000030c906278
0x000000030c906268:   000000030c9062d8 000000010f85ec4d
0x000000030c906278:   00006000006052c0 000000074039aca0
0x000000030c906288:   00006000025f1b40 000000074039aca0
0x000000030c906298:   000000030c906298 0000000160ff833e
0x000000030c9062a8:   000000030c9062e8 0000000160ff83f8 

Instructions: (pc=0x00007ff8146c471d)
0x00007ff8146c46fd:   44 00 00 48 85 ff 2e 74 72 40 f6 c7 01 2e 75 76
0x00007ff8146c470d:   49 ba f8 ff ff ff ff 7f 00 00 4c 23 17 49 89 f3
0x00007ff8146c471d:   45 23 5a 18 49 c1 e3 04 4d 03 5a 10 49 3b 33 75
0x00007ff8146c472d:   0a 4d 8b 5b 08 4d 31 d3 41 ff e3 49 83 3b 01 76 

Register to memory mapping:

RAX=0x00006000006052c0 is an unknown value
RBX=0x000000015b375450: <offset 0x7450> in /private/var/folders/cv/bgpfnx5j4tv764jr13v1s2000000gn/T/jogamp_0000/file_cache/jln5911603631990435920/jln4845008861702759876/libnativewindow_macosx.jnilib at 0x000000015b36e000
RCX=0x0000000000000000 is an unknown value
RDX=0x0000000000000001 is an unknown value
RSP=0x000000030c9060b8 is pointing into the stack for thread: 0x00007fdf3e0f3800
RBP=0x000000030c906170 is pointing into the stack for thread: 0x00007fdf3e0f3800
RSI=0x00007ff82f09983e: <offset 0x1a9db83e> in /usr/lib/libobjc.A.dylib at 0x00007ff8146be000
RDI=0x00006000025f1b40 is an unknown value
R8 =0x0000000000000000 is an unknown value
R9 =0x0000000008000100 is an unknown value
R10=0x0000783f4f8d1b40 is an unknown value
R11=0x00007ff82f09983e: <offset 0x1a9db83e> in /usr/lib/libobjc.A.dylib at 0x00007ff8146be000
R12=0x0000000000000000 is an unknown value
R13={method} {0x000000015f684c00} 'UnsetJAWTRootSurfaceLayer0' '(JJ)V' in 'jogamp/nativewindow/jawt/macosx/MacOSXJAWTWindow'
R14=0x000000015b375440: <offset 0x7440> in /private/var/folders/cv/bgpfnx5j4tv764jr13v1s2000000gn/T/jogamp_0000/file_cache/jln5911603631990435920/jln4845008861702759876/libnativewindow_macosx.jnilib at 0x000000015b36e000
R15=0x00007fdf3e0f3800 is a thread


Stack: [0x000000030c10b000,0x000000030c90b000],  sp=0x000000030c9060b8,  free space=8172k
Native frames: (J=compiled Java code, j=interpreted, Vv=VM code, C=native code)
C  [libobjc.A.dylib+0x671d]  objc_msgSend+0x1d
j  jogamp.nativewindow.jawt.macosx.MacOSXJAWTWindow.UnsetJAWTRootSurfaceLayer0(JJ)V+0
j  jogamp.nativewindow.jawt.macosx.MacOSXJAWTWindow.access$200(JJ)V+2
j  jogamp.nativewindow.jawt.macosx.MacOSXJAWTWindow$1.run()V+38
J 2799 C1 com.jogamp.common.util.RunnableTask.run()V (345 bytes) @ 0x00000001100f4514 [0x00000001100f4380+0x194]
v  ~StubRoutines::call_stub
V  [libjvm.dylib+0x2eab02]
V  [libjvm.dylib+0x321bab]
V  [libjvm.dylib+0x31437f]
C  [libnativewindow_macosx.jnilib+0x5326]  Java_jogamp_nativewindow_jawt_macosx_MacOSXJAWTWindow_UnsetJAWTRootSurfaceLayer0+0x2b6
C  [Foundation+0x81557]  __NSThreadPerformPerform+0xb3
C  [CoreFoundation+0x7f35a]  __CFRUNLOOP_IS_CALLING_OUT_TO_A_SOURCE0_PERFORM_FUNCTION__+0x11
C  [CoreFoundation+0x7f2c2]  __CFRunLoopDoSource0+0xb4
C  [CoreFoundation+0x7f040]  __CFRunLoopDoSources0+0xf2
C  [CoreFoundation+0x7da50]  __CFRunLoopRun+0x37c
C  [CoreFoundation+0x7d014]  CFRunLoopRunSpecific+0x232
C  [HIToolbox+0x2e5e6]  RunCurrentEventLoopInMode+0x124
C  [HIToolbox+0x2e213]  ReceiveNextEventCommon+0x11b
C  [HIToolbox+0x2e0e5]  _BlockUntilNextEventMatchingListInModeWithFilter+0x46
C  [AppKit+0x3f1fd]  _DPSNextEvent+0x39f
C  [AppKit+0x3d8ba]  -[NSApplication(NSEvent) _nextEventMatchingEventMask:untilDate:inMode:dequeue:]+0x572
C  [libosxapp.dylib+0x23aa]  -[NSApplicationAWT nextEventMatchingMask:untilDate:inMode:dequeue:]+0x7c
C  [AppKit+0x2ff69]  -[NSApplication run]+0x24a
C  [libosxapp.dylib+0x214d]  +[NSApplicationAWT runAWTLoopWithApp:]+0x9c
C  [libawt_lwawt.dylib+0x44517]  -[AWTStarter starter:]+0x389
C  [Foundation+0x81557]  __NSThreadPerformPerform+0xb3
C  [CoreFoundation+0x7f35a]  __CFRUNLOOP_IS_CALLING_OUT_TO_A_SOURCE0_PERFORM_FUNCTION__+0x11
C  [CoreFoundation+0x7f2c2]  __CFRunLoopDoSource0+0xb4
C  [CoreFoundation+0x7f040]  __CFRunLoopDoSources0+0xf2
C  [CoreFoundation+0x7da50]  __CFRunLoopRun+0x37c
C  [CoreFoundation+0x7d014]  CFRunLoopRunSpecific+0x232
C  [java+0x6463]  CreateExecutionEnvironment+0x367
C  [java+0x21ac]  JLI_Launch+0x7a0
C  [java+0x84c0]  main+0x65
C  [java+0x1a04]  start+0x34
C  0x0000000000000007

Java frames: (J=compiled Java code, j=interpreted, Vv=VM code)
j  jogamp.nativewindow.jawt.macosx.MacOSXJAWTWindow.UnsetJAWTRootSurfaceLayer0(JJ)V+0
j  jogamp.nativewindow.jawt.macosx.MacOSXJAWTWindow.access$200(JJ)V+2
j  jogamp.nativewindow.jawt.macosx.MacOSXJAWTWindow$1.run()V+38
J 2799 C1 com.jogamp.common.util.RunnableTask.run()V (345 bytes) @ 0x00000001100f4514 [0x00000001100f4380+0x194]
v  ~StubRoutines::call_stub

---------------  P R O C E S S  ---------------

Java Threads: ( => current thread )
  0x00007fdf3e938800 JavaThread "Thread-19" [_thread_blocked, id=94123, stack(0x000000030e9a3000,0x000000030eaa3000)]
  0x00007fdf3f3ba800 JavaThread "Keep-Alive-Timer" daemon [_thread_blocked, id=171335, stack(0x000000030e818000,0x000000030e918000)]
  0x00007fdf3e211000 JavaThread "Animation Thread" [_thread_blocked, id=62807, stack(0x000000030e612000,0x000000030e712000)]
  0x00007fdf3e1db800 JavaThread "AWT-EventQueue-1" [_thread_in_native, id=64007, stack(0x000000030e715000,0x000000030e815000)]
  0x00007fdf3e1bc800 JavaThread "DestroyJavaVM" [_thread_blocked, id=9475, stack(0x000000030c98f000,0x000000030ca8f000)]
  0x00007fdf3f1ae000 JavaThread "AWT-EventQueue-0" [_thread_blocked, id=68879, stack(0x000000030e40c000,0x000000030e50c000)]
  0x00007fdf40243800 JavaThread "Java2D Disposer" daemon [_thread_blocked, id=75563, stack(0x000000030e309000,0x000000030e409000)]
  0x00007fdf4020d000 JavaThread "Java2D Queue Flusher" daemon [_thread_blocked, id=51043, stack(0x000000030e206000,0x000000030e306000)]
  0x00007fdf3f0f5800 JavaThread "AWT-Shutdown" [_thread_blocked, id=30471, stack(0x000000030ddd8000,0x000000030ded8000)]
=>0x00007fdf3e0f3800 JavaThread "AWT-AppKit" daemon [_thread_in_native, id=259, stack(0x000000030c10b000,0x000000030c90b000)]
  0x00007fdf40019800 JavaThread "Service Thread" daemon [_thread_blocked, id=42247, stack(0x000000030dbd2000,0x000000030dcd2000)]
  0x00007fdf3f08d000 JavaThread "C1 CompilerThread3" daemon [_thread_blocked, id=22531, stack(0x000000030dacf000,0x000000030dbcf000)]
  0x00007fdf3e80c000 JavaThread "C2 CompilerThread2" daemon [_thread_blocked, id=42755, stack(0x000000030d9cc000,0x000000030dacc000)]
  0x00007fdf3f081800 JavaThread "C2 CompilerThread1" daemon [_thread_blocked, id=43267, stack(0x000000030d8c9000,0x000000030d9c9000)]
  0x00007fdf3f083000 JavaThread "C2 CompilerThread0" daemon [_thread_blocked, id=15363, stack(0x000000030d7c6000,0x000000030d8c6000)]
  0x00007fdf3f05d800 JavaThread "Signal Dispatcher" daemon [_thread_blocked, id=15107, stack(0x000000030d6c3000,0x000000030d7c3000)]
  0x00007fdf40014000 JavaThread "Finalizer" daemon [_thread_blocked, id=17931, stack(0x000000030d4b0000,0x000000030d5b0000)]
  0x00007fdf3e009800 JavaThread "Reference Handler" daemon [_thread_blocked, id=18459, stack(0x000000030d3ad000,0x000000030d4ad000)]

Other Threads:
  0x00007fdf3f05b000 VMThread [stack: 0x000000030d2aa000,0x000000030d3aa000] [id=18947]
  0x00007fdf40017000 WatcherThread [stack: 0x000000030dcd5000,0x000000030ddd5000] [id=41751]

VM state:not at safepoint (normal execution)

VM Mutex/Monitor currently owned by a thread: None

Heap:
 PSYoungGen      total 59392K, used 10577K [0x0000000795580000, 0x0000000799600000, 0x00000007c0000000)
  eden space 54272K, 10% used [0x0000000795580000,0x0000000795b005e0,0x0000000798a80000)
  from space 5120K, 96% used [0x0000000799100000,0x00000007995d4190,0x0000000799600000)
  to   space 5120K, 0% used [0x0000000798c00000,0x0000000798c00000,0x0000000799100000)
 ParOldGen       total 57856K, used 16564K [0x0000000740000000, 0x0000000743880000, 0x0000000795580000)
  object space 57856K, 28% used [0x0000000740000000,0x000000074102d0b0,0x0000000743880000)
 Metaspace       used 24024K, capacity 24271K, committed 24576K, reserved 1071104K
  class space    used 2382K, capacity 2486K, committed 2560K, reserved 1048576K

Card table byte_map: [0x000000010cf81000,0x000000010d382000] byte_map_base: 0x0000000109581000

Marking Bits: (ParMarkBitMap*) 0x000000010e2dae20
 Begin Bits: [0x000000011e857000, 0x0000000120857000)
 End Bits:   [0x0000000120857000, 0x0000000122857000)

Polling page: 0x000000010caac000

CodeCache: size=245760Kb used=9235Kb max_used=9250Kb free=236524Kb
 bounds [0x000000010f857000, 0x0000000110177000, 0x000000011e857000]
 total_blobs=3608 nmethods=2695 adapters=827
 compilation: enabled

Compilation events (10 events):
Event: 14.234 Thread 0x00007fdf3e80c000 2926       4       processing.opengl.PGraphicsOpenGL::lightFalloff (16 bytes)
Event: 14.236 Thread 0x00007fdf3e80c000 nmethod 2926 0x00000001100edc90 code [0x00000001100edde0, 0x00000001100ede58]
Event: 14.315 Thread 0x00007fdf3f081800 2927       4       jogamp.common.util.locks.RecursiveLockImpl01Unfairish$SingleThreadSync::isOwner (14 bytes)
Event: 14.316 Thread 0x00007fdf3f081800 nmethod 2927 0x000000011014b490 code [0x000000011014b5e0, 0x000000011014b658]
Event: 14.651 Thread 0x00007fdf3f083000 2928       4       java.util.concurrent.locks.ReentrantLock$NonfairSync::lock (25 bytes)
Event: 14.652 Thread 0x00007fdf3f083000 nmethod 2928 0x0000000110161910 code [0x0000000110161a60, 0x0000000110161b28]
Event: 14.788 Thread 0x00007fdf3f08d000 2929       3       sun.misc.URLClassPath$JarLoader$2::getContentLength (9 bytes)
Event: 14.789 Thread 0x00007fdf3f08d000 nmethod 2929 0x0000000110164850 code [0x00000001101649c0, 0x0000000110164c10]
Event: 14.793 Thread 0x00007fdf3f08d000 2930       3       sun.misc.URLClassPath$JarLoader$2::getCodeSigners (8 bytes)
Event: 14.794 Thread 0x00007fdf3f08d000 nmethod 2930 0x0000000110164410 code [0x0000000110164580, 0x00000001101647a8]

GC Heap History (10 events):
Event: 4.391 GC heap before
{Heap before GC invocations=1 (full 0):
 PSYoungGen      total 38400K, used 33280K [0x0000000795580000, 0x0000000798000000, 0x00000007c0000000)
  eden space 33280K, 100% used [0x0000000795580000,0x0000000797600000,0x0000000797600000)
  from space 5120K, 0% used [0x0000000797b00000,0x0000000797b00000,0x0000000798000000)
  to   space 5120K, 0% used [0x0000000797600000,0x0000000797600000,0x0000000797b00000)
 ParOldGen       total 87552K, used 0K [0x0000000740000000, 0x0000000745580000, 0x0000000795580000)
  object space 87552K, 0% used [0x0000000740000000,0x0000000740000000,0x0000000745580000)
 Metaspace       used 16204K, capacity 16397K, committed 16640K, reserved 1064960K
  class space    used 1660K, capacity 1729K, committed 1792K, reserved 1048576K
Event: 4.408 GC heap after
Heap after GC invocations=1 (full 0):
 PSYoungGen      total 38400K, used 5033K [0x0000000795580000, 0x0000000798000000, 0x00000007c0000000)
  eden space 33280K, 0% used [0x0000000795580000,0x0000000795580000,0x0000000797600000)
  from space 5120K, 98% used [0x0000000797600000,0x0000000797aea5e8,0x0000000797b00000)
  to   space 5120K, 0% used [0x0000000797b00000,0x0000000797b00000,0x0000000798000000)
 ParOldGen       total 87552K, used 0K [0x0000000740000000, 0x0000000745580000, 0x0000000795580000)
  object space 87552K, 0% used [0x0000000740000000,0x0000000740000000,0x0000000745580000)
 Metaspace       used 16204K, capacity 16397K, committed 16640K, reserved 1064960K
  class space    used 1660K, capacity 1729K, committed 1792K, reserved 1048576K
}
Event: 5.506 GC heap before
{Heap before GC invocations=2 (full 0):
 PSYoungGen      total 38400K, used 29396K [0x0000000795580000, 0x0000000798000000, 0x00000007c0000000)
  eden space 33280K, 73% used [0x0000000795580000,0x0000000796d4ab80,0x0000000797600000)
  from space 5120K, 98% used [0x0000000797600000,0x0000000797aea5e8,0x0000000797b00000)
  to   space 5120K, 0% used [0x0000000797b00000,0x0000000797b00000,0x0000000798000000)
 ParOldGen       total 87552K, used 0K [0x0000000740000000, 0x0000000745580000, 0x0000000795580000)
  object space 87552K, 0% used [0x0000000740000000,0x0000000740000000,0x0000000745580000)
 Metaspace       used 20893K, capacity 21155K, committed 21248K, reserved 1069056K
  class space    used 2155K, capacity 2260K, committed 2304K, reserved 1048576K
Event: 5.521 GC heap after
Heap after GC invocations=2 (full 0):
 PSYoungGen      total 38400K, used 5105K [0x0000000795580000, 0x0000000798000000, 0x00000007c0000000)
  eden space 33280K, 0% used [0x0000000795580000,0x0000000795580000,0x0000000797600000)
  from space 5120K, 99% used [0x0000000797b00000,0x0000000797ffc4d0,0x0000000798000000)
  to   space 5120K, 0% used [0x0000000797600000,0x0000000797600000,0x0000000797b00000)
 ParOldGen       total 87552K, used 3771K [0x0000000740000000, 0x0000000745580000, 0x0000000795580000)
  object space 87552K, 4% used [0x0000000740000000,0x00000007403aef60,0x0000000745580000)
 Metaspace       used 20893K, capacity 21155K, committed 21248K, reserved 1069056K
  class space    used 2155K, capacity 2260K, committed 2304K, reserved 1048576K
}
Event: 5.521 GC heap before
{Heap before GC invocations=3 (full 1):
 PSYoungGen      total 38400K, used 5105K [0x0000000795580000, 0x0000000798000000, 0x00000007c0000000)
  eden space 33280K, 0% used [0x0000000795580000,0x0000000795580000,0x0000000797600000)
  from space 5120K, 99% used [0x0000000797b00000,0x0000000797ffc4d0,0x0000000798000000)
  to   space 5120K, 0% used [0x0000000797600000,0x0000000797600000,0x0000000797b00000)
 ParOldGen       total 87552K, used 3771K [0x0000000740000000, 0x0000000745580000, 0x0000000795580000)
  object space 87552K, 4% used [0x0000000740000000,0x00000007403aef60,0x0000000745580000)
 Metaspace       used 20893K, capacity 21155K, committed 21248K, reserved 1069056K
  class space    used 2155K, capacity 2260K, committed 2304K, reserved 1048576K
Event: 5.543 GC heap after
Heap after GC invocations=3 (full 1):
 PSYoungGen      total 38400K, used 0K [0x0000000795580000, 0x0000000798000000, 0x00000007c0000000)
  eden space 33280K, 0% used [0x0000000795580000,0x0000000795580000,0x0000000797600000)
  from space 5120K, 0% used [0x0000000797b00000,0x0000000797b00000,0x0000000798000000)
  to   space 5120K, 0% used [0x0000000797600000,0x0000000797600000,0x0000000797b00000)
 ParOldGen       total 57856K, used 8624K [0x0000000740000000, 0x0000000743880000, 0x0000000795580000)
  object space 57856K, 14% used [0x0000000740000000,0x000000074086c178,0x0000000743880000)
 Metaspace       used 20893K, capacity 21155K, committed 21248K, reserved 1069056K
  class space    used 2155K, capacity 2260K, committed 2304K, reserved 1048576K
}
Event: 6.385 GC heap before
{Heap before GC invocations=4 (full 1):
 PSYoungGen      total 38400K, used 33089K [0x0000000795580000, 0x0000000798000000, 0x00000007c0000000)
  eden space 33280K, 99% used [0x0000000795580000,0x00000007975d0468,0x0000000797600000)
  from space 5120K, 0% used [0x0000000797b00000,0x0000000797b00000,0x0000000798000000)
  to   space 5120K, 0% used [0x0000000797600000,0x0000000797600000,0x0000000797b00000)
 ParOldGen       total 57856K, used 8624K [0x0000000740000000, 0x0000000743880000, 0x0000000795580000)
  object space 57856K, 14% used [0x0000000740000000,0x000000074086c178,0x0000000743880000)
 Metaspace       used 23362K, capacity 23625K, committed 23808K, reserved 1071104K
  class space    used 2374K, capacity 2485K, committed 2560K, reserved 1048576K
Event: 6.391 GC heap after
Heap after GC invocations=4 (full 1):
 PSYoungGen      total 38400K, used 5104K [0x0000000795580000, 0x0000000799600000, 0x00000007c0000000)
  eden space 33280K, 0% used [0x0000000795580000,0x0000000795580000,0x0000000797600000)
  from space 5120K, 99% used [0x0000000797600000,0x0000000797afc1a0,0x0000000797b00000)
  to   space 5120K, 0% used [0x0000000799100000,0x0000000799100000,0x0000000799600000)
 ParOldGen       total 57856K, used 16564K [0x0000000740000000, 0x0000000743880000, 0x0000000795580000)
  object space 57856K, 28% used [0x0000000740000000,0x000000074102d0b0,0x0000000743880000)
 Metaspace       used 23362K, capacity 23625K, committed 23808K, reserved 1071104K
  class space    used 2374K, capacity 2485K, committed 2560K, reserved 1048576K
}
Event: 13.752 GC heap before
{Heap before GC invocations=5 (full 1):
 PSYoungGen      total 38400K, used 38384K [0x0000000795580000, 0x0000000799600000, 0x00000007c0000000)
  eden space 33280K, 100% used [0x0000000795580000,0x0000000797600000,0x0000000797600000)
  from space 5120K, 99% used [0x0000000797600000,0x0000000797afc1a0,0x0000000797b00000)
  to   space 5120K, 0% used [0x0000000799100000,0x0000000799100000,0x0000000799600000)
 ParOldGen       total 57856K, used 16564K [0x0000000740000000, 0x0000000743880000, 0x0000000795580000)
  object space 57856K, 28% used [0x0000000740000000,0x000000074102d0b0,0x0000000743880000)
 Metaspace       used 23987K, capacity 24271K, committed 24576K, reserved 1071104K
  class space    used 2375K, capacity 2486K, committed 2560K, reserved 1048576K
Event: 13.769 GC heap after
Heap after GC invocations=5 (full 1):
 PSYoungGen      total 59392K, used 4944K [0x0000000795580000, 0x0000000799600000, 0x00000007c0000000)
  eden space 54272K, 0% used [0x0000000795580000,0x0000000795580000,0x0000000798a80000)
  from space 5120K, 96% used [0x0000000799100000,0x00000007995d4190,0x0000000799600000)
  to   space 5120K, 0% used [0x0000000798c00000,0x0000000798c00000,0x0000000799100000)
 ParOldGen       total 57856K, used 16564K [0x0000000740000000, 0x0000000743880000, 0x0000000795580000)
  object space 57856K, 28% used [0x0000000740000000,0x000000074102d0b0,0x0000000743880000)
 Metaspace       used 23987K, capacity 24271K, committed 24576K, reserved 1071104K
  class space    used 2375K, capacity 2486K, committed 2560K, reserved 1048576K
}

Deoptimization events (10 events):
Event: 5.503 Thread 0x00007fdf3e1db800 Uncommon trap: reason=unstable_if action=reinterpret pc=0x000000010fd47f3c method=java.util.Arrays.equals([B[B)Z @ 41
Event: 5.504 Thread 0x00007fdf3e1db800 Uncommon trap: reason=unstable_if action=reinterpret pc=0x000000010fb37564 method=java.lang.String.indexOf([CII[CIII)I @ 27
Event: 5.796 Thread 0x00007fdf3e1db800 Uncommon trap: reason=unstable_if action=reinterpret pc=0x000000010fdebe2c method=com.sun.org.apache.xerces.internal.dom.DeferredDocumentImpl.ensureCapacity(I)V @ 88
Event: 5.796 Thread 0x00007fdf3e1db800 Uncommon trap: reason=class_check action=maybe_recompile pc=0x000000010fdeab88 method=com.sun.org.apache.xerces.internal.impl.XMLDocumentScannerImpl.next()I @ 4
Event: 6.018 Thread 0x00007fdf3e1db800 Uncommon trap: reason=unstable_if action=reinterpret pc=0x000000010fea29fc method=com.jogamp.common.util.IntIntHashMap.get(I)I @ 28
Event: 6.145 Thread 0x00007fdf3e1db800 Uncommon trap: reason=unstable_if action=reinterpret pc=0x000000010feee2c4 method=processing.opengl.PGraphicsOpenGL$InGeometry.addVertex(FFFIFFFFFIFIIIFIZ)I @ 218
Event: 14.751 Thread 0x00007fdf3e1db800 Uncommon trap: reason=unstable_if action=reinterpret pc=0x000000010fb95aa8 method=com.jogamp.common.util.VersionNumber.compareTo(Lcom/jogamp/common/util/VersionNumber;)I @ 21
Event: 14.766 Thread 0x00007fdf40252800 Uncommon trap: reason=unstable_if action=reinterpret pc=0x000000010fc7ead0 method=java.util.HashMap.putVal(ILjava/lang/Object;Ljava/lang/Object;ZZ)Ljava/lang/Object; @ 81
Event: 14.767 Thread 0x00007fdf40252800 Uncommon trap: reason=unstable_if action=reinterpret pc=0x000000010fc7ac18 method=java.util.HashMap.putVal(ILjava/lang/Object;Ljava/lang/Object;ZZ)Ljava/lang/Object; @ 81
Event: 14.792 Thread 0x00007fdf3e1db800 Uncommon trap: reason=unstable_if action=reinterpret pc=0x00000001100665e8 method=java.security.AccessControlContext.optimize()Ljava/security/AccessControlContext; @ 233

Internal exceptions (10 events):
Event: 0.458 Thread 0x00007fdf3f00e000 Exception <a 'java/lang/NoSuchFieldError': method resolution failed> (0x0000000795844348) thrown at [/Users/java_re/workspace/8-2-build-macosx-x86_64/jdk8u65/4987/hotspot/src/share/vm/prims/methodHandles.cpp, line 1146]
Event: 1.051 Thread 0x00007fdf3f00e000 Exception <a 'java/io/FileNotFoundException'> (0x00000007958c0300) thrown at [/Users/java_re/workspace/8-2-build-macosx-x86_64/jdk8u65/4987/hotspot/src/share/vm/prims/jni.cpp, line 709]
Event: 1.051 Thread 0x00007fdf3f00e000 Exception <a 'java/io/FileNotFoundException'> (0x00000007959676a8) thrown at [/Users/java_re/workspace/8-2-build-macosx-x86_64/jdk8u65/4987/hotspot/src/share/vm/prims/jni.cpp, line 709]
Event: 1.080 Thread 0x00007fdf3f00e000 Exception <a 'java/io/FileNotFoundException'> (0x00000007959b3a98) thrown at [/Users/java_re/workspace/8-2-build-macosx-x86_64/jdk8u65/4987/hotspot/src/share/vm/prims/jni.cpp, line 709]
Event: 1.295 Thread 0x00007fdf3f00e000 Exception <a 'java/io/FileNotFoundException'> (0x00000007959f6538) thrown at [/Users/java_re/workspace/8-2-build-macosx-x86_64/jdk8u65/4987/hotspot/src/share/vm/prims/jni.cpp, line 709]
Event: 3.698 Thread 0x00007fdf3e211000 Exception <a 'java/lang/UnsatisfiedLinkError': com.jogamp.common.util.JarUtil.fixNativeLibAttribs(Ljava/lang/String;)Z> (0x0000000796c0ba88) thrown at [/Users/java_re/workspace/8-2-build-macosx-x86_64/jdk8u65/4987/hotspot/src/share/vm/prims/nativeLookup.c
Event: 4.411 Thread 0x00007fdf40014000 Exception <a 'java/lang/NullPointerException'> (0x00000007956a48a0) thrown at [/Users/java_re/workspace/8-2-build-macosx-x86_64/jdk8u65/4987/hotspot/src/share/vm/interpreter/linkResolver.cpp, line 1178]
Event: 4.775 Thread 0x00007fdf3e1db800 Exception <a 'java/io/FileNotFoundException'> (0x0000000795f20800) thrown at [/Users/java_re/workspace/8-2-build-macosx-x86_64/jdk8u65/4987/hotspot/src/share/vm/prims/jni.cpp, line 709]
Event: 4.776 Thread 0x00007fdf3e1db800 Exception <a 'java/io/FileNotFoundException'> (0x0000000795f27740) thrown at [/Users/java_re/workspace/8-2-build-macosx-x86_64/jdk8u65/4987/hotspot/src/share/vm/prims/jni.cpp, line 709]
Event: 4.776 Thread 0x00007fdf3e1db800 Implicit null exception at 0x000000010fa153f5 to 0x000000010fa15745

Events (10 events):
Event: 14.791 Executing VM operation: RevokeBias done
Event: 14.792 Thread 0x00007fdf3e1db800 Uncommon trap: trap_request=0xffffff65 fr.pc=0x00000001100665e8
Event: 14.792 Thread 0x00007fdf3e1db800 DEOPT PACKING pc=0x00000001100665e8 sp=0x000000030e812970
Event: 14.794 Thread 0x00007fdf3e1db800 DEOPT UNPACKING pc=0x000000010f85c229 sp=0x000000030e812940 mode 2
Event: 14.794 loading class java/awt/LightweightDispatcher$2
Event: 14.794 loading class java/awt/LightweightDispatcher$2 done
Event: 14.795 loading class java/awt/event/AWTEventListenerProxy
Event: 14.795 loading class java/awt/event/AWTEventListenerProxy done
Event: 14.795 loading class java/awt/Toolkit$ToolkitEventMulticaster
Event: 14.795 loading class java/awt/Toolkit$ToolkitEventMulticaster done


Dynamic libraries:
0x0000000014510000 	/System/Library/Frameworks/Cocoa.framework/Versions/A/Cocoa
0x0000000014510000 	/System/Library/Frameworks/AppKit.framework/Versions/C/AppKit
0x0000000014510000 	/System/Library/Frameworks/CoreData.framework/Versions/A/CoreData
0x0000000014510000 	/System/Library/Frameworks/Foundation.framework/Versions/C/Foundation
0x0000000014510000 	/usr/lib/libSystem.B.dylib
0x0000000014510000 	/System/Library/PrivateFrameworks/UIFoundation.framework/Versions/A/UIFoundation
0x0000000014510000 	/System/Library/PrivateFrameworks/RemoteViewServices.framework/Versions/A/RemoteViewServices
0x0000000014510000 	/System/Library/PrivateFrameworks/XCTTargetBootstrap.framework/Versions/A/XCTTargetBootstrap
0x0000000014510000 	/System/Library/PrivateFrameworks/InternationalSupport.framework/Versions/A/InternationalSupport
0x0000000014510000 	/System/Library/PrivateFrameworks/UserActivity.framework/Versions/A/UserActivity
0x0000000014510000 	/usr/lib/libspindump.dylib
0x0000000014510000 	/System/Library/Frameworks/UniformTypeIdentifiers.framework/Versions/A/UniformTypeIdentifiers
0x0000000014510000 	/usr/lib/libapp_launch_measurement.dylib
0x0000000014510000 	/System/Library/PrivateFrameworks/CoreAnalytics.framework/Versions/A/CoreAnalytics
0x0000000014510000 	/System/Library/PrivateFrameworks/CoreAutoLayout.framework/Versions/A/CoreAutoLayout
0x0000000014510000 	/System/Library/Frameworks/Metal.framework/Versions/A/Metal
0x0000000014510000 	/usr/lib/liblangid.dylib
0x0000000014510000 	/System/Library/PrivateFrameworks/CoreSVG.framework/Versions/A/CoreSVG
0x0000000014510000 	/System/Library/PrivateFrameworks/SkyLight.framework/Versions/A/SkyLight
0x0000000014510000 	/System/Library/Frameworks/CoreGraphics.framework/Versions/A/CoreGraphics
0x0000000014510000 	/System/Library/Frameworks/Accelerate.framework/Versions/A/Accelerate
0x0000000014510000 	/System/Library/PrivateFrameworks/IconServices.framework/Versions/A/IconServices
0x0000000014510000 	/System/Library/Frameworks/IOSurface.framework/Versions/A/IOSurface
0x0000000014510000 	/usr/lib/libDiagnosticMessagesClient.dylib
0x0000000014510000 	/usr/lib/libz.1.dylib
0x0000000014510000 	/System/Library/Frameworks/ApplicationServices.framework/Versions/A/ApplicationServices
0x0000000014510000 	/System/Library/PrivateFrameworks/DFRFoundation.framework/Versions/A/DFRFoundation
0x0000000014510000 	/usr/lib/libicucore.A.dylib
0x0000000014510000 	/System/Library/Frameworks/AudioToolbox.framework/Versions/A/AudioToolbox
0x0000000014510000 	/System/Library/PrivateFrameworks/DataDetectorsCore.framework/Versions/A/DataDetectorsCore
0x0000000014510000 	/System/Library/PrivateFrameworks/TextInput.framework/Versions/A/TextInput
0x0000000014510000 	/usr/lib/libMobileGestalt.dylib
0x0000000014510000 	/System/Library/Frameworks/Carbon.framework/Versions/A/Frameworks/HIToolbox.framework/Versions/A/HIToolbox
0x0000000014510000 	/System/Library/Frameworks/QuartzCore.framework/Versions/A/QuartzCore
0x0000000014510000 	/System/Library/Frameworks/Security.framework/Versions/A/Security
0x0000000014510000 	/System/Library/Frameworks/Carbon.framework/Versions/A/Frameworks/SpeechRecognition.framework/Versions/A/SpeechRecognition
0x0000000014510000 	/System/Library/PrivateFrameworks/CoreUI.framework/Versions/A/CoreUI
0x0000000014510000 	/System/Library/Frameworks/CoreAudio.framework/Versions/A/CoreAudio
0x0000000014510000 	/System/Library/Frameworks/DiskArbitration.framework/Versions/A/DiskArbitration
0x0000000014510000 	/System/Library/PrivateFrameworks/MultitouchSupport.framework/Versions/A/MultitouchSupport
0x0000000014510000 	/usr/lib/libenergytrace.dylib
0x0000000014510000 	/System/Library/Frameworks/IOKit.framework/Versions/A/IOKit
0x0000000014510000 	/System/Library/Frameworks/CoreServices.framework/Versions/A/CoreServices
0x0000000014510000 	/System/Library/PrivateFrameworks/PerformanceAnalysis.framework/Versions/A/PerformanceAnalysis
0x0000000014510000 	/System/Library/Frameworks/OpenGL.framework/Versions/A/OpenGL
0x0000000014510000 	/System/Library/PrivateFrameworks/MobileKeyBag.framework/Versions/A/MobileKeyBag
0x0000000014510000 	/usr/lib/libobjc.A.dylib
0x0000000014510000 	/System/Library/Frameworks/ColorSync.framework/Versions/A/ColorSync
0x0000000014510000 	/System/Library/Frameworks/CoreFoundation.framework/Versions/A/CoreFoundation
0x0000000014510000 	/System/Library/Frameworks/CoreImage.framework/Versions/A/CoreImage
0x0000000014510000 	/System/Library/Frameworks/CoreText.framework/Versions/A/CoreText
0x0000000014510000 	/System/Library/Frameworks/ImageIO.framework/Versions/A/ImageIO
0x0000000014510000 	/System/Library/PrivateFrameworks/SoftLinking.framework/Versions/A/SoftLinking
0x0000000014510000 	/usr/lib/libxml2.2.dylib
0x0000000014510000 	/usr/lib/libc++.1.dylib
0x0000000014510000 	/usr/lib/libcompression.dylib
0x0000000014510000 	/System/Library/PrivateFrameworks/TextureIO.framework/Versions/A/TextureIO
0x0000000014510000 	/usr/lib/libate.dylib
0x0000000014510000 	/usr/lib/system/libcache.dylib
0x0000000014510000 	/usr/lib/system/libcommonCrypto.dylib
0x0000000014510000 	/usr/lib/system/libcompiler_rt.dylib
0x0000000014510000 	/usr/lib/system/libcopyfile.dylib
0x0000000014510000 	/usr/lib/system/libcorecrypto.dylib
0x0000000014510000 	/usr/lib/system/libdispatch.dylib
0x0000000014510000 	/usr/lib/system/libdyld.dylib
0x0000000014510000 	/usr/lib/system/libkeymgr.dylib
0x0000000014510000 	/usr/lib/system/libmacho.dylib
0x0000000014510000 	/usr/lib/system/libquarantine.dylib
0x0000000014510000 	/usr/lib/system/libremovefile.dylib
0x0000000014510000 	/usr/lib/system/libsystem_asl.dylib
0x0000000014510000 	/usr/lib/system/libsystem_blocks.dylib
0x0000000014510000 	/usr/lib/system/libsystem_c.dylib
0x0000000014510000 	/usr/lib/system/libsystem_collections.dylib
0x0000000014510000 	/usr/lib/system/libsystem_configuration.dylib
0x0000000014510000 	/usr/lib/system/libsystem_containermanager.dylib
0x0000000014510000 	/usr/lib/system/libsystem_coreservices.dylib
0x0000000014510000 	/usr/lib/system/libsystem_darwin.dylib
0x0000000014510000 	/usr/lib/system/libsystem_dnssd.dylib
0x0000000014510000 	/usr/lib/system/libsystem_featureflags.dylib
0x0000000014510000 	/usr/lib/system/libsystem_info.dylib
0x0000000014510000 	/usr/lib/system/libsystem_m.dylib
0x0000000014510000 	/usr/lib/system/libsystem_malloc.dylib
0x0000000014510000 	/usr/lib/system/libsystem_networkextension.dylib
0x0000000014510000 	/usr/lib/system/libsystem_notify.dylib
0x0000000014510000 	/usr/lib/system/libsystem_product_info_filter.dylib
0x0000000014510000 	/usr/lib/system/libsystem_sandbox.dylib
0x0000000014510000 	/usr/lib/system/libsystem_secinit.dylib
0x0000000014510000 	/usr/lib/system/libsystem_kernel.dylib
0x0000000014510000 	/usr/lib/system/libsystem_platform.dylib
0x0000000014510000 	/usr/lib/system/libsystem_pthread.dylib
0x0000000014510000 	/usr/lib/system/libsystem_symptoms.dylib
0x0000000014510000 	/usr/lib/system/libsystem_trace.dylib
0x0000000014510000 	/usr/lib/system/libunwind.dylib
0x0000000014510000 	/usr/lib/system/libxpc.dylib
0x0000000014510000 	/usr/lib/libc++abi.dylib
0x0000000014510000 	/usr/lib/liboah.dylib
0x0000000014510000 	/usr/lib/liblzma.5.dylib
0x0000000014510000 	/System/Library/Frameworks/SystemConfiguration.framework/Versions/A/SystemConfiguration
0x0000000014510000 	/usr/lib/libfakelink.dylib
0x0000000014510000 	/System/Library/Frameworks/CFNetwork.framework/Versions/A/CFNetwork
0x0000000014510000 	/usr/lib/libarchive.2.dylib
0x0000000014510000 	/System/Library/PrivateFrameworks/AppleSystemInfo.framework/Versions/A/AppleSystemInfo
0x0000000014510000 	/usr/lib/libbsm.0.dylib
0x0000000014510000 	/usr/lib/libnetwork.dylib
0x0000000014510000 	/usr/lib/system/libkxld.dylib
0x0000000014510000 	/System/Library/PrivateFrameworks/IOMobileFramebuffer.framework/Versions/A/IOMobileFramebuffer
0x0000000014510000 	/usr/lib/libCoreEntitlements.dylib
0x0000000014510000 	/System/Library/PrivateFrameworks/AppleFSCompression.framework/Versions/A/AppleFSCompression
0x0000000014510000 	/usr/lib/libcoretls.dylib
0x0000000014510000 	/usr/lib/libcoretls_cfhelpers.dylib
0x0000000014510000 	/usr/lib/libpam.2.dylib
0x0000000014510000 	/usr/lib/libsqlite3.dylib
0x0000000014510000 	/usr/lib/libxar.1.dylib
0x0000000014510000 	/usr/lib/libbz2.1.0.dylib
0x0000000014510000 	/usr/lib/libpcap.A.dylib
0x0000000014510000 	/usr/lib/libdns_services.dylib
0x0000000014510000 	/usr/lib/libapple_nghttp2.dylib
0x0000000014510000 	/usr/lib/libiconv.2.dylib
0x0000000014510000 	/usr/lib/libcharset.1.dylib
0x0000000014510000 	/System/Library/Frameworks/CoreServices.framework/Versions/A/Frameworks/FSEvents.framework/Versions/A/FSEvents
0x0000000014510000 	/System/Library/Frameworks/CoreServices.framework/Versions/A/Frameworks/CarbonCore.framework/Versions/A/CarbonCore
0x0000000014510000 	/System/Library/Frameworks/CoreServices.framework/Versions/A/Frameworks/Metadata.framework/Versions/A/Metadata
0x0000000014510000 	/System/Library/Frameworks/CoreServices.framework/Versions/A/Frameworks/OSServices.framework/Versions/A/OSServices
0x0000000014510000 	/System/Library/Frameworks/CoreServices.framework/Versions/A/Frameworks/SearchKit.framework/Versions/A/SearchKit
0x0000000014510000 	/System/Library/Frameworks/CoreServices.framework/Versions/A/Frameworks/AE.framework/Versions/A/AE
0x0000000014510000 	/System/Library/Frameworks/CoreServices.framework/Versions/A/Frameworks/LaunchServices.framework/Versions/A/LaunchServices
0x0000000014510000 	/System/Library/Frameworks/CoreServices.framework/Versions/A/Frameworks/DictionaryServices.framework/Versions/A/DictionaryServices
0x0000000014510000 	/System/Library/Frameworks/CoreServices.framework/Versions/A/Frameworks/SharedFileList.framework/Versions/A/SharedFileList
0x0000000014510000 	/usr/lib/libCheckFix.dylib
0x0000000014510000 	/System/Library/PrivateFrameworks/TCC.framework/Versions/A/TCC
0x0000000014510000 	/System/Library/PrivateFrameworks/CoreNLP.framework/Versions/A/CoreNLP
0x0000000014510000 	/System/Library/PrivateFrameworks/MetadataUtilities.framework/Versions/A/MetadataUtilities
0x0000000014510000 	/usr/lib/libmecabra.dylib
0x0000000014510000 	/usr/lib/libmecab.dylib
0x0000000014510000 	/usr/lib/libCRFSuite.dylib
0x0000000014510000 	/usr/lib/libgermantok.dylib
0x0000000014510000 	/usr/lib/libThaiTokenizer.dylib
0x0000000014510000 	/System/Library/Frameworks/Accelerate.framework/Versions/A/Frameworks/vImage.framework/Versions/A/vImage
0x0000000014510000 	/System/Library/Frameworks/Accelerate.framework/Versions/A/Frameworks/vecLib.framework/Versions/A/vecLib
0x0000000014510000 	/System/Library/Frameworks/Accelerate.framework/Versions/A/Frameworks/vecLib.framework/Versions/A/libvMisc.dylib
0x0000000014510000 	/System/Library/Frameworks/Accelerate.framework/Versions/A/Frameworks/vecLib.framework/Versions/A/libvDSP.dylib
0x0000000014510000 	/System/Library/Frameworks/Accelerate.framework/Versions/A/Frameworks/vecLib.framework/Versions/A/libBLAS.dylib
0x0000000014510000 	/System/Library/Frameworks/Accelerate.framework/Versions/A/Frameworks/vecLib.framework/Versions/A/libLAPACK.dylib
0x0000000014510000 	/System/Library/Frameworks/Accelerate.framework/Versions/A/Frameworks/vecLib.framework/Versions/A/libLinearAlgebra.dylib
0x0000000014510000 	/System/Library/Frameworks/Accelerate.framework/Versions/A/Frameworks/vecLib.framework/Versions/A/libSparseBLAS.dylib
0x0000000014510000 	/System/Library/Frameworks/Accelerate.framework/Versions/A/Frameworks/vecLib.framework/Versions/A/libQuadrature.dylib
0x0000000014510000 	/System/Library/Frameworks/Accelerate.framework/Versions/A/Frameworks/vecLib.framework/Versions/A/libBNNS.dylib
0x0000000014510000 	/System/Library/Frameworks/Accelerate.framework/Versions/A/Frameworks/vecLib.framework/Versions/A/libSparse.dylib
0x0000000014510000 	/System/Library/PrivateFrameworks/LinguisticData.framework/Versions/A/LinguisticData
0x0000000014510000 	/System/Library/PrivateFrameworks/Lexicon.framework/Versions/A/Lexicon
0x0000000014510000 	/usr/lib/libChineseTokenizer.dylib
0x0000000014510000 	/System/Library/PrivateFrameworks/LanguageModeling.framework/Versions/A/LanguageModeling
0x0000000014510000 	/System/Library/PrivateFrameworks/AppleSauce.framework/Versions/A/AppleSauce
0x0000000014510000 	/System/Library/PrivateFrameworks/CoreEmoji.framework/Versions/A/CoreEmoji
0x0000000014510000 	/usr/lib/libcmph.dylib
0x0000000014510000 	/System/Library/Frameworks/OpenDirectory.framework/Versions/A/Frameworks/CFOpenDirectory.framework/Versions/A/CFOpenDirectory
0x0000000014510000 	/System/Library/Frameworks/OpenDirectory.framework/Versions/A/OpenDirectory
0x0000000014510000 	/System/Library/PrivateFrameworks/APFS.framework/Versions/A/APFS
0x0000000014510000 	/System/Library/Frameworks/SecurityFoundation.framework/Versions/A/SecurityFoundation
0x0000000014510000 	/usr/lib/libutil.dylib
0x0000000014510000 	/System/Library/PrivateFrameworks/CoreServicesStore.framework/Versions/A/CoreServicesStore
0x0000000014510000 	/usr/lib/libxslt.1.dylib
0x0000000014510000 	/System/Library/PrivateFrameworks/BackgroundTaskManagement.framework/Versions/A/BackgroundTaskManagement
0x0000000014510000 	/System/Library/Frameworks/ImageIO.framework/Versions/A/Resources/libRadiance.dylib
0x0000000014510000 	/System/Library/Frameworks/ImageIO.framework/Versions/A/Resources/libJPEG.dylib
0x0000000014510000 	/System/Library/Frameworks/ImageIO.framework/Versions/A/Resources/libPng.dylib
0x0000000014510000 	/System/Library/Frameworks/ImageIO.framework/Versions/A/Resources/libTIFF.dylib
0x0000000014510000 	/System/Library/Frameworks/ImageIO.framework/Versions/A/Resources/libGIF.dylib
0x0000000014510000 	/System/Library/Frameworks/ImageIO.framework/Versions/A/Resources/libJP2.dylib
0x0000000014510000 	/usr/lib/libexpat.1.dylib
0x0000000014510000 	/System/Library/PrivateFrameworks/AppleJPEG.framework/Versions/A/AppleJPEG
0x0000000014510000 	/System/Library/PrivateFrameworks/FontServices.framework/libFontParser.dylib
0x0000000014510000 	/System/Library/PrivateFrameworks/RunningBoardServices.framework/Versions/A/RunningBoardServices
0x0000000014510000 	/System/Library/PrivateFrameworks/IOSurfaceAccelerator.framework/Versions/A/IOSurfaceAccelerator
0x0000000014510000 	/System/Library/PrivateFrameworks/WatchdogClient.framework/Versions/A/WatchdogClient
0x0000000014510000 	/System/Library/Frameworks/CoreDisplay.framework/Versions/A/CoreDisplay
0x0000000014510000 	/System/Library/Frameworks/CoreMedia.framework/Versions/A/CoreMedia
0x0000000014510000 	/System/Library/PrivateFrameworks/IOAccelerator.framework/Versions/A/IOAccelerator
0x0000000014510000 	/System/Library/Frameworks/CoreVideo.framework/Versions/A/CoreVideo
0x0000000014510000 	/System/Library/Frameworks/MetalPerformanceShaders.framework/Versions/A/MetalPerformanceShaders
0x0000000014510000 	/System/Library/Frameworks/VideoToolbox.framework/Versions/A/VideoToolbox
0x0000000014510000 	/System/Library/PrivateFrameworks/BaseBoard.framework/Versions/A/BaseBoard
0x0000000014510000 	/System/Library/PrivateFrameworks/ProtocolBuffer.framework/Versions/A/ProtocolBuffer
0x0000000014510000 	/System/Library/PrivateFrameworks/GPUWrangler.framework/Versions/A/GPUWrangler
0x0000000014510000 	/System/Library/PrivateFrameworks/IOPresentment.framework/Versions/A/IOPresentment
0x0000000014510000 	/System/Library/PrivateFrameworks/DSExternalDisplay.framework/Versions/A/DSExternalDisplay
0x0000000014510000 	/System/Library/Frameworks/OpenGL.framework/Versions/A/Libraries/libCoreFSCache.dylib
0x0000000014510000 	/System/Library/PrivateFrameworks/GPUCompiler.framework/Versions/31001/Libraries/libGPUCompilerUtils.dylib
0x0000000014510000 	/System/Library/PrivateFrameworks/CMCaptureCore.framework/Versions/A/CMCaptureCore
0x0000000014510000 	/System/Library/PrivateFrameworks/AppServerSupport.framework/Versions/A/AppServerSupport
0x0000000014510000 	/System/Library/PrivateFrameworks/perfdata.framework/Versions/A/perfdata
0x0000000014510000 	/System/Library/PrivateFrameworks/AudioToolboxCore.framework/Versions/A/AudioToolboxCore
0x0000000014510000 	/System/Library/PrivateFrameworks/caulk.framework/Versions/A/caulk
0x0000000014510000 	/usr/lib/libAudioStatistics.dylib
0x0000000014510000 	/System/Library/PrivateFrameworks/SystemPolicy.framework/Versions/A/SystemPolicy
0x0000000014510000 	/usr/lib/libSMC.dylib
0x0000000014510000 	/System/Library/Frameworks/CoreMIDI.framework/Versions/A/CoreMIDI
0x0000000014510000 	/usr/lib/libAudioToolboxUtility.dylib
0x0000000014510000 	/System/Library/PrivateFrameworks/OSAServicesClient.framework/Versions/A/OSAServicesClient
0x0000000014510000 	/usr/lib/libperfcheck.dylib
0x0000000014510000 	/usr/lib/libmis.dylib
0x0000000014510000 	/System/Library/Frameworks/OpenGL.framework/Versions/A/Libraries/libGLU.dylib
0x0000000014510000 	/System/Library/Frameworks/OpenGL.framework/Versions/A/Libraries/libGFXShared.dylib
0x0000000014510000 	/System/Library/Frameworks/OpenGL.framework/Versions/A/Libraries/libGL.dylib
0x0000000014510000 	/System/Library/Frameworks/OpenGL.framework/Versions/A/Libraries/libGLImage.dylib
0x0000000014510000 	/System/Library/Frameworks/OpenGL.framework/Versions/A/Libraries/libCVMSPluginSupport.dylib
0x0000000014510000 	/System/Library/Frameworks/OpenGL.framework/Versions/A/Libraries/libCoreVMClient.dylib
0x0000000014510000 	/System/Library/Frameworks/MetalPerformanceShaders.framework/Versions/A/Frameworks/MPSCore.framework/Versions/A/MPSCore
0x0000000014510000 	/System/Library/Frameworks/MetalPerformanceShaders.framework/Versions/A/Frameworks/MPSImage.framework/Versions/A/MPSImage
0x0000000014510000 	/System/Library/Frameworks/MetalPerformanceShaders.framework/Versions/A/Frameworks/MPSNeuralNetwork.framework/Versions/A/MPSNeuralNetwork
0x0000000014510000 	/System/Library/Frameworks/MetalPerformanceShaders.framework/Versions/A/Frameworks/MPSMatrix.framework/Versions/A/MPSMatrix
0x0000000014510000 	/System/Library/Frameworks/MetalPerformanceShaders.framework/Versions/A/Frameworks/MPSRayIntersector.framework/Versions/A/MPSRayIntersector
0x0000000014510000 	/System/Library/Frameworks/MetalPerformanceShaders.framework/Versions/A/Frameworks/MPSNDArray.framework/Versions/A/MPSNDArray
0x0000000014510000 	/System/Library/Frameworks/MetalPerformanceShaders.framework/Versions/A/Frameworks/MPSFunctions.framework/Versions/A/MPSFunctions
0x0000000014510000 	/System/Library/PrivateFrameworks/MetalTools.framework/Versions/A/MetalTools
0x0000000014510000 	/System/Library/PrivateFrameworks/AggregateDictionary.framework/Versions/A/AggregateDictionary
0x0000000014510000 	/usr/lib/libIOReport.dylib
0x0000000014510000 	/System/Library/Frameworks/OpenCL.framework/Versions/A/OpenCL
0x0000000014510000 	/System/Library/PrivateFrameworks/FaceCore.framework/Versions/A/FaceCore
0x0000000014510000 	/System/Library/PrivateFrameworks/GraphVisualizer.framework/Versions/A/GraphVisualizer
0x0000000014510000 	/System/Library/PrivateFrameworks/FontServices.framework/Versions/A/FontServices
0x0000000014510000 	/System/Library/PrivateFrameworks/OTSVG.framework/Versions/A/OTSVG
0x0000000014510000 	/System/Library/Frameworks/ApplicationServices.framework/Versions/A/Frameworks/ATS.framework/Versions/A/Resources/libFontRegistry.dylib
0x0000000014510000 	/System/Library/PrivateFrameworks/FontServices.framework/libhvf.dylib
0x0000000014510000 	/System/Library/PrivateFrameworks/FontServices.framework/libXTFontStaticRegistryData.dylib
0x0000000014510000 	/System/Library/PrivateFrameworks/AppleVA.framework/Versions/A/AppleVA
0x0000000014510000 	/System/Library/Frameworks/ApplicationServices.framework/Versions/A/Frameworks/ATS.framework/Versions/A/ATS
0x0000000014510000 	/System/Library/Frameworks/ApplicationServices.framework/Versions/A/Frameworks/HIServices.framework/Versions/A/HIServices
0x0000000014510000 	/System/Library/Frameworks/ApplicationServices.framework/Versions/A/Frameworks/PrintCore.framework/Versions/A/PrintCore
0x0000000014510000 	/System/Library/Frameworks/ApplicationServices.framework/Versions/A/Frameworks/QD.framework/Versions/A/QD
0x0000000014510000 	/System/Library/Frameworks/ApplicationServices.framework/Versions/A/Frameworks/ColorSyncLegacy.framework/Versions/A/ColorSyncLegacy
0x0000000014510000 	/System/Library/Frameworks/ApplicationServices.framework/Versions/A/Frameworks/SpeechSynthesis.framework/Versions/A/SpeechSynthesis
0x0000000014510000 	/System/Library/Frameworks/ApplicationServices.framework/Versions/A/Frameworks/ATSUI.framework/Versions/A/ATSUI
0x0000000014510000 	/usr/lib/libcups.2.dylib
0x0000000014510000 	/System/Library/Frameworks/Kerberos.framework/Versions/A/Kerberos
0x0000000014510000 	/System/Library/Frameworks/GSS.framework/Versions/A/GSS
0x0000000014510000 	/usr/lib/libresolv.9.dylib
0x0000000014510000 	/System/Library/PrivateFrameworks/Heimdal.framework/Versions/A/Heimdal
0x0000000014510000 	/System/Library/Frameworks/Kerberos.framework/Versions/A/Libraries/libHeimdalProxy.dylib
0x0000000014510000 	/System/Library/Frameworks/Network.framework/Versions/A/Network
0x0000000014510000 	/usr/lib/libheimdal-asn1.dylib
0x0000000014510000 	/System/Library/PrivateFrameworks/CommonAuth.framework/Versions/A/CommonAuth
0x0000000014510000 	/System/Library/PrivateFrameworks/AudioSession.framework/Versions/A/AudioSession
0x0000000014510000 	/System/Library/PrivateFrameworks/MediaExperience.framework/Versions/A/MediaExperience
0x0000000014510000 	/System/Library/PrivateFrameworks/AudioSession.framework/libSessionUtility.dylib
0x0000000014510000 	/System/Library/PrivateFrameworks/AudioResourceArbitration.framework/Versions/A/AudioResourceArbitration
0x0000000014510000 	/System/Library/PrivateFrameworks/PowerLog.framework/Versions/A/PowerLog
0x0000000014510000 	/System/Library/PrivateFrameworks/IconFoundation.framework/Versions/A/IconFoundation
0x0000000014510000 	/System/Library/PrivateFrameworks/SpeechRecognitionCore.framework/Versions/A/SpeechRecognitionCore
0x000000010d9fc000 	/Library/Java/JavaVirtualMachines/jdk1.8.0_65.jdk/Contents/Home/jre/lib/server/libjvm.dylib
0x0000000014510000 	/usr/lib/libstdc++.6.dylib
0x000000010cab9000 	/Library/Java/JavaVirtualMachines/jdk1.8.0_65.jdk/Contents/Home/jre/lib/libverify.dylib
0x000000010cb0d000 	/Library/Java/JavaVirtualMachines/jdk1.8.0_65.jdk/Contents/Home/jre/lib/libjava.dylib
0x000000010cae9000 	/Library/Java/JavaVirtualMachines/jdk1.8.0_65.jdk/Contents/Home/jre/lib/libzip.dylib
0x0000000014510000 	/System/Library/Frameworks/JavaRuntimeSupport.framework/Versions/A/JavaRuntimeSupport
0x0000000014510000 	/System/Library/Frameworks/Carbon.framework/Versions/A/Carbon
0x0000000014510000 	/System/Library/PrivateFrameworks/CoreSymbolication.framework/Versions/A/CoreSymbolication
0x0000000014510000 	/System/Library/Frameworks/Carbon.framework/Versions/A/Frameworks/CommonPanels.framework/Versions/A/CommonPanels
0x0000000014510000 	/System/Library/Frameworks/Carbon.framework/Versions/A/Frameworks/Help.framework/Versions/A/Help
0x0000000014510000 	/System/Library/Frameworks/Carbon.framework/Versions/A/Frameworks/ImageCapture.framework/Versions/A/ImageCapture
0x0000000014510000 	/System/Library/Frameworks/Carbon.framework/Versions/A/Frameworks/OpenScripting.framework/Versions/A/OpenScripting
0x0000000014510000 	/System/Library/Frameworks/Carbon.framework/Versions/A/Frameworks/Ink.framework/Versions/A/Ink
0x0000000014510000 	/System/Library/Frameworks/Carbon.framework/Versions/A/Frameworks/Print.framework/Versions/A/Print
0x0000000014510000 	/System/Library/Frameworks/Carbon.framework/Versions/A/Frameworks/SecurityHI.framework/Versions/A/SecurityHI
0x0000000014510000 	/System/Library/PrivateFrameworks/DebugSymbols.framework/Versions/A/DebugSymbols
0x000000012522f000 	/Library/Java/JavaVirtualMachines/jdk1.8.0_65.jdk/Contents/Home/jre/lib/libawt.dylib
0x000000012544c000 	/Library/Java/JavaVirtualMachines/jdk1.8.0_65.jdk/Contents/Home/jre/lib/libmlib_image.dylib
0x0000000014510000 	/System/Library/Frameworks/JavaNativeFoundation.framework/Versions/A/JavaNativeFoundation
0x00000001255d4000 	/Library/Java/JavaVirtualMachines/jdk1.8.0_65.jdk/Contents/Home/jre/lib/libawt_lwawt.dylib
0x00000001251c4000 	/Library/Java/JavaVirtualMachines/jdk1.8.0_65.jdk/Contents/Home/jre/lib/libosxapp.dylib
0x0000000014510000 	/System/Library/Frameworks/ExceptionHandling.framework/Versions/A/ExceptionHandling
0x0000000014510000 	/System/Library/PrivateFrameworks/CoreServicesInternal.framework/Versions/A/CoreServicesInternal
0x0000000014510000 	/System/Library/Frameworks/FileProvider.framework/Versions/A/FileProvider
0x0000000014510000 	/System/Library/Frameworks/Accounts.framework/Versions/A/Accounts
0x0000000014510000 	/System/Library/PrivateFrameworks/GenerationalStorage.framework/Versions/A/GenerationalStorage
0x0000000014510000 	/System/Library/PrivateFrameworks/SymptomDiagnosticReporter.framework/Versions/A/SymptomDiagnosticReporter
0x0000000014510000 	/System/Library/PrivateFrameworks/DesktopServicesPriv.framework/Versions/A/DesktopServicesPriv
0x0000000014510000 	/usr/lib/libsandbox.1.dylib
0x0000000014510000 	/System/Library/PrivateFrameworks/UserManagement.framework/Versions/A/UserManagement
0x0000000014510000 	/System/Library/PrivateFrameworks/NetAuth.framework/Versions/A/NetAuth
0x0000000014510000 	/System/Library/PrivateFrameworks/Sharing.framework/Versions/A/Sharing
0x0000000014510000 	/System/Library/PrivateFrameworks/login.framework/Versions/A/Frameworks/loginsupport.framework/Versions/A/loginsupport
0x0000000014510000 	/System/Library/PrivateFrameworks/Apple80211.framework/Versions/A/Apple80211
0x0000000014510000 	/System/Library/PrivateFrameworks/AuthKit.framework/Versions/A/AuthKit
0x0000000014510000 	/System/Library/PrivateFrameworks/CoreUtils.framework/Versions/A/CoreUtils
0x0000000014510000 	/System/Library/Frameworks/CoreWLAN.framework/Versions/A/CoreWLAN
0x0000000014510000 	/System/Library/Frameworks/IOBluetooth.framework/Versions/A/IOBluetooth
0x0000000014510000 	/System/Library/PrivateFrameworks/CoreWiFi.framework/Versions/A/CoreWiFi
0x0000000014510000 	/System/Library/PrivateFrameworks/FrontBoardServices.framework/Versions/A/FrontBoardServices
0x0000000014510000 	/System/Library/PrivateFrameworks/BoardServices.framework/Versions/A/BoardServices
0x0000000014510000 	/System/Library/PrivateFrameworks/AssertionServices.framework/Versions/A/AssertionServices
0x0000000014510000 	/System/Library/PrivateFrameworks/BackBoardServices.framework/Versions/A/BackBoardServices
0x0000000014510000 	/System/Library/PrivateFrameworks/CorePhoneNumbers.framework/Versions/A/CorePhoneNumbers
0x0000000014510000 	/System/Library/PrivateFrameworks/MultiverseSupport.framework/Versions/A/MultiverseSupport
0x0000000014510000 	/System/Library/PrivateFrameworks/RemoteServiceDiscovery.framework/Versions/A/RemoteServiceDiscovery
0x0000000014510000 	/System/Library/PrivateFrameworks/DiskManagement.framework/Versions/A/DiskManagement
0x0000000014510000 	/System/Library/PrivateFrameworks/AppleIDAuthSupport.framework/Versions/A/AppleIDAuthSupport
0x0000000014510000 	/System/Library/PrivateFrameworks/AAAFoundation.framework/Versions/A/AAAFoundation
0x0000000014510000 	/System/Library/PrivateFrameworks/KeychainCircle.framework/Versions/A/KeychainCircle
0x0000000014510000 	/System/Library/PrivateFrameworks/RemoteXPC.framework/Versions/A/RemoteXPC
0x0000000014510000 	/System/Library/PrivateFrameworks/MediaKit.framework/Versions/A/MediaKit
0x0000000014510000 	/System/Library/Frameworks/DiscRecording.framework/Versions/A/DiscRecording
0x0000000014510000 	/usr/lib/libCoreStorage.dylib
0x0000000014510000 	/usr/lib/libcsfde.dylib
0x0000000014510000 	/System/Library/PrivateFrameworks/ProtectedCloudStorage.framework/Versions/A/ProtectedCloudStorage
0x0000000014510000 	/System/Library/PrivateFrameworks/EFILogin.framework/Versions/A/EFILogin
0x0000000014510000 	/System/Library/PrivateFrameworks/OctagonTrust.framework/Versions/A/OctagonTrust
0x0000000014510000 	/System/Library/PrivateFrameworks/CoreUtilsExtras.framework/Versions/A/CoreUtilsExtras
0x0000000014510000 	/System/Library/Frameworks/CoreBluetooth.framework/Versions/A/CoreBluetooth
0x0000000014510000 	/System/Library/Frameworks/AudioUnit.framework/Versions/A/AudioUnit
0x0000000014510000 	/usr/lib/libMatch.1.dylib
0x0000000014510000 	/System/Library/CoreServices/RawCamera.bundle/Contents/MacOS/RawCamera
0x0000000014510000 	/System/Library/PrivateFrameworks/MobileAsset.framework/Versions/A/MobileAsset
0x0000000014510000 	/System/Library/PrivateFrameworks/StreamingZip.framework/Versions/A/StreamingZip
0x0000000014510000 	/System/Library/PrivateFrameworks/CMPhoto.framework/Versions/A/CMPhoto
0x0000000014510000 	/System/Library/PrivateFrameworks/AppleVPA.framework/Versions/A/AppleVPA
0x0000000014510000 	/System/Library/Frameworks/MediaToolbox.framework/Versions/A/MediaToolbox
0x0000000014510000 	/System/Library/PrivateFrameworks/CoreAVCHD.framework/Versions/A/CoreAVCHD
0x0000000014510000 	/System/Library/Frameworks/MediaAccessibility.framework/Versions/A/MediaAccessibility
0x0000000014510000 	/System/Library/PrivateFrameworks/Mangrove.framework/Versions/A/Mangrove
0x0000000014510000 	/System/Library/PrivateFrameworks/AlgosScoreFramework.framework/Versions/A/AlgosScoreFramework
0x0000000014510000 	/System/Library/PrivateFrameworks/CoreAUC.framework/Versions/A/CoreAUC
0x0000000014510000 	/System/Library/Frameworks/Accelerate.framework/Versions/A/Frameworks/vImage.framework/Versions/A/Libraries/libCGInterfaces.dylib
0x00000001276d8000 	/usr/lib/libobjc-trampolines.dylib
0x0000000014510000 	/System/Library/PrivateFrameworks/FamilyControls.framework/Versions/A/FamilyControls
0x0000000014510000 	/System/Library/PrivateFrameworks/CommerceKit.framework/Versions/A/Frameworks/CommerceCore.framework/Versions/A/CommerceCore
0x0000000014510000 	/System/Library/PrivateFrameworks/SystemAdministration.framework/Versions/A/SystemAdministration
0x0000000014510000 	/System/Library/PrivateFrameworks/AppContainer.framework/Versions/A/AppContainer
0x0000000014510000 	/System/Library/PrivateFrameworks/SecCodeWrapper.framework/Versions/A/SecCodeWrapper
0x0000000014510000 	/System/Library/PrivateFrameworks/CrashReporterSupport.framework/Versions/A/CrashReporterSupport
0x0000000014510000 	/System/Library/PrivateFrameworks/OSAnalytics.framework/Versions/A/OSAnalytics
0x0000000014510000 	/System/Library/PrivateFrameworks/Symbolication.framework/Versions/A/Symbolication
0x0000000014510000 	/System/Library/PrivateFrameworks/MallocStackLogging.framework/Versions/A/MallocStackLogging
0x0000000014510000 	/System/Library/PrivateFrameworks/login.framework/Versions/A/login
0x0000000014510000 	/System/Library/Frameworks/DirectoryService.framework/Versions/A/DirectoryService
0x0000000014510000 	/System/Library/PrivateFrameworks/DiskImages.framework/Versions/A/DiskImages
0x0000000014510000 	/System/Library/Frameworks/ServiceManagement.framework/Versions/A/ServiceManagement
0x0000000014510000 	/System/Library/PrivateFrameworks/LoginUIKit.framework/Versions/A/Frameworks/LoginUICore.framework/Versions/A/LoginUICore
0x0000000014510000 	/usr/lib/libodfde.dylib
0x0000000014510000 	/usr/lib/libcurl.4.dylib
0x0000000014510000 	/usr/lib/libcrypto.46.dylib
0x0000000014510000 	/usr/lib/libssl.48.dylib
0x0000000014510000 	/System/Library/Frameworks/LDAP.framework/Versions/A/LDAP
0x0000000014510000 	/System/Library/PrivateFrameworks/TrustEvaluationAgent.framework/Versions/A/TrustEvaluationAgent
0x0000000014510000 	/usr/lib/libsasl2.2.dylib
0x0000000014510000 	/System/Library/PrivateFrameworks/CoreDaemon.framework/Versions/B/CoreDaemon
0x0000000014510000 	/System/Library/PrivateFrameworks/AppleSRP.framework/Versions/A/AppleSRP
0x0000000014510000 	/System/Library/PrivateFrameworks/ViewBridge.framework/Versions/A/ViewBridge
0x0000000014510000 	/System/Library/Frameworks/OpenGL.framework/Versions/A/Resources/GLEngine.bundle/GLEngine
0x0000000014510000 	/System/Library/Frameworks/OpenGL.framework/Versions/A/Libraries/libGLProgrammability.dylib
0x0000000128da9000 	/System/Library/Extensions/AppleMetalOpenGLRenderer.bundle/Contents/MacOS/AppleMetalOpenGLRenderer
0x0000000014510000 	/System/Library/Frameworks/OpenGL.framework/Versions/A/Resources/GLRendererFloat.bundle/GLRendererFloat
0x0000000014510000 	/System/Library/Extensions/AGXMetal13_3.bundle/Contents/MacOS/AGXMetal13_3
0x0000000014510000 	/System/Library/PrivateFrameworks/GPURawCounter.framework/Versions/A/GPURawCounter
0x0000000014510000 	/System/Library/PrivateFrameworks/IOGPU.framework/Versions/A/IOGPU
0x000000012910b000 	/Library/Java/JavaVirtualMachines/jdk1.8.0_65.jdk/Contents/Home/jre/lib/libfontmanager.dylib
0x0000000129964000 	/Library/Java/JavaVirtualMachines/jdk1.8.0_65.jdk/Contents/Home/jre/lib/libosxui.dylib
0x0000000014510000 	/System/Library/PrivateFrameworks/AccessibilityBundles.framework/Versions/A/AccessibilityBundles
0x0000000129c65000 	/Library/Java/JavaVirtualMachines/jdk1.8.0_65.jdk/Contents/Home/jre/lib/libnet.dylib
0x0000000129ca0000 	/Library/Java/JavaVirtualMachines/jdk1.8.0_65.jdk/Contents/Home/jre/lib/libnio.dylib
0x000000015b323000 	/private/var/folders/cv/bgpfnx5j4tv764jr13v1s2000000gn/T/jogamp_0000/file_cache/jln5911603631990435920/jln4845008861702759876/libgluegen-rt.jnilib
0x000000015b340000 	/private/var/folders/cv/bgpfnx5j4tv764jr13v1s2000000gn/T/jogamp_0000/file_cache/jln5911603631990435920/jln4845008861702759876/libnativewindow_awt.jnilib
0x000000015b34b000 	/Library/Java/JavaVirtualMachines/jdk1.8.0_65.jdk/Contents/Home/jre/lib/libjawt.dylib
0x000000015b36e000 	/private/var/folders/cv/bgpfnx5j4tv764jr13v1s2000000gn/T/jogamp_0000/file_cache/jln5911603631990435920/jln4845008861702759876/libnativewindow_macosx.jnilib
0x0000000014510000 	/usr/lib/libRosetta.dylib
0x000000015f936000 	/private/var/folders/cv/bgpfnx5j4tv764jr13v1s2000000gn/T/jogamp_0000/file_cache/jln5911603631990435920/jln4845008861702759876/libjogl_desktop.jnilib
0x000000015b55e000 	/Library/Java/JavaVirtualMachines/jdk1.8.0_65.jdk/Contents/Home/jre/lib/libsunec.dylib

VM Arguments:
jvm_args: -Djava.security.policy=java.policy.applet -Dfile.encoding=UTF-8 
java_command: sun.applet.AppletViewer module3.EarthquakeCityMap1656634036191.html
java_class_path (initial): /Users/ranjan/Library/CloudStorage/OneDrive-McGillUniversity/java/UCSDUnfoldingMaps/build:/Users/ranjan/Library/CloudStorage/OneDrive-McGillUniversity/java/UCSDUnfoldingMaps/lib/core.jar:/Users/ranjan/Library/CloudStorage/OneDrive-McGillUniversity/java/UCSDUnfoldingMaps/lib/gluegen-rt.jar:/Users/ranjan/Library/CloudStorage/OneDrive-McGillUniversity/java/UCSDUnfoldingMaps/lib/jogl-all.jar:/Users/ranjan/Library/CloudStorage/OneDrive-McGillUniversity/java/UCSDUnfoldingMaps/lib/log4j-1.2.15.jar:/Users/ranjan/Library/CloudStorage/OneDrive-McGillUniversity/java/UCSDUnfoldingMaps/lib/sqlite-jdbc-3.7.2.jar:/Users/ranjan/Library/CloudStorage/OneDrive-McGillUniversity/java/UCSDUnfoldingMaps/lib/json4processing.jar:/Users/ranjan/Library/CloudStorage/OneDrive-McGillUniversity/java/UCSDUnfoldingMaps/lib/libTUIO.jar:/Users/ranjan/Library/CloudStorage/OneDrive-McGillUniversity/java/UCSDUnfoldingMaps/lib/unfolding.0.9.7-uscd.jar
Launcher Type: SUN_STANDARD

Environment Variables:
PATH=/usr/bin:/bin:/usr/sbin:/sbin
SHELL=/bin/zsh

Signal Handlers:
SIGSEGV: [libjvm.dylib+0x5a6d31], sa_mask[0]=11111111111111111111111111111111, sa_flags=SA_ONSTACK|SA_RESTART|SA_SIGINFO
SIGBUS: [libjvm.dylib+0x5a6d31], sa_mask[0]=11111111111111111111111111111111, sa_flags=SA_RESTART|SA_SIGINFO
SIGFPE: [libjvm.dylib+0x480a40], sa_mask[0]=11111111111111111111111111111111, sa_flags=SA_RESTART|SA_SIGINFO
SIGPIPE: [libjvm.dylib+0x480a40], sa_mask[0]=11111111111111111111111111111111, sa_flags=SA_RESTART|SA_SIGINFO
SIGXFSZ: [libjvm.dylib+0x480a40], sa_mask[0]=11111111111111111111111111111111, sa_flags=SA_RESTART|SA_SIGINFO
SIGILL: [libjvm.dylib+0x480a40], sa_mask[0]=11111111111111111111111111111111, sa_flags=SA_RESTART|SA_SIGINFO
SIGUSR1: SIG_DFL, sa_mask[0]=00000000000000000000000000000000, sa_flags=none
SIGUSR2: [libjvm.dylib+0x48055e], sa_mask[0]=00100000000000000000000000000000, sa_flags=SA_RESTART|SA_SIGINFO
SIGHUP: [libjvm.dylib+0x47eb35], sa_mask[0]=11111111111111111111111111111111, sa_flags=SA_RESTART|SA_SIGINFO
SIGINT: [libjvm.dylib+0x47eb35], sa_mask[0]=11111111111111111111111111111111, sa_flags=SA_RESTART|SA_SIGINFO
SIGTERM: [libjvm.dylib+0x47eb35], sa_mask[0]=11111111111111111111111111111111, sa_flags=SA_RESTART|SA_SIGINFO
SIGQUIT: [libjvm.dylib+0x47eb35], sa_mask[0]=11111111111111111111111111111111, sa_flags=SA_RESTART|SA_SIGINFO


---------------  S Y S T E M  ---------------

OS:Bsduname:Darwin 21.5.0 Darwin Kernel Version 21.5.0: Tue Apr 26 21:08:29 PDT 2022; root:xnu-8020.121.3~4/RELEASE_ARM64_T8101 x86_64
rlimit: STACK 8176k, CORE 0k, NPROC 1333, NOFILE 10240, AS infinity
load average:2.60 2.87 2.90

CPU:total 8 (1 cores per cpu, 1 threads per core) family 6 model 44 stepping 0, cmov, cx8, fxsr, mmx, sse, sse2, sse3, ssse3, sse4.1, sse4.2, popcnt, aes, clmul, tsc, tscinvbit, tscinv

Memory: 4k page, physical 8388608k(40988k free)

/proc/meminfo:


vm_info: Java HotSpot(TM) 64-Bit Server VM (25.65-b01) for bsd-amd64 JRE (1.8.0_65-b17), built on Oct  6 2015 15:36:46 by "java_re" with gcc 4.2.1 (Based on Apple Inc. build 5658) (LLVM build 2336.11.00)

time: Thu Jun 30 20:07:32 2022
elapsed time: 14 seconds (0d 0h 0m 14s)

