#
# A fatal error has been detected by the Java Runtime Environment:
#
#  SIGSEGV (0xb) at pc=0x00007ff81b39071d, pid=22533, tid=259
#
# JRE version: Java(TM) SE Runtime Environment (8.0_65-b17) (build 1.8.0_65-b17)
# Java VM: Java HotSpot(TM) 64-Bit Server VM (25.65-b01 mixed mode bsd-amd64 compressed oops)
# Problematic frame:
# C  [libobjc.A.dylib+0x671d]  objc_msgSend+0x1d
#
# Failed to write core dump. Core dumps have been disabled. To enable core dumping, try "ulimit -c unlimited" before starting Java again
#
# If you would like to submit a bug report, please visit:
#   http://bugreport.java.com/bugreport/crash.jsp
# The crash happened outside the Java Virtual Machine in native code.
# See problematic frame for where to report the bug.
#

---------------  T H R E A D  ---------------

Current thread (0x00007fa1a59af800):  JavaThread "AWT-AppKit" daemon [_thread_in_native, id=259, stack(0x000000030c0d7000,0x000000030c8d7000)]

siginfo: si_signo: 11 (SIGSEGV), si_code: 1 (SEGV_MAPERR), si_addr: 0x00006db2d7c96ff8

Registers:
RAX=0x0000600003ee9ea0, RBX=0x000000015b4d4450, RCX=0x0000000000000000, RDX=0x0000000000000001
RSP=0x000000030c8d20b8, RBP=0x000000030c8d2170, RSI=0x00007ff835c3cf8f, RDI=0x0000600001d36fe0
R8 =0x0000000000000000, R9 =0x0000000008000100, R10=0x00006db2d7c96fe0, R11=0x00007ff835c3cf8f
R12=0x0000000000000000, R13=0x0000000160acc1d8, R14=0x000000015b4d4440, R15=0x00007fa1a59af800
RIP=0x00007ff81b39071d, EFLAGS=0x0000000000000247, ERR=0x0000000000000004
  TRAPNO=0x000000000000000e

Top of Stack: (sp=0x000000030c8d20b8)
0x000000030c8d20b8:   000000015b4d2157 000000030c8d2110
0x000000030c8d20c8:   0000000000000003 000000030c8d20f0
0x000000030c8d20d8:   000000010daf59a6 0000000160acc1d8
0x000000030c8d20e8:   0000000160acc1d8 0000600003ee9ea0
0x000000030c8d20f8:   000000015b4d46a0 000000015b4d4710
0x000000030c8d2108:   00007ff85e1c9928 00007ff85cf65bb0
0x000000030c8d2118:   000000015b4d4450 000000015b4d4690
0x000000030c8d2128:   0000600003ee9ea0 0000600001d36fe0
0x000000030c8d2138:   0000600001388cc0 0000600003ee9ea0
0x000000030c8d2148:   0000600001d36fe0 000000030c8d21f8
0x000000030c8d2158:   00007fa1a59af9f8 0000000160acc1d8
0x000000030c8d2168:   000000030c8d2220 000000030c8d21e8
0x000000030c8d2178:   000000010f774394 0000000160acc1d8
0x000000030c8d2188:   000000030c8d2220 000000030c8d21e8
0x000000030c8d2198:   000000010f774127 000000010f7740e2
0x000000030c8d21a8:   000000030c8d21a8 0000000160acc1d8
0x000000030c8d21b8:   000000030c8d2220 0000000160acee10
0x000000030c8d21c8:   0000000000000000 0000000160acc1d8
0x000000030c8d21d8:   0000000000000000 000000030c8d2208
0x000000030c8d21e8:   000000030c8d2268 000000010f766c4d
0x000000030c8d21f8:   0000000797f909b0 000000010f76e578
0x000000030c8d2208:   0000600003ee9ea0 000000030c8d2268
0x000000030c8d2218:   0000600001d36fe0 000000010f76fd82
0x000000030c8d2228:   000000030c8d2228 0000000160acc3a2
0x000000030c8d2238:   000000030c8d2290 0000000160acee10
0x000000030c8d2248:   0000000000000000 0000000160acc3b0
0x000000030c8d2258:   000000030c8d2208 000000030c8d2278
0x000000030c8d2268:   000000030c8d22d8 000000010f766c4d
0x000000030c8d2278:   0000600003ee9ea0 0000000797f99b18
0x000000030c8d2288:   0000600001d36fe0 0000000797f99b18
0x000000030c8d2298:   000000030c8d2298 0000000163f7b546
0x000000030c8d22a8:   000000030c8d22e8 0000000163f7b600 

Instructions: (pc=0x00007ff81b39071d)
0x00007ff81b3906fd:   44 00 00 48 85 ff 2e 74 72 40 f6 c7 01 2e 75 76
0x00007ff81b39070d:   49 ba f8 ff ff ff ff 7f 00 00 4c 23 17 49 89 f3
0x00007ff81b39071d:   45 23 5a 18 49 c1 e3 04 4d 03 5a 10 49 3b 33 75
0x00007ff81b39072d:   0a 4d 8b 5b 08 4d 31 d3 41 ff e3 49 83 3b 01 76 

Register to memory mapping:

RAX=0x0000600003ee9ea0 is an unknown value
RBX=0x000000015b4d4450: <offset 0x7450> in /private/var/folders/cv/bgpfnx5j4tv764jr13v1s2000000gn/T/jogamp_0000/file_cache/jln3462630084947016652/jln6153739408634130918/libnativewindow_macosx.jnilib at 0x000000015b4cd000
RCX=0x0000000000000000 is an unknown value
RDX=0x0000000000000001 is an unknown value
RSP=0x000000030c8d20b8 is pointing into the stack for thread: 0x00007fa1a59af800
RBP=0x000000030c8d2170 is pointing into the stack for thread: 0x00007fa1a59af800
RSI=0x00007ff835c3cf8f: <offset 0x1a8b2f8f> in /usr/lib/libobjc.A.dylib at 0x00007ff81b38a000
RDI=0x0000600001d36fe0 is an unknown value
R8 =0x0000000000000000 is an unknown value
R9 =0x0000000008000100 is an unknown value
R10=0x00006db2d7c96fe0 is an unknown value
R11=0x00007ff835c3cf8f: <offset 0x1a8b2f8f> in /usr/lib/libobjc.A.dylib at 0x00007ff81b38a000
R12=0x0000000000000000 is an unknown value
R13={method} {0x0000000160acc1d8} 'UnsetJAWTRootSurfaceLayer0' '(JJ)V' in 'jogamp/nativewindow/jawt/macosx/MacOSXJAWTWindow'
R14=0x000000015b4d4440: <offset 0x7440> in /private/var/folders/cv/bgpfnx5j4tv764jr13v1s2000000gn/T/jogamp_0000/file_cache/jln3462630084947016652/jln6153739408634130918/libnativewindow_macosx.jnilib at 0x000000015b4cd000
R15=0x00007fa1a59af800 is a thread


Stack: [0x000000030c0d7000,0x000000030c8d7000],  sp=0x000000030c8d20b8,  free space=8172k
Native frames: (J=compiled Java code, j=interpreted, Vv=VM code, C=native code)
C  [libobjc.A.dylib+0x671d]  objc_msgSend+0x1d
j  jogamp.nativewindow.jawt.macosx.MacOSXJAWTWindow.UnsetJAWTRootSurfaceLayer0(JJ)V+0
j  jogamp.nativewindow.jawt.macosx.MacOSXJAWTWindow.access$200(JJ)V+2
j  jogamp.nativewindow.jawt.macosx.MacOSXJAWTWindow$1.run()V+38
J 1800 C1 com.jogamp.common.util.RunnableTask.run()V (345 bytes) @ 0x000000010fde5e94 [0x000000010fde5d00+0x194]
v  ~StubRoutines::call_stub
V  [libjvm.dylib+0x2eab02]
V  [libjvm.dylib+0x321bab]
V  [libjvm.dylib+0x31437f]
C  [libnativewindow_macosx.jnilib+0x5326]  Java_jogamp_nativewindow_jawt_macosx_MacOSXJAWTWindow_UnsetJAWTRootSurfaceLayer0+0x2b6
C  [Foundation+0x81857]  __NSThreadPerformPerform+0xb3
C  [CoreFoundation+0x7fbca]  __CFRUNLOOP_IS_CALLING_OUT_TO_A_SOURCE0_PERFORM_FUNCTION__+0x11
C  [CoreFoundation+0x7fb32]  __CFRunLoopDoSource0+0xb4
C  [CoreFoundation+0x7f8b0]  __CFRunLoopDoSources0+0xf2
C  [CoreFoundation+0x7e2c0]  __CFRunLoopRun+0x37c
C  [CoreFoundation+0x7d884]  CFRunLoopRunSpecific+0x232
C  [HIToolbox+0x2fce6]  RunCurrentEventLoopInMode+0x124
C  [HIToolbox+0x2f913]  ReceiveNextEventCommon+0x11b
C  [HIToolbox+0x2f7e5]  _BlockUntilNextEventMatchingListInModeWithFilter+0x46
C  [AppKit+0x3e53d]  _DPSNextEvent+0x39f
C  [AppKit+0x3cbfa]  -[NSApplication(NSEvent) _nextEventMatchingEventMask:untilDate:inMode:dequeue:]+0x572
C  [libosxapp.dylib+0x23aa]  -[NSApplicationAWT nextEventMatchingMask:untilDate:inMode:dequeue:]+0x7c
C  [AppKit+0x2f2a9]  -[NSApplication run]+0x24a
C  [libosxapp.dylib+0x214d]  +[NSApplicationAWT runAWTLoopWithApp:]+0x9c
C  [libawt_lwawt.dylib+0x44517]  -[AWTStarter starter:]+0x389
C  [Foundation+0x81857]  __NSThreadPerformPerform+0xb3
C  [CoreFoundation+0x7fbca]  __CFRUNLOOP_IS_CALLING_OUT_TO_A_SOURCE0_PERFORM_FUNCTION__+0x11
C  [CoreFoundation+0x7fb32]  __CFRunLoopDoSource0+0xb4
C  [CoreFoundation+0x7f8b0]  __CFRunLoopDoSources0+0xf2
C  [CoreFoundation+0x7e2c0]  __CFRunLoopRun+0x37c
C  [CoreFoundation+0x7d884]  CFRunLoopRunSpecific+0x232
C  [java+0x6463]  CreateExecutionEnvironment+0x367
C  [java+0x21ac]  JLI_Launch+0x7a0
C  [java+0x84c0]  main+0x65
C  [java+0x1a04]  start+0x34
C  0x0000000000000007

Java frames: (J=compiled Java code, j=interpreted, Vv=VM code)
j  jogamp.nativewindow.jawt.macosx.MacOSXJAWTWindow.UnsetJAWTRootSurfaceLayer0(JJ)V+0
j  jogamp.nativewindow.jawt.macosx.MacOSXJAWTWindow.access$200(JJ)V+2
j  jogamp.nativewindow.jawt.macosx.MacOSXJAWTWindow$1.run()V+38
J 1800 C1 com.jogamp.common.util.RunnableTask.run()V (345 bytes) @ 0x000000010fde5e94 [0x000000010fde5d00+0x194]
v  ~StubRoutines::call_stub

---------------  P R O C E S S  ---------------

Java Threads: ( => current thread )
  0x00007fa1a4b35000 JavaThread "Thread-19" [_thread_blocked, id=91239, stack(0x000000030e8ef000,0x000000030e9ef000)]
  0x00007fa184ddc000 JavaThread "Image Fetcher 3" daemon [_thread_blocked, id=93443, stack(0x000000030f07f000,0x000000030f17f000)]
  0x00007fa1a5ae7800 JavaThread "Image Fetcher 2" daemon [_thread_blocked, id=93187, stack(0x000000030ef7c000,0x000000030f07c000)]
  0x00007fa184dd3800 JavaThread "Image Fetcher 1" daemon [_thread_blocked, id=169423, stack(0x000000030ee79000,0x000000030ef79000)]
  0x00007fa184dc5000 JavaThread "Image Fetcher 0" daemon [_thread_blocked, id=68847, stack(0x000000030ed76000,0x000000030ee76000)]
  0x00007fa184db9800 JavaThread "Keep-Alive-Timer" daemon [_thread_blocked, id=92839, stack(0x000000030ec73000,0x000000030ed73000)]
  0x00007fa1a5a39000 JavaThread "AWT-EventQueue-1" [_thread_in_native, id=69875, stack(0x000000030e6e1000,0x000000030e7e1000)]
  0x00007fa1a623a000 JavaThread "DestroyJavaVM" [_thread_blocked, id=9475, stack(0x000000030c95b000,0x000000030ca5b000)]
  0x00007fa184925800 JavaThread "AWT-EventQueue-0" [_thread_blocked, id=59919, stack(0x000000030e3d8000,0x000000030e4d8000)]
  0x00007fa1a6192000 JavaThread "Java2D Disposer" daemon [_thread_blocked, id=57871, stack(0x000000030e2d5000,0x000000030e3d5000)]
  0x00007fa1a6168800 JavaThread "Java2D Queue Flusher" daemon [_thread_blocked, id=53079, stack(0x000000030e1d2000,0x000000030e2d2000)]
  0x00007fa1a4835800 JavaThread "AWT-Shutdown" [_thread_blocked, id=33803, stack(0x000000030dda4000,0x000000030dea4000)]
=>0x00007fa1a59af800 JavaThread "AWT-AppKit" daemon [_thread_in_native, id=259, stack(0x000000030c0d7000,0x000000030c8d7000)]
  0x00007fa184815800 JavaThread "Service Thread" daemon [_thread_blocked, id=23047, stack(0x000000030db9e000,0x000000030dc9e000)]
  0x00007fa184815000 JavaThread "C1 CompilerThread3" daemon [_thread_blocked, id=42755, stack(0x000000030da9b000,0x000000030db9b000)]
  0x00007fa184811800 JavaThread "C2 CompilerThread2" daemon [_thread_blocked, id=22531, stack(0x000000030d998000,0x000000030da98000)]
  0x00007fa1a6057000 JavaThread "C2 CompilerThread1" daemon [_thread_blocked, id=22019, stack(0x000000030d895000,0x000000030d995000)]
  0x00007fa1a6055800 JavaThread "C2 CompilerThread0" daemon [_thread_blocked, id=15363, stack(0x000000030d792000,0x000000030d892000)]
  0x00007fa1a6042800 JavaThread "Signal Dispatcher" daemon [_thread_blocked, id=15107, stack(0x000000030d68f000,0x000000030d78f000)]
  0x00007fa1a603e800 JavaThread "Finalizer" daemon [_thread_blocked, id=17675, stack(0x000000030d47c000,0x000000030d57c000)]
  0x00007fa1a603d800 JavaThread "Reference Handler" daemon [_thread_blocked, id=17947, stack(0x000000030d379000,0x000000030d479000)]

Other Threads:
  0x00007fa1a603d000 VMThread [stack: 0x000000030d276000,0x000000030d376000] [id=12547]
  0x00007fa1a583c000 WatcherThread [stack: 0x000000030dca1000,0x000000030dda1000] [id=41991]

VM state:not at safepoint (normal execution)

VM Mutex/Monitor currently owned by a thread: None

Heap:
 PSYoungGen      total 38400K, used 24537K [0x0000000795580000, 0x000000079a080000, 0x00000007c0000000)
  eden space 33280K, 58% used [0x0000000795580000,0x0000000796879148,0x0000000797600000)
  from space 5120K, 99% used [0x0000000797b00000,0x0000000797ffd480,0x0000000798000000)
  to   space 5120K, 0% used [0x0000000797600000,0x0000000797600000,0x0000000797b00000)
 ParOldGen       total 87552K, used 10550K [0x0000000740000000, 0x0000000745580000, 0x0000000795580000)
  object space 87552K, 12% used [0x0000000740000000,0x0000000740a4dad0,0x0000000745580000)
 Metaspace       used 19246K, capacity 19513K, committed 19712K, reserved 1067008K
  class space    used 1917K, capacity 2019K, committed 2048K, reserved 1048576K

Card table byte_map: [0x000000010ce89000,0x000000010d28a000] byte_map_base: 0x0000000109489000

Marking Bits: (ParMarkBitMap*) 0x000000010e1e2e20
 Begin Bits: [0x000000011e75f000, 0x000000012075f000)
 End Bits:   [0x000000012075f000, 0x000000012275f000)

Polling page: 0x000000010c9b4000

CodeCache: size=245760Kb used=7137Kb max_used=7137Kb free=238622Kb
 bounds [0x000000010f75f000, 0x000000010fe5f000, 0x000000011e75f000]
 total_blobs=2789 nmethods=1915 adapters=788
 compilation: enabled

Compilation events (10 events):
Event: 8.582 Thread 0x00007fa184811800 1918       4       processing.opengl.Texture::contextIsOutdated (42 bytes)
Event: 8.583 Thread 0x00007fa184811800 nmethod 1918 0x000000010fe53310 code [0x000000010fe53460, 0x000000010fe53518]
Event: 8.592 Thread 0x00007fa184815000 1919       1       java.awt.Component::isEnabledImpl (5 bytes)
Event: 8.592 Thread 0x00007fa184815000 nmethod 1919 0x000000010fe53050 code [0x000000010fe531a0, 0x000000010fe532b0]
Event: 8.608 Thread 0x00007fa184815000 1920   !   3       sun.lwawt.LWComponentPeer::isShowing (49 bytes)
Event: 8.609 Thread 0x00007fa184815000 nmethod 1920 0x000000010fe58590 code [0x000000010fe58740, 0x000000010fe59028]
Event: 8.609 Thread 0x00007fa184815000 1922       3       java.awt.EventQueue::dispatchEventImpl (149 bytes)
Event: 8.610 Thread 0x00007fa184815000 nmethod 1922 0x000000010fe55890 code [0x000000010fe55c00, 0x000000010fe57b98]
Event: 8.610 Thread 0x00007fa184815000 1921       3       java.awt.EventQueue$3::run (60 bytes)
Event: 8.610 Thread 0x00007fa184815000 nmethod 1921 0x000000010fe54fd0 code [0x000000010fe55180, 0x000000010fe55658]

GC Heap History (4 events):
Event: 3.429 GC heap before
{Heap before GC invocations=1 (full 0):
 PSYoungGen      total 38400K, used 33280K [0x0000000795580000, 0x0000000798000000, 0x00000007c0000000)
  eden space 33280K, 100% used [0x0000000795580000,0x0000000797600000,0x0000000797600000)
  from space 5120K, 0% used [0x0000000797b00000,0x0000000797b00000,0x0000000798000000)
  to   space 5120K, 0% used [0x0000000797600000,0x0000000797600000,0x0000000797b00000)
 ParOldGen       total 87552K, used 0K [0x0000000740000000, 0x0000000745580000, 0x0000000795580000)
  object space 87552K, 0% used [0x0000000740000000,0x0000000740000000,0x0000000745580000)
 Metaspace       used 16183K, capacity 16393K, committed 16640K, reserved 1064960K
  class space    used 1662K, capacity 1729K, committed 1792K, reserved 1048576K
Event: 3.447 GC heap after
Heap after GC invocations=1 (full 0):
 PSYoungGen      total 38400K, used 5041K [0x0000000795580000, 0x0000000798000000, 0x00000007c0000000)
  eden space 33280K, 0% used [0x0000000795580000,0x0000000795580000,0x0000000797600000)
  from space 5120K, 98% used [0x0000000797600000,0x0000000797aec758,0x0000000797b00000)
  to   space 5120K, 0% used [0x0000000797b00000,0x0000000797b00000,0x0000000798000000)
 ParOldGen       total 87552K, used 0K [0x0000000740000000, 0x0000000745580000, 0x0000000795580000)
  object space 87552K, 0% used [0x0000000740000000,0x0000000740000000,0x0000000745580000)
 Metaspace       used 16183K, capacity 16393K, committed 16640K, reserved 1064960K
  class space    used 1662K, capacity 1729K, committed 1792K, reserved 1048576K
}
Event: 4.478 GC heap before
{Heap before GC invocations=2 (full 0):
 PSYoungGen      total 38400K, used 38321K [0x0000000795580000, 0x0000000798000000, 0x00000007c0000000)
  eden space 33280K, 100% used [0x0000000795580000,0x0000000797600000,0x0000000797600000)
  from space 5120K, 98% used [0x0000000797600000,0x0000000797aec758,0x0000000797b00000)
  to   space 5120K, 0% used [0x0000000797b00000,0x0000000797b00000,0x0000000798000000)
 ParOldGen       total 87552K, used 0K [0x0000000740000000, 0x0000000745580000, 0x0000000795580000)
  object space 87552K, 0% used [0x0000000740000000,0x0000000740000000,0x0000000745580000)
 Metaspace       used 18619K, capacity 18831K, committed 18944K, reserved 1067008K
  class space    used 1909K, capacity 1986K, committed 2048K, reserved 1048576K
Event: 4.495 GC heap after
Heap after GC invocations=2 (full 0):
 PSYoungGen      total 38400K, used 5109K [0x0000000795580000, 0x000000079a080000, 0x00000007c0000000)
  eden space 33280K, 0% used [0x0000000795580000,0x0000000795580000,0x0000000797600000)
  from space 5120K, 99% used [0x0000000797b00000,0x0000000797ffd480,0x0000000798000000)
  to   space 5120K, 0% used [0x0000000797600000,0x0000000797600000,0x0000000797b00000)
 ParOldGen       total 87552K, used 10550K [0x0000000740000000, 0x0000000745580000, 0x0000000795580000)
  object space 87552K, 12% used [0x0000000740000000,0x0000000740a4dad0,0x0000000745580000)
 Metaspace       used 18619K, capacity 18831K, committed 18944K, reserved 1067008K
  class space    used 1909K, capacity 1986K, committed 2048K, reserved 1048576K
}

Deoptimization events (7 events):
Event: 2.451 Thread 0x00007fa1a6240000 Uncommon trap: reason=unstable_if action=reinterpret pc=0x000000010f94e628 method=java.lang.String.toLowerCase(Ljava/util/Locale;)Ljava/lang/String; @ 85
Event: 2.731 Thread 0x00007fa1a63fe000 Uncommon trap: reason=unstable_if action=reinterpret pc=0x000000010f9c170c method=java.lang.String.indexOf([CII[CIII)I @ 3
Event: 2.732 Thread 0x00007fa1a63fe000 Uncommon trap: reason=unstable_if action=reinterpret pc=0x000000010f937840 method=java.lang.String.indexOf([CII[CIII)I @ 3
Event: 3.802 Thread 0x00007fa1a5a39000 Uncommon trap: reason=unstable_if action=reinterpret pc=0x000000010f928358 method=java.lang.AbstractStringBuilder.append(Ljava/lang/String;)Ljava/lang/AbstractStringBuilder; @ 1
Event: 3.962 Thread 0x00007fa1a5a39000 Uncommon trap: reason=unstable_if action=reinterpret pc=0x000000010fb13d3c method=com.jogamp.common.util.IntIntHashMap.get(I)I @ 28
Event: 4.375 Thread 0x00007fa1a5a39000 Uncommon trap: reason=unstable_if action=reinterpret pc=0x000000010fbe29bc method=processing.opengl.Texture.convertToRGBA([IIII)V @ 281
Event: 8.593 Thread 0x00007fa1a5a39000 Uncommon trap: reason=unstable_if action=reinterpret pc=0x000000010fc2bde8 method=com.jogamp.common.util.VersionNumber.compareTo(Lcom/jogamp/common/util/VersionNumber;)I @ 21

Internal exceptions (10 events):
Event: 0.286 Thread 0x00007fa1a5809000 Exception <a 'java/lang/NoSuchFieldError': method resolution failed> (0x0000000795843e70) thrown at [/Users/java_re/workspace/8-2-build-macosx-x86_64/jdk8u65/4987/hotspot/src/share/vm/prims/methodHandles.cpp, line 1146]
Event: 0.498 Thread 0x00007fa1a5809000 Exception <a 'java/io/FileNotFoundException'> (0x00000007958bfe28) thrown at [/Users/java_re/workspace/8-2-build-macosx-x86_64/jdk8u65/4987/hotspot/src/share/vm/prims/jni.cpp, line 709]
Event: 0.499 Thread 0x00007fa1a5809000 Exception <a 'java/io/FileNotFoundException'> (0x00000007959671d0) thrown at [/Users/java_re/workspace/8-2-build-macosx-x86_64/jdk8u65/4987/hotspot/src/share/vm/prims/jni.cpp, line 709]
Event: 0.528 Thread 0x00007fa1a5809000 Exception <a 'java/io/FileNotFoundException'> (0x00000007959b35c0) thrown at [/Users/java_re/workspace/8-2-build-macosx-x86_64/jdk8u65/4987/hotspot/src/share/vm/prims/jni.cpp, line 709]
Event: 0.617 Thread 0x00007fa1a5809000 Exception <a 'java/io/FileNotFoundException'> (0x00000007959f6060) thrown at [/Users/java_re/workspace/8-2-build-macosx-x86_64/jdk8u65/4987/hotspot/src/share/vm/prims/jni.cpp, line 709]
Event: 2.763 Thread 0x00007fa1a63fe000 Exception <a 'java/lang/UnsatisfiedLinkError': com.jogamp.common.util.JarUtil.fixNativeLibAttribs(Ljava/lang/String;)Z> (0x0000000796c07e70) thrown at [/Users/java_re/workspace/8-2-build-macosx-x86_64/jdk8u65/4987/hotspot/src/share/vm/prims/nativeLookup.c
Event: 3.449 Thread 0x00007fa1a603e800 Exception <a 'java/lang/NullPointerException'> (0x0000000795626bd8) thrown at [/Users/java_re/workspace/8-2-build-macosx-x86_64/jdk8u65/4987/hotspot/src/share/vm/interpreter/linkResolver.cpp, line 1178]
Event: 3.801 Thread 0x00007fa1a5a39000 Exception <a 'java/io/FileNotFoundException'> (0x0000000795ef1078) thrown at [/Users/java_re/workspace/8-2-build-macosx-x86_64/jdk8u65/4987/hotspot/src/share/vm/prims/jni.cpp, line 709]
Event: 3.801 Thread 0x00007fa1a5a39000 Exception <a 'java/io/FileNotFoundException'> (0x0000000795ef7fa8) thrown at [/Users/java_re/workspace/8-2-build-macosx-x86_64/jdk8u65/4987/hotspot/src/share/vm/prims/jni.cpp, line 709]
Event: 3.801 Thread 0x00007fa1a5a39000 Implicit null exception at 0x000000010f927ff5 to 0x000000010f928345

Events (10 events):
Event: 8.630 loading class com/jogamp/nativewindow/awt/JAWTWindow$JAWTComponentListener$2 done
Event: 8.630 loading class jogamp/nativewindow/jawt/macosx/MacOSXJAWTWindow$1
Event: 8.630 loading class jogamp/nativewindow/jawt/macosx/MacOSXJAWTWindow$1 done
Event: 8.631 loading class java/awt/LightweightDispatcher$2
Event: 8.631 loading class java/awt/LightweightDispatcher$2 done
Event: 8.631 loading class java/awt/event/AWTEventListenerProxy
Event: 8.631 loading class java/awt/event/AWTEventListenerProxy done
Event: 8.632 loading class java/awt/Toolkit$ToolkitEventMulticaster
Event: 8.632 loading class java/awt/Toolkit$ToolkitEventMulticaster done
Event: 8.633 Thread 0x00007fa1a618e800 Thread exited: 0x00007fa1a618e800


Dynamic libraries:
0x000000001b1dc000 	/System/Library/Frameworks/Cocoa.framework/Versions/A/Cocoa
0x000000001b1dc000 	/System/Library/Frameworks/AppKit.framework/Versions/C/AppKit
0x000000001b1dc000 	/System/Library/Frameworks/CoreData.framework/Versions/A/CoreData
0x000000001b1dc000 	/System/Library/Frameworks/Foundation.framework/Versions/C/Foundation
0x000000001b1dc000 	/usr/lib/libSystem.B.dylib
0x000000001b1dc000 	/System/Library/PrivateFrameworks/UIFoundation.framework/Versions/A/UIFoundation
0x000000001b1dc000 	/System/Library/PrivateFrameworks/RemoteViewServices.framework/Versions/A/RemoteViewServices
0x000000001b1dc000 	/System/Library/PrivateFrameworks/XCTTargetBootstrap.framework/Versions/A/XCTTargetBootstrap
0x000000001b1dc000 	/System/Library/PrivateFrameworks/InternationalSupport.framework/Versions/A/InternationalSupport
0x000000001b1dc000 	/System/Library/PrivateFrameworks/UserActivity.framework/Versions/A/UserActivity
0x000000001b1dc000 	/usr/lib/libspindump.dylib
0x000000001b1dc000 	/System/Library/Frameworks/UniformTypeIdentifiers.framework/Versions/A/UniformTypeIdentifiers
0x000000001b1dc000 	/usr/lib/libapp_launch_measurement.dylib
0x000000001b1dc000 	/System/Library/PrivateFrameworks/CoreAnalytics.framework/Versions/A/CoreAnalytics
0x000000001b1dc000 	/System/Library/PrivateFrameworks/CoreAutoLayout.framework/Versions/A/CoreAutoLayout
0x000000001b1dc000 	/System/Library/Frameworks/Metal.framework/Versions/A/Metal
0x000000001b1dc000 	/usr/lib/liblangid.dylib
0x000000001b1dc000 	/System/Library/PrivateFrameworks/CoreSVG.framework/Versions/A/CoreSVG
0x000000001b1dc000 	/System/Library/PrivateFrameworks/SkyLight.framework/Versions/A/SkyLight
0x000000001b1dc000 	/System/Library/Frameworks/CoreGraphics.framework/Versions/A/CoreGraphics
0x000000001b1dc000 	/System/Library/Frameworks/Accelerate.framework/Versions/A/Accelerate
0x000000001b1dc000 	/System/Library/PrivateFrameworks/IconServices.framework/Versions/A/IconServices
0x000000001b1dc000 	/System/Library/Frameworks/IOSurface.framework/Versions/A/IOSurface
0x000000001b1dc000 	/usr/lib/libDiagnosticMessagesClient.dylib
0x000000001b1dc000 	/usr/lib/libz.1.dylib
0x000000001b1dc000 	/System/Library/Frameworks/ApplicationServices.framework/Versions/A/ApplicationServices
0x000000001b1dc000 	/System/Library/PrivateFrameworks/DFRFoundation.framework/Versions/A/DFRFoundation
0x000000001b1dc000 	/usr/lib/libicucore.A.dylib
0x000000001b1dc000 	/System/Library/Frameworks/AudioToolbox.framework/Versions/A/AudioToolbox
0x000000001b1dc000 	/System/Library/PrivateFrameworks/DataDetectorsCore.framework/Versions/A/DataDetectorsCore
0x000000001b1dc000 	/System/Library/PrivateFrameworks/TextInput.framework/Versions/A/TextInput
0x000000001b1dc000 	/usr/lib/libMobileGestalt.dylib
0x000000001b1dc000 	/System/Library/Frameworks/Carbon.framework/Versions/A/Frameworks/HIToolbox.framework/Versions/A/HIToolbox
0x000000001b1dc000 	/System/Library/Frameworks/QuartzCore.framework/Versions/A/QuartzCore
0x000000001b1dc000 	/System/Library/Frameworks/Security.framework/Versions/A/Security
0x000000001b1dc000 	/System/Library/Frameworks/Carbon.framework/Versions/A/Frameworks/SpeechRecognition.framework/Versions/A/SpeechRecognition
0x000000001b1dc000 	/System/Library/PrivateFrameworks/CoreUI.framework/Versions/A/CoreUI
0x000000001b1dc000 	/System/Library/Frameworks/CoreAudio.framework/Versions/A/CoreAudio
0x000000001b1dc000 	/System/Library/Frameworks/DiskArbitration.framework/Versions/A/DiskArbitration
0x000000001b1dc000 	/System/Library/PrivateFrameworks/MultitouchSupport.framework/Versions/A/MultitouchSupport
0x000000001b1dc000 	/usr/lib/libenergytrace.dylib
0x000000001b1dc000 	/System/Library/Frameworks/IOKit.framework/Versions/A/IOKit
0x000000001b1dc000 	/System/Library/Frameworks/CoreServices.framework/Versions/A/CoreServices
0x000000001b1dc000 	/System/Library/PrivateFrameworks/PerformanceAnalysis.framework/Versions/A/PerformanceAnalysis
0x000000001b1dc000 	/System/Library/Frameworks/OpenGL.framework/Versions/A/OpenGL
0x000000001b1dc000 	/System/Library/PrivateFrameworks/MobileKeyBag.framework/Versions/A/MobileKeyBag
0x000000001b1dc000 	/usr/lib/libobjc.A.dylib
0x000000001b1dc000 	/System/Library/Frameworks/ColorSync.framework/Versions/A/ColorSync
0x000000001b1dc000 	/System/Library/Frameworks/CoreFoundation.framework/Versions/A/CoreFoundation
0x000000001b1dc000 	/System/Library/Frameworks/CoreImage.framework/Versions/A/CoreImage
0x000000001b1dc000 	/System/Library/Frameworks/CoreText.framework/Versions/A/CoreText
0x000000001b1dc000 	/System/Library/Frameworks/ImageIO.framework/Versions/A/ImageIO
0x000000001b1dc000 	/System/Library/PrivateFrameworks/SoftLinking.framework/Versions/A/SoftLinking
0x000000001b1dc000 	/usr/lib/libxml2.2.dylib
0x000000001b1dc000 	/usr/lib/libc++.1.dylib
0x000000001b1dc000 	/usr/lib/libcompression.dylib
0x000000001b1dc000 	/System/Library/PrivateFrameworks/TextureIO.framework/Versions/A/TextureIO
0x000000001b1dc000 	/usr/lib/libate.dylib
0x000000001b1dc000 	/usr/lib/system/libcache.dylib
0x000000001b1dc000 	/usr/lib/system/libcommonCrypto.dylib
0x000000001b1dc000 	/usr/lib/system/libcompiler_rt.dylib
0x000000001b1dc000 	/usr/lib/system/libcopyfile.dylib
0x000000001b1dc000 	/usr/lib/system/libcorecrypto.dylib
0x000000001b1dc000 	/usr/lib/system/libdispatch.dylib
0x000000001b1dc000 	/usr/lib/system/libdyld.dylib
0x000000001b1dc000 	/usr/lib/system/libkeymgr.dylib
0x000000001b1dc000 	/usr/lib/system/libmacho.dylib
0x000000001b1dc000 	/usr/lib/system/libquarantine.dylib
0x000000001b1dc000 	/usr/lib/system/libremovefile.dylib
0x000000001b1dc000 	/usr/lib/system/libsystem_asl.dylib
0x000000001b1dc000 	/usr/lib/system/libsystem_blocks.dylib
0x000000001b1dc000 	/usr/lib/system/libsystem_c.dylib
0x000000001b1dc000 	/usr/lib/system/libsystem_collections.dylib
0x000000001b1dc000 	/usr/lib/system/libsystem_configuration.dylib
0x000000001b1dc000 	/usr/lib/system/libsystem_containermanager.dylib
0x000000001b1dc000 	/usr/lib/system/libsystem_coreservices.dylib
0x000000001b1dc000 	/usr/lib/system/libsystem_darwin.dylib
0x000000001b1dc000 	/usr/lib/system/libsystem_dnssd.dylib
0x000000001b1dc000 	/usr/lib/system/libsystem_featureflags.dylib
0x000000001b1dc000 	/usr/lib/system/libsystem_info.dylib
0x000000001b1dc000 	/usr/lib/system/libsystem_m.dylib
0x000000001b1dc000 	/usr/lib/system/libsystem_malloc.dylib
0x000000001b1dc000 	/usr/lib/system/libsystem_networkextension.dylib
0x000000001b1dc000 	/usr/lib/system/libsystem_notify.dylib
0x000000001b1dc000 	/usr/lib/system/libsystem_product_info_filter.dylib
0x000000001b1dc000 	/usr/lib/system/libsystem_sandbox.dylib
0x000000001b1dc000 	/usr/lib/system/libsystem_secinit.dylib
0x000000001b1dc000 	/usr/lib/system/libsystem_kernel.dylib
0x000000001b1dc000 	/usr/lib/system/libsystem_platform.dylib
0x000000001b1dc000 	/usr/lib/system/libsystem_pthread.dylib
0x000000001b1dc000 	/usr/lib/system/libsystem_symptoms.dylib
0x000000001b1dc000 	/usr/lib/system/libsystem_trace.dylib
0x000000001b1dc000 	/usr/lib/system/libunwind.dylib
0x000000001b1dc000 	/usr/lib/system/libxpc.dylib
0x000000001b1dc000 	/usr/lib/libc++abi.dylib
0x000000001b1dc000 	/usr/lib/liboah.dylib
0x000000001b1dc000 	/usr/lib/liblzma.5.dylib
0x000000001b1dc000 	/System/Library/Frameworks/SystemConfiguration.framework/Versions/A/SystemConfiguration
0x000000001b1dc000 	/usr/lib/libfakelink.dylib
0x000000001b1dc000 	/System/Library/Frameworks/CFNetwork.framework/Versions/A/CFNetwork
0x000000001b1dc000 	/usr/lib/libarchive.2.dylib
0x000000001b1dc000 	/System/Library/PrivateFrameworks/AppleSystemInfo.framework/Versions/A/AppleSystemInfo
0x000000001b1dc000 	/usr/lib/libbsm.0.dylib
0x000000001b1dc000 	/usr/lib/libnetwork.dylib
0x000000001b1dc000 	/usr/lib/system/libkxld.dylib
0x000000001b1dc000 	/System/Library/PrivateFrameworks/IOMobileFramebuffer.framework/Versions/A/IOMobileFramebuffer
0x000000001b1dc000 	/usr/lib/libCoreEntitlements.dylib
0x000000001b1dc000 	/System/Library/PrivateFrameworks/AppleFSCompression.framework/Versions/A/AppleFSCompression
0x000000001b1dc000 	/usr/lib/libcoretls.dylib
0x000000001b1dc000 	/usr/lib/libcoretls_cfhelpers.dylib
0x000000001b1dc000 	/usr/lib/libpam.2.dylib
0x000000001b1dc000 	/usr/lib/libsqlite3.dylib
0x000000001b1dc000 	/usr/lib/libxar.1.dylib
0x000000001b1dc000 	/usr/lib/libbz2.1.0.dylib
0x000000001b1dc000 	/usr/lib/libpcap.A.dylib
0x000000001b1dc000 	/usr/lib/libdns_services.dylib
0x000000001b1dc000 	/usr/lib/libapple_nghttp2.dylib
0x000000001b1dc000 	/usr/lib/libiconv.2.dylib
0x000000001b1dc000 	/usr/lib/libcharset.1.dylib
0x000000001b1dc000 	/System/Library/Frameworks/CoreServices.framework/Versions/A/Frameworks/FSEvents.framework/Versions/A/FSEvents
0x000000001b1dc000 	/System/Library/Frameworks/CoreServices.framework/Versions/A/Frameworks/CarbonCore.framework/Versions/A/CarbonCore
0x000000001b1dc000 	/System/Library/Frameworks/CoreServices.framework/Versions/A/Frameworks/Metadata.framework/Versions/A/Metadata
0x000000001b1dc000 	/System/Library/Frameworks/CoreServices.framework/Versions/A/Frameworks/OSServices.framework/Versions/A/OSServices
0x000000001b1dc000 	/System/Library/Frameworks/CoreServices.framework/Versions/A/Frameworks/SearchKit.framework/Versions/A/SearchKit
0x000000001b1dc000 	/System/Library/Frameworks/CoreServices.framework/Versions/A/Frameworks/AE.framework/Versions/A/AE
0x000000001b1dc000 	/System/Library/Frameworks/CoreServices.framework/Versions/A/Frameworks/LaunchServices.framework/Versions/A/LaunchServices
0x000000001b1dc000 	/System/Library/Frameworks/CoreServices.framework/Versions/A/Frameworks/DictionaryServices.framework/Versions/A/DictionaryServices
0x000000001b1dc000 	/System/Library/Frameworks/CoreServices.framework/Versions/A/Frameworks/SharedFileList.framework/Versions/A/SharedFileList
0x000000001b1dc000 	/usr/lib/libCheckFix.dylib
0x000000001b1dc000 	/System/Library/PrivateFrameworks/TCC.framework/Versions/A/TCC
0x000000001b1dc000 	/System/Library/PrivateFrameworks/CoreNLP.framework/Versions/A/CoreNLP
0x000000001b1dc000 	/System/Library/PrivateFrameworks/MetadataUtilities.framework/Versions/A/MetadataUtilities
0x000000001b1dc000 	/usr/lib/libmecabra.dylib
0x000000001b1dc000 	/usr/lib/libmecab.dylib
0x000000001b1dc000 	/usr/lib/libCRFSuite.dylib
0x000000001b1dc000 	/usr/lib/libgermantok.dylib
0x000000001b1dc000 	/usr/lib/libThaiTokenizer.dylib
0x000000001b1dc000 	/System/Library/Frameworks/Accelerate.framework/Versions/A/Frameworks/vImage.framework/Versions/A/vImage
0x000000001b1dc000 	/System/Library/Frameworks/Accelerate.framework/Versions/A/Frameworks/vecLib.framework/Versions/A/vecLib
0x000000001b1dc000 	/System/Library/Frameworks/Accelerate.framework/Versions/A/Frameworks/vecLib.framework/Versions/A/libvMisc.dylib
0x000000001b1dc000 	/System/Library/Frameworks/Accelerate.framework/Versions/A/Frameworks/vecLib.framework/Versions/A/libvDSP.dylib
0x000000001b1dc000 	/System/Library/Frameworks/Accelerate.framework/Versions/A/Frameworks/vecLib.framework/Versions/A/libBLAS.dylib
0x000000001b1dc000 	/System/Library/Frameworks/Accelerate.framework/Versions/A/Frameworks/vecLib.framework/Versions/A/libLAPACK.dylib
0x000000001b1dc000 	/System/Library/Frameworks/Accelerate.framework/Versions/A/Frameworks/vecLib.framework/Versions/A/libLinearAlgebra.dylib
0x000000001b1dc000 	/System/Library/Frameworks/Accelerate.framework/Versions/A/Frameworks/vecLib.framework/Versions/A/libSparseBLAS.dylib
0x000000001b1dc000 	/System/Library/Frameworks/Accelerate.framework/Versions/A/Frameworks/vecLib.framework/Versions/A/libQuadrature.dylib
0x000000001b1dc000 	/System/Library/Frameworks/Accelerate.framework/Versions/A/Frameworks/vecLib.framework/Versions/A/libBNNS.dylib
0x000000001b1dc000 	/System/Library/Frameworks/Accelerate.framework/Versions/A/Frameworks/vecLib.framework/Versions/A/libSparse.dylib
0x000000001b1dc000 	/System/Library/PrivateFrameworks/LinguisticData.framework/Versions/A/LinguisticData
0x000000001b1dc000 	/System/Library/PrivateFrameworks/Lexicon.framework/Versions/A/Lexicon
0x000000001b1dc000 	/usr/lib/libChineseTokenizer.dylib
0x000000001b1dc000 	/System/Library/PrivateFrameworks/LanguageModeling.framework/Versions/A/LanguageModeling
0x000000001b1dc000 	/System/Library/PrivateFrameworks/AppleSauce.framework/Versions/A/AppleSauce
0x000000001b1dc000 	/System/Library/PrivateFrameworks/CoreEmoji.framework/Versions/A/CoreEmoji
0x000000001b1dc000 	/usr/lib/libcmph.dylib
0x000000001b1dc000 	/System/Library/Frameworks/OpenDirectory.framework/Versions/A/Frameworks/CFOpenDirectory.framework/Versions/A/CFOpenDirectory
0x000000001b1dc000 	/System/Library/Frameworks/OpenDirectory.framework/Versions/A/OpenDirectory
0x000000001b1dc000 	/System/Library/PrivateFrameworks/APFS.framework/Versions/A/APFS
0x000000001b1dc000 	/System/Library/Frameworks/SecurityFoundation.framework/Versions/A/SecurityFoundation
0x000000001b1dc000 	/usr/lib/libutil.dylib
0x000000001b1dc000 	/System/Library/PrivateFrameworks/CoreServicesStore.framework/Versions/A/CoreServicesStore
0x000000001b1dc000 	/usr/lib/libxslt.1.dylib
0x000000001b1dc000 	/System/Library/PrivateFrameworks/BackgroundTaskManagement.framework/Versions/A/BackgroundTaskManagement
0x000000001b1dc000 	/System/Library/Frameworks/ImageIO.framework/Versions/A/Resources/libRadiance.dylib
0x000000001b1dc000 	/System/Library/Frameworks/ImageIO.framework/Versions/A/Resources/libJPEG.dylib
0x000000001b1dc000 	/System/Library/Frameworks/ImageIO.framework/Versions/A/Resources/libPng.dylib
0x000000001b1dc000 	/System/Library/Frameworks/ImageIO.framework/Versions/A/Resources/libTIFF.dylib
0x000000001b1dc000 	/System/Library/Frameworks/ImageIO.framework/Versions/A/Resources/libGIF.dylib
0x000000001b1dc000 	/System/Library/Frameworks/ImageIO.framework/Versions/A/Resources/libJP2.dylib
0x000000001b1dc000 	/usr/lib/libexpat.1.dylib
0x000000001b1dc000 	/System/Library/PrivateFrameworks/AppleJPEG.framework/Versions/A/AppleJPEG
0x000000001b1dc000 	/System/Library/PrivateFrameworks/FontServices.framework/libFontParser.dylib
0x000000001b1dc000 	/System/Library/PrivateFrameworks/RunningBoardServices.framework/Versions/A/RunningBoardServices
0x000000001b1dc000 	/System/Library/PrivateFrameworks/IOSurfaceAccelerator.framework/Versions/A/IOSurfaceAccelerator
0x000000001b1dc000 	/System/Library/PrivateFrameworks/WatchdogClient.framework/Versions/A/WatchdogClient
0x000000001b1dc000 	/System/Library/Frameworks/CoreDisplay.framework/Versions/A/CoreDisplay
0x000000001b1dc000 	/System/Library/Frameworks/CoreMedia.framework/Versions/A/CoreMedia
0x000000001b1dc000 	/System/Library/PrivateFrameworks/IOAccelerator.framework/Versions/A/IOAccelerator
0x000000001b1dc000 	/System/Library/Frameworks/CoreVideo.framework/Versions/A/CoreVideo
0x000000001b1dc000 	/System/Library/Frameworks/MetalPerformanceShaders.framework/Versions/A/MetalPerformanceShaders
0x000000001b1dc000 	/System/Library/Frameworks/VideoToolbox.framework/Versions/A/VideoToolbox
0x000000001b1dc000 	/System/Library/PrivateFrameworks/BaseBoard.framework/Versions/A/BaseBoard
0x000000001b1dc000 	/System/Library/PrivateFrameworks/ProtocolBuffer.framework/Versions/A/ProtocolBuffer
0x000000001b1dc000 	/System/Library/PrivateFrameworks/GPUWrangler.framework/Versions/A/GPUWrangler
0x000000001b1dc000 	/System/Library/PrivateFrameworks/IOPresentment.framework/Versions/A/IOPresentment
0x000000001b1dc000 	/System/Library/PrivateFrameworks/DSExternalDisplay.framework/Versions/A/DSExternalDisplay
0x000000001b1dc000 	/System/Library/Frameworks/OpenGL.framework/Versions/A/Libraries/libCoreFSCache.dylib
0x000000001b1dc000 	/System/Library/PrivateFrameworks/GPUCompiler.framework/Versions/31001/Libraries/libGPUCompilerUtils.dylib
0x000000001b1dc000 	/System/Library/PrivateFrameworks/CMCaptureCore.framework/Versions/A/CMCaptureCore
0x000000001b1dc000 	/System/Library/PrivateFrameworks/AppServerSupport.framework/Versions/A/AppServerSupport
0x000000001b1dc000 	/System/Library/PrivateFrameworks/perfdata.framework/Versions/A/perfdata
0x000000001b1dc000 	/System/Library/PrivateFrameworks/AudioToolboxCore.framework/Versions/A/AudioToolboxCore
0x000000001b1dc000 	/System/Library/PrivateFrameworks/caulk.framework/Versions/A/caulk
0x000000001b1dc000 	/usr/lib/libAudioStatistics.dylib
0x000000001b1dc000 	/System/Library/PrivateFrameworks/SystemPolicy.framework/Versions/A/SystemPolicy
0x000000001b1dc000 	/usr/lib/libSMC.dylib
0x000000001b1dc000 	/System/Library/Frameworks/CoreMIDI.framework/Versions/A/CoreMIDI
0x000000001b1dc000 	/usr/lib/libAudioToolboxUtility.dylib
0x000000001b1dc000 	/System/Library/PrivateFrameworks/OSAServicesClient.framework/Versions/A/OSAServicesClient
0x000000001b1dc000 	/usr/lib/libperfcheck.dylib
0x000000001b1dc000 	/usr/lib/libmis.dylib
0x000000001b1dc000 	/System/Library/Frameworks/OpenGL.framework/Versions/A/Libraries/libGLU.dylib
0x000000001b1dc000 	/System/Library/Frameworks/OpenGL.framework/Versions/A/Libraries/libGFXShared.dylib
0x000000001b1dc000 	/System/Library/Frameworks/OpenGL.framework/Versions/A/Libraries/libGL.dylib
0x000000001b1dc000 	/System/Library/Frameworks/OpenGL.framework/Versions/A/Libraries/libGLImage.dylib
0x000000001b1dc000 	/System/Library/Frameworks/OpenGL.framework/Versions/A/Libraries/libCVMSPluginSupport.dylib
0x000000001b1dc000 	/System/Library/Frameworks/OpenGL.framework/Versions/A/Libraries/libCoreVMClient.dylib
0x000000001b1dc000 	/System/Library/Frameworks/MetalPerformanceShaders.framework/Versions/A/Frameworks/MPSCore.framework/Versions/A/MPSCore
0x000000001b1dc000 	/System/Library/Frameworks/MetalPerformanceShaders.framework/Versions/A/Frameworks/MPSImage.framework/Versions/A/MPSImage
0x000000001b1dc000 	/System/Library/Frameworks/MetalPerformanceShaders.framework/Versions/A/Frameworks/MPSNeuralNetwork.framework/Versions/A/MPSNeuralNetwork
0x000000001b1dc000 	/System/Library/Frameworks/MetalPerformanceShaders.framework/Versions/A/Frameworks/MPSMatrix.framework/Versions/A/MPSMatrix
0x000000001b1dc000 	/System/Library/Frameworks/MetalPerformanceShaders.framework/Versions/A/Frameworks/MPSRayIntersector.framework/Versions/A/MPSRayIntersector
0x000000001b1dc000 	/System/Library/Frameworks/MetalPerformanceShaders.framework/Versions/A/Frameworks/MPSNDArray.framework/Versions/A/MPSNDArray
0x000000001b1dc000 	/System/Library/Frameworks/MetalPerformanceShaders.framework/Versions/A/Frameworks/MPSFunctions.framework/Versions/A/MPSFunctions
0x000000001b1dc000 	/System/Library/PrivateFrameworks/MetalTools.framework/Versions/A/MetalTools
0x000000001b1dc000 	/System/Library/PrivateFrameworks/AggregateDictionary.framework/Versions/A/AggregateDictionary
0x000000001b1dc000 	/usr/lib/libIOReport.dylib
0x000000001b1dc000 	/System/Library/Frameworks/OpenCL.framework/Versions/A/OpenCL
0x000000001b1dc000 	/System/Library/PrivateFrameworks/FaceCore.framework/Versions/A/FaceCore
0x000000001b1dc000 	/System/Library/PrivateFrameworks/GraphVisualizer.framework/Versions/A/GraphVisualizer
0x000000001b1dc000 	/System/Library/PrivateFrameworks/FontServices.framework/Versions/A/FontServices
0x000000001b1dc000 	/System/Library/PrivateFrameworks/OTSVG.framework/Versions/A/OTSVG
0x000000001b1dc000 	/System/Library/Frameworks/ApplicationServices.framework/Versions/A/Frameworks/ATS.framework/Versions/A/Resources/libFontRegistry.dylib
0x000000001b1dc000 	/System/Library/PrivateFrameworks/FontServices.framework/libhvf.dylib
0x000000001b1dc000 	/System/Library/PrivateFrameworks/FontServices.framework/libXTFontStaticRegistryData.dylib
0x000000001b1dc000 	/System/Library/PrivateFrameworks/AppleVA.framework/Versions/A/AppleVA
0x000000001b1dc000 	/System/Library/Frameworks/ApplicationServices.framework/Versions/A/Frameworks/ATS.framework/Versions/A/ATS
0x000000001b1dc000 	/System/Library/Frameworks/ApplicationServices.framework/Versions/A/Frameworks/HIServices.framework/Versions/A/HIServices
0x000000001b1dc000 	/System/Library/Frameworks/ApplicationServices.framework/Versions/A/Frameworks/PrintCore.framework/Versions/A/PrintCore
0x000000001b1dc000 	/System/Library/Frameworks/ApplicationServices.framework/Versions/A/Frameworks/QD.framework/Versions/A/QD
0x000000001b1dc000 	/System/Library/Frameworks/ApplicationServices.framework/Versions/A/Frameworks/ColorSyncLegacy.framework/Versions/A/ColorSyncLegacy
0x000000001b1dc000 	/System/Library/Frameworks/ApplicationServices.framework/Versions/A/Frameworks/SpeechSynthesis.framework/Versions/A/SpeechSynthesis
0x000000001b1dc000 	/System/Library/Frameworks/ApplicationServices.framework/Versions/A/Frameworks/ATSUI.framework/Versions/A/ATSUI
0x000000001b1dc000 	/usr/lib/libcups.2.dylib
0x000000001b1dc000 	/System/Library/Frameworks/Kerberos.framework/Versions/A/Kerberos
0x000000001b1dc000 	/System/Library/Frameworks/GSS.framework/Versions/A/GSS
0x000000001b1dc000 	/usr/lib/libresolv.9.dylib
0x000000001b1dc000 	/System/Library/PrivateFrameworks/Heimdal.framework/Versions/A/Heimdal
0x000000001b1dc000 	/System/Library/Frameworks/Kerberos.framework/Versions/A/Libraries/libHeimdalProxy.dylib
0x000000001b1dc000 	/System/Library/Frameworks/Network.framework/Versions/A/Network
0x000000001b1dc000 	/usr/lib/libheimdal-asn1.dylib
0x000000001b1dc000 	/System/Library/PrivateFrameworks/CommonAuth.framework/Versions/A/CommonAuth
0x000000001b1dc000 	/System/Library/PrivateFrameworks/AudioSession.framework/Versions/A/AudioSession
0x000000001b1dc000 	/System/Library/PrivateFrameworks/MediaExperience.framework/Versions/A/MediaExperience
0x000000001b1dc000 	/System/Library/PrivateFrameworks/AudioSession.framework/libSessionUtility.dylib
0x000000001b1dc000 	/System/Library/PrivateFrameworks/AudioResourceArbitration.framework/Versions/A/AudioResourceArbitration
0x000000001b1dc000 	/System/Library/PrivateFrameworks/PowerLog.framework/Versions/A/PowerLog
0x000000001b1dc000 	/System/Library/PrivateFrameworks/IconFoundation.framework/Versions/A/IconFoundation
0x000000001b1dc000 	/System/Library/PrivateFrameworks/SpeechRecognitionCore.framework/Versions/A/SpeechRecognitionCore
0x000000010d904000 	/Library/Java/JavaVirtualMachines/jdk1.8.0_65.jdk/Contents/Home/jre/lib/server/libjvm.dylib
0x000000001b1dc000 	/usr/lib/libstdc++.6.dylib
0x000000010c9c1000 	/Library/Java/JavaVirtualMachines/jdk1.8.0_65.jdk/Contents/Home/jre/lib/libverify.dylib
0x000000010ca15000 	/Library/Java/JavaVirtualMachines/jdk1.8.0_65.jdk/Contents/Home/jre/lib/libjava.dylib
0x000000010c9f1000 	/Library/Java/JavaVirtualMachines/jdk1.8.0_65.jdk/Contents/Home/jre/lib/libzip.dylib
0x000000001b1dc000 	/System/Library/Frameworks/JavaRuntimeSupport.framework/Versions/A/JavaRuntimeSupport
0x000000001b1dc000 	/System/Library/Frameworks/Carbon.framework/Versions/A/Carbon
0x000000001b1dc000 	/System/Library/PrivateFrameworks/CoreSymbolication.framework/Versions/A/CoreSymbolication
0x000000001b1dc000 	/System/Library/Frameworks/Carbon.framework/Versions/A/Frameworks/CommonPanels.framework/Versions/A/CommonPanels
0x000000001b1dc000 	/System/Library/Frameworks/Carbon.framework/Versions/A/Frameworks/Help.framework/Versions/A/Help
0x000000001b1dc000 	/System/Library/Frameworks/Carbon.framework/Versions/A/Frameworks/ImageCapture.framework/Versions/A/ImageCapture
0x000000001b1dc000 	/System/Library/Frameworks/Carbon.framework/Versions/A/Frameworks/OpenScripting.framework/Versions/A/OpenScripting
0x000000001b1dc000 	/System/Library/Frameworks/Carbon.framework/Versions/A/Frameworks/Ink.framework/Versions/A/Ink
0x000000001b1dc000 	/System/Library/Frameworks/Carbon.framework/Versions/A/Frameworks/Print.framework/Versions/A/Print
0x000000001b1dc000 	/System/Library/Frameworks/Carbon.framework/Versions/A/Frameworks/SecurityHI.framework/Versions/A/SecurityHI
0x000000001b1dc000 	/System/Library/PrivateFrameworks/DebugSymbols.framework/Versions/A/DebugSymbols
0x0000000125132000 	/Library/Java/JavaVirtualMachines/jdk1.8.0_65.jdk/Contents/Home/jre/lib/libawt.dylib
0x0000000125350000 	/Library/Java/JavaVirtualMachines/jdk1.8.0_65.jdk/Contents/Home/jre/lib/libmlib_image.dylib
0x000000001b1dc000 	/System/Library/Frameworks/JavaNativeFoundation.framework/Versions/A/JavaNativeFoundation
0x00000001254d8000 	/Library/Java/JavaVirtualMachines/jdk1.8.0_65.jdk/Contents/Home/jre/lib/libawt_lwawt.dylib
0x00000001250c7000 	/Library/Java/JavaVirtualMachines/jdk1.8.0_65.jdk/Contents/Home/jre/lib/libosxapp.dylib
0x000000001b1dc000 	/System/Library/Frameworks/ExceptionHandling.framework/Versions/A/ExceptionHandling
0x000000001b1dc000 	/System/Library/PrivateFrameworks/CoreServicesInternal.framework/Versions/A/CoreServicesInternal
0x000000001b1dc000 	/System/Library/Frameworks/FileProvider.framework/Versions/A/FileProvider
0x000000001b1dc000 	/System/Library/Frameworks/Accounts.framework/Versions/A/Accounts
0x000000001b1dc000 	/System/Library/PrivateFrameworks/GenerationalStorage.framework/Versions/A/GenerationalStorage
0x000000001b1dc000 	/System/Library/PrivateFrameworks/SymptomDiagnosticReporter.framework/Versions/A/SymptomDiagnosticReporter
0x000000001b1dc000 	/System/Library/PrivateFrameworks/DesktopServicesPriv.framework/Versions/A/DesktopServicesPriv
0x000000001b1dc000 	/usr/lib/libsandbox.1.dylib
0x000000001b1dc000 	/System/Library/PrivateFrameworks/UserManagement.framework/Versions/A/UserManagement
0x000000001b1dc000 	/System/Library/PrivateFrameworks/NetAuth.framework/Versions/A/NetAuth
0x000000001b1dc000 	/System/Library/PrivateFrameworks/Sharing.framework/Versions/A/Sharing
0x000000001b1dc000 	/System/Library/PrivateFrameworks/login.framework/Versions/A/Frameworks/loginsupport.framework/Versions/A/loginsupport
0x000000001b1dc000 	/System/Library/PrivateFrameworks/Apple80211.framework/Versions/A/Apple80211
0x000000001b1dc000 	/System/Library/PrivateFrameworks/AuthKit.framework/Versions/A/AuthKit
0x000000001b1dc000 	/System/Library/PrivateFrameworks/CoreUtils.framework/Versions/A/CoreUtils
0x000000001b1dc000 	/System/Library/Frameworks/CoreWLAN.framework/Versions/A/CoreWLAN
0x000000001b1dc000 	/System/Library/Frameworks/IOBluetooth.framework/Versions/A/IOBluetooth
0x000000001b1dc000 	/System/Library/PrivateFrameworks/CoreWiFi.framework/Versions/A/CoreWiFi
0x000000001b1dc000 	/System/Library/PrivateFrameworks/FrontBoardServices.framework/Versions/A/FrontBoardServices
0x000000001b1dc000 	/System/Library/PrivateFrameworks/BoardServices.framework/Versions/A/BoardServices
0x000000001b1dc000 	/System/Library/PrivateFrameworks/AssertionServices.framework/Versions/A/AssertionServices
0x000000001b1dc000 	/System/Library/PrivateFrameworks/BackBoardServices.framework/Versions/A/BackBoardServices
0x000000001b1dc000 	/System/Library/PrivateFrameworks/CorePhoneNumbers.framework/Versions/A/CorePhoneNumbers
0x000000001b1dc000 	/System/Library/PrivateFrameworks/DiskManagement.framework/Versions/A/DiskManagement
0x000000001b1dc000 	/System/Library/PrivateFrameworks/AppleIDAuthSupport.framework/Versions/A/AppleIDAuthSupport
0x000000001b1dc000 	/System/Library/PrivateFrameworks/AAAFoundation.framework/Versions/A/AAAFoundation
0x000000001b1dc000 	/System/Library/PrivateFrameworks/KeychainCircle.framework/Versions/A/KeychainCircle
0x000000001b1dc000 	/System/Library/PrivateFrameworks/MediaKit.framework/Versions/A/MediaKit
0x000000001b1dc000 	/System/Library/Frameworks/DiscRecording.framework/Versions/A/DiscRecording
0x000000001b1dc000 	/usr/lib/libCoreStorage.dylib
0x000000001b1dc000 	/usr/lib/libcsfde.dylib
0x000000001b1dc000 	/System/Library/PrivateFrameworks/ProtectedCloudStorage.framework/Versions/A/ProtectedCloudStorage
0x000000001b1dc000 	/System/Library/PrivateFrameworks/EFILogin.framework/Versions/A/EFILogin
0x000000001b1dc000 	/System/Library/PrivateFrameworks/OctagonTrust.framework/Versions/A/OctagonTrust
0x000000001b1dc000 	/System/Library/PrivateFrameworks/CoreUtilsExtras.framework/Versions/A/CoreUtilsExtras
0x000000001b1dc000 	/System/Library/Frameworks/CoreBluetooth.framework/Versions/A/CoreBluetooth
0x000000001b1dc000 	/System/Library/Frameworks/AudioUnit.framework/Versions/A/AudioUnit
0x000000001b1dc000 	/usr/lib/libMatch.1.dylib
0x000000001b1dc000 	/System/Library/CoreServices/RawCamera.bundle/Contents/MacOS/RawCamera
0x000000001b1dc000 	/System/Library/PrivateFrameworks/MobileAsset.framework/Versions/A/MobileAsset
0x000000001b1dc000 	/System/Library/PrivateFrameworks/StreamingZip.framework/Versions/A/StreamingZip
0x000000001b1dc000 	/System/Library/PrivateFrameworks/CMPhoto.framework/Versions/A/CMPhoto
0x000000001b1dc000 	/System/Library/PrivateFrameworks/AppleVPA.framework/Versions/A/AppleVPA
0x000000001b1dc000 	/System/Library/Frameworks/MediaToolbox.framework/Versions/A/MediaToolbox
0x000000001b1dc000 	/System/Library/PrivateFrameworks/CoreAVCHD.framework/Versions/A/CoreAVCHD
0x000000001b1dc000 	/System/Library/Frameworks/MediaAccessibility.framework/Versions/A/MediaAccessibility
0x000000001b1dc000 	/System/Library/PrivateFrameworks/Mangrove.framework/Versions/A/Mangrove
0x000000001b1dc000 	/System/Library/PrivateFrameworks/AlgosScoreFramework.framework/Versions/A/AlgosScoreFramework
0x000000001b1dc000 	/System/Library/PrivateFrameworks/CoreAUC.framework/Versions/A/CoreAUC
0x000000001b1dc000 	/System/Library/Frameworks/Accelerate.framework/Versions/A/Frameworks/vImage.framework/Versions/A/Libraries/libCGInterfaces.dylib
0x0000000127638000 	/usr/lib/libobjc-trampolines.dylib
0x000000001b1dc000 	/System/Library/PrivateFrameworks/FamilyControls.framework/Versions/A/FamilyControls
0x000000001b1dc000 	/System/Library/PrivateFrameworks/CommerceKit.framework/Versions/A/Frameworks/CommerceCore.framework/Versions/A/CommerceCore
0x000000001b1dc000 	/System/Library/PrivateFrameworks/SystemAdministration.framework/Versions/A/SystemAdministration
0x000000001b1dc000 	/System/Library/PrivateFrameworks/AppContainer.framework/Versions/A/AppContainer
0x000000001b1dc000 	/System/Library/PrivateFrameworks/SecCodeWrapper.framework/Versions/A/SecCodeWrapper
0x000000001b1dc000 	/System/Library/PrivateFrameworks/CrashReporterSupport.framework/Versions/A/CrashReporterSupport
0x000000001b1dc000 	/System/Library/PrivateFrameworks/OSAnalytics.framework/Versions/A/OSAnalytics
0x000000001b1dc000 	/System/Library/PrivateFrameworks/Symbolication.framework/Versions/A/Symbolication
0x000000001b1dc000 	/System/Library/PrivateFrameworks/MallocStackLogging.framework/Versions/A/MallocStackLogging
0x000000001b1dc000 	/System/Library/PrivateFrameworks/login.framework/Versions/A/login
0x000000001b1dc000 	/System/Library/Frameworks/DirectoryService.framework/Versions/A/DirectoryService
0x000000001b1dc000 	/System/Library/PrivateFrameworks/DiskImages.framework/Versions/A/DiskImages
0x000000001b1dc000 	/System/Library/Frameworks/ServiceManagement.framework/Versions/A/ServiceManagement
0x000000001b1dc000 	/System/Library/PrivateFrameworks/LoginUIKit.framework/Versions/A/Frameworks/LoginUICore.framework/Versions/A/LoginUICore
0x000000001b1dc000 	/usr/lib/libodfde.dylib
0x000000001b1dc000 	/usr/lib/libcurl.4.dylib
0x000000001b1dc000 	/usr/lib/libcrypto.46.dylib
0x000000001b1dc000 	/usr/lib/libssl.48.dylib
0x000000001b1dc000 	/System/Library/Frameworks/LDAP.framework/Versions/A/LDAP
0x000000001b1dc000 	/System/Library/PrivateFrameworks/TrustEvaluationAgent.framework/Versions/A/TrustEvaluationAgent
0x000000001b1dc000 	/usr/lib/libsasl2.2.dylib
0x000000001b1dc000 	/System/Library/PrivateFrameworks/CoreDaemon.framework/Versions/B/CoreDaemon
0x000000001b1dc000 	/System/Library/PrivateFrameworks/AppleSRP.framework/Versions/A/AppleSRP
0x000000001b1dc000 	/System/Library/PrivateFrameworks/ViewBridge.framework/Versions/A/ViewBridge
0x000000001b1dc000 	/System/Library/PrivateFrameworks/AccessibilityBundles.framework/Versions/A/AccessibilityBundles
0x000000001b1dc000 	/System/Library/Frameworks/OpenGL.framework/Versions/A/Resources/GLEngine.bundle/GLEngine
0x000000001b1dc000 	/System/Library/Frameworks/OpenGL.framework/Versions/A/Libraries/libGLProgrammability.dylib
0x0000000128d29000 	/System/Library/Extensions/AppleMetalOpenGLRenderer.bundle/Contents/MacOS/AppleMetalOpenGLRenderer
0x000000001b1dc000 	/System/Library/Frameworks/OpenGL.framework/Versions/A/Resources/GLRendererFloat.bundle/GLRendererFloat
0x000000001b1dc000 	/System/Library/Extensions/AGXMetal13_3.bundle/Contents/MacOS/AGXMetal13_3
0x000000001b1dc000 	/System/Library/PrivateFrameworks/GPURawCounter.framework/Versions/A/GPURawCounter
0x000000001b1dc000 	/System/Library/PrivateFrameworks/IOGPU.framework/Versions/A/IOGPU
0x000000012908b000 	/Library/Java/JavaVirtualMachines/jdk1.8.0_65.jdk/Contents/Home/jre/lib/libfontmanager.dylib
0x000000012953d000 	/Library/Java/JavaVirtualMachines/jdk1.8.0_65.jdk/Contents/Home/jre/lib/libosxui.dylib
0x0000000129c02000 	/Library/Java/JavaVirtualMachines/jdk1.8.0_65.jdk/Contents/Home/jre/lib/libnet.dylib
0x0000000129c3d000 	/Library/Java/JavaVirtualMachines/jdk1.8.0_65.jdk/Contents/Home/jre/lib/libnio.dylib
0x000000015b47b000 	/private/var/folders/cv/bgpfnx5j4tv764jr13v1s2000000gn/T/jogamp_0000/file_cache/jln3462630084947016652/jln6153739408634130918/libgluegen-rt.jnilib
0x000000015b49c000 	/private/var/folders/cv/bgpfnx5j4tv764jr13v1s2000000gn/T/jogamp_0000/file_cache/jln3462630084947016652/jln6153739408634130918/libnativewindow_awt.jnilib
0x000000015b4a7000 	/Library/Java/JavaVirtualMachines/jdk1.8.0_65.jdk/Contents/Home/jre/lib/libjawt.dylib
0x000000015b4cd000 	/private/var/folders/cv/bgpfnx5j4tv764jr13v1s2000000gn/T/jogamp_0000/file_cache/jln3462630084947016652/jln6153739408634130918/libnativewindow_macosx.jnilib
0x0000000160d92000 	/private/var/folders/cv/bgpfnx5j4tv764jr13v1s2000000gn/T/jogamp_0000/file_cache/jln3462630084947016652/jln6153739408634130918/libjogl_desktop.jnilib
0x000000001b1dc000 	/usr/lib/libRosetta.dylib

VM Arguments:
jvm_args: -Djava.security.policy=java.policy.applet -Dfile.encoding=UTF-8 
java_command: sun.applet.AppletViewer module3.LifeExpectancyMap1650407403880.html
java_class_path (initial): /Users/ranjan/Library/CloudStorage/OneDrive-McGillUniversity/java/UCSDUnfoldingMaps/build:/Users/ranjan/Library/CloudStorage/OneDrive-McGillUniversity/java/UCSDUnfoldingMaps/lib/core.jar:/Users/ranjan/Library/CloudStorage/OneDrive-McGillUniversity/java/UCSDUnfoldingMaps/lib/gluegen-rt.jar:/Users/ranjan/Library/CloudStorage/OneDrive-McGillUniversity/java/UCSDUnfoldingMaps/lib/jogl-all.jar:/Users/ranjan/Library/CloudStorage/OneDrive-McGillUniversity/java/UCSDUnfoldingMaps/lib/log4j-1.2.15.jar:/Users/ranjan/Library/CloudStorage/OneDrive-McGillUniversity/java/UCSDUnfoldingMaps/lib/sqlite-jdbc-3.7.2.jar:/Users/ranjan/Library/CloudStorage/OneDrive-McGillUniversity/java/UCSDUnfoldingMaps/lib/json4processing.jar:/Users/ranjan/Library/CloudStorage/OneDrive-McGillUniversity/java/UCSDUnfoldingMaps/lib/libTUIO.jar:/Users/ranjan/Library/CloudStorage/OneDrive-McGillUniversity/java/UCSDUnfoldingMaps/lib/unfolding.0.9.7-uscd.jar
Launcher Type: SUN_STANDARD

Environment Variables:
PATH=/usr/bin:/bin:/usr/sbin:/sbin
SHELL=/bin/zsh

Signal Handlers:
SIGSEGV: [libjvm.dylib+0x5a6d31], sa_mask[0]=11111111111111111111111111111111, sa_flags=SA_ONSTACK|SA_RESTART|SA_SIGINFO
SIGBUS: [libjvm.dylib+0x5a6d31], sa_mask[0]=11111111111111111111111111111111, sa_flags=SA_RESTART|SA_SIGINFO
SIGFPE: [libjvm.dylib+0x480a40], sa_mask[0]=11111111111111111111111111111111, sa_flags=SA_RESTART|SA_SIGINFO
SIGPIPE: [libjvm.dylib+0x480a40], sa_mask[0]=11111111111111111111111111111111, sa_flags=SA_RESTART|SA_SIGINFO
SIGXFSZ: [libjvm.dylib+0x480a40], sa_mask[0]=11111111111111111111111111111111, sa_flags=SA_RESTART|SA_SIGINFO
SIGILL: [libjvm.dylib+0x480a40], sa_mask[0]=11111111111111111111111111111111, sa_flags=SA_RESTART|SA_SIGINFO
SIGUSR1: SIG_DFL, sa_mask[0]=00000000000000000000000000000000, sa_flags=none
SIGUSR2: [libjvm.dylib+0x48055e], sa_mask[0]=00100000000000000000000000000000, sa_flags=SA_RESTART|SA_SIGINFO
SIGHUP: [libjvm.dylib+0x47eb35], sa_mask[0]=11111111111111111111111111111111, sa_flags=SA_RESTART|SA_SIGINFO
SIGINT: [libjvm.dylib+0x47eb35], sa_mask[0]=11111111111111111111111111111111, sa_flags=SA_RESTART|SA_SIGINFO
SIGTERM: [libjvm.dylib+0x47eb35], sa_mask[0]=11111111111111111111111111111111, sa_flags=SA_RESTART|SA_SIGINFO
SIGQUIT: [libjvm.dylib+0x47eb35], sa_mask[0]=11111111111111111111111111111111, sa_flags=SA_RESTART|SA_SIGINFO


---------------  S Y S T E M  ---------------

OS:Bsduname:Darwin 21.4.0 Darwin Kernel Version 21.4.0: Fri Mar 18 00:47:26 PDT 2022; root:xnu-8020.101.4~15/RELEASE_ARM64_T8101 x86_64
rlimit: STACK 8176k, CORE 0k, NPROC 1333, NOFILE 10240, AS infinity
load average:3.28 3.51 3.63

CPU:total 8 (1 cores per cpu, 1 threads per core) family 6 model 44 stepping 0, cmov, cx8, fxsr, mmx, sse, sse2, sse3, ssse3, sse4.1, sse4.2, popcnt, aes, clmul, tsc, tscinvbit, tscinv

Memory: 4k page, physical 8388608k(24300k free)

/proc/meminfo:


vm_info: Java HotSpot(TM) 64-Bit Server VM (25.65-b01) for bsd-amd64 JRE (1.8.0_65-b17), built on Oct  6 2015 15:36:46 by "java_re" with gcc 4.2.1 (Based on Apple Inc. build 5658) (LLVM build 2336.11.00)

time: Tue Apr 19 18:30:12 2022
elapsed time: 8 seconds (0d 0h 0m 8s)

